epoch,loss,lr,val_loss
0,5.36105039921,0.0020000000949949026,3.08636981782
1,2.643553937,0.0020000000949949026,3.63817440993
2,2.48230921929,0.0020000000949949026,3.08806074979
3,2.38014699513,0.0020000000949949026,2.9837858097
4,2.29365896435,0.0020000000949949026,3.79895404768
5,2.24805038392,0.0020000000949949026,3.32348564707
6,2.18756991985,0.0020000000949949026,3.25562911024
7,2.15072141656,0.0020000000949949026,3.45813597661
8,2.04168456599,0.0004000000189989805,3.46454312152
9,2.01780226552,0.0004000000189989805,3.53087162525
10,1.99209427331,0.0004000000189989805,3.49931937097
11,1.96304435789,8.000000525498763e-05,3.30823089774
12,1.95965151678,8.000000525498763e-05,3.32954808927
13,1.95735475072,8.000000525498763e-05,3.29971967665
14,1.96204209995,1.9999999494757503e-05,3.33207821697
15,1.95230085185,1.9999999494757503e-05,3.34365054723
16,1.95743550747,1.9999999494757503e-05,3.35338320702
17,1.95926147111,1.9999999494757503e-05,3.36798791727
18,1.94937536391,1.9999999494757503e-05,3.31881350242
19,1.95147363286,1.9999999494757503e-05,3.36862960229
20,1.95951609581,1.9999999494757503e-05,3.3450513233
21,1.95530840734,1.9999999494757503e-05,3.31516955449
22,1.95618137161,1.9999999494757503e-05,3.33400495037
23,1.94861306764,1.9999999494757503e-05,3.32272546455
24,1.93725456964,1.9999999494757503e-05,3.33912583151
25,1.9449312651,1.9999999494757503e-05,3.32936729661
26,1.93879602473,1.9999999494757503e-05,3.34084641562
27,1.95120091846,1.9999999494757503e-05,3.31864076146
28,1.94988037581,1.9999999494757503e-05,3.33162124142
29,1.94955353819,1.9999999494757503e-05,3.34107979519
30,1.94655571899,1.9999999494757503e-05,3.32960688696
31,1.9403261712,1.9999999494757503e-05,3.33342076438
32,1.9422483888,1.9999999494757503e-05,3.34680134343
33,1.94155556938,1.9999999494757503e-05,3.34205058607
34,1.94629013421,1.9999999494757503e-05,3.35261430562
35,1.925009096,1.9999999494757503e-05,3.31716589422
36,1.94228994354,1.9999999494757503e-05,3.33964608167
37,1.93938648638,1.9999999494757503e-05,3.33816346706
38,1.9382975962,1.9999999494757503e-05,3.35943749838
39,1.94294738939,1.9999999494757503e-05,3.32139118099
40,1.9473632251,1.9999999494757503e-05,3.34383807609
41,1.95305784046,1.9999999494757503e-05,3.33868202202
42,1.94635162692,1.9999999494757503e-05,3.34120305412
43,1.93943327939,1.9999999494757503e-05,3.33578472871
44,1.92815137379,1.9999999494757503e-05,3.32734690981
45,1.93196665931,1.9999999494757503e-05,3.34420287535
46,1.92350533138,1.9999999494757503e-05,3.34379890109
47,1.93192357082,1.9999999494757503e-05,3.35753564081
48,1.92077537244,1.9999999494757503e-05,3.33301930814
49,1.92313994603,1.9999999494757503e-05,3.32564075771
50,1.92550676255,1.9999999494757503e-05,3.34899221785
51,1.93548068004,1.9999999494757503e-05,3.35558754887
52,1.93844330104,1.9999999494757503e-05,3.34331244887
53,1.93052209946,1.9999999494757503e-05,3.36549255506
54,1.93041366875,1.9999999494757503e-05,3.34780319614
55,1.93508331063,1.9999999494757503e-05,3.32586260298
56,1.92691070924,1.9999999494757503e-05,3.33660936554
57,1.92390047049,1.9999999494757503e-05,3.31859653358
58,1.92720184811,1.9999999494757503e-05,3.35010670129
59,1.92152842295,1.9999999494757503e-05,3.3332651856
60,1.9234224089,1.9999999494757503e-05,3.34725313226
61,1.91659561555,1.9999999494757503e-05,3.3324921374
62,1.92454532631,1.9999999494757503e-05,3.35410010641
63,1.9045675697,1.9999999494757503e-05,3.34907552259
64,1.9159443191,1.9999999494757503e-05,3.33215634491
65,1.91485459485,1.9999999494757503e-05,3.36117027901
66,1.92009700214,1.9999999494757503e-05,3.34372797032
67,1.91762094087,1.9999999494757503e-05,3.35388357079
68,1.91537309842,1.9999999494757503e-05,3.34174840118
69,1.92028436006,1.9999999494757503e-05,3.3623342514
70,1.92059437949,1.9999999494757503e-05,3.35580136523
71,1.91401492144,1.9999999494757503e-05,3.34930499031
72,1.91011139086,1.9999999494757503e-05,3.34751853328
73,1.92279967015,1.9999999494757503e-05,3.33325756711
74,1.91354641693,1.9999999494757503e-05,3.34604015469
75,1.90993628373,1.9999999494757503e-05,3.33720617631
76,1.92029820636,1.9999999494757503e-05,3.33738852439
77,1.91233363754,1.9999999494757503e-05,3.38511446856
78,1.91903731089,1.9999999494757503e-05,3.37654047647
79,1.9130741436,1.9999999494757503e-05,3.36134194237
80,1.89865562494,1.9999999494757503e-05,3.38036764783
81,1.89578206088,1.9999999494757503e-05,3.35613037197
82,1.91825918625,1.9999999494757503e-05,3.3512802015
83,1.9054190723,1.9999999494757503e-05,3.34249455914
84,1.91257258722,1.9999999494757503e-05,3.34141366744
85,1.91225816042,1.9999999494757503e-05,3.34218899772
86,1.91575803334,1.9999999494757503e-05,3.36420986013
87,1.90818610016,1.9999999494757503e-05,3.36373374764
88,1.91670659898,1.9999999494757503e-05,3.35585306092
89,1.90049429902,1.9999999494757503e-05,3.34212932963
90,1.90351744781,1.9999999494757503e-05,3.36432730582
91,1.90909256737,1.9999999494757503e-05,3.3473146165
92,1.89475421219,1.9999999494757503e-05,3.35838622908
93,1.90082339144,1.9999999494757503e-05,3.33851277258
94,1.90304564758,1.9999999494757503e-05,3.35558000771
95,1.90717973544,1.9999999494757503e-05,3.35089737858
96,1.90340536289,1.9999999494757503e-05,3.36339358233
97,1.91156302532,1.9999999494757503e-05,3.34944414052
98,1.91655592601,1.9999999494757503e-05,3.35850055599
99,1.90868658415,1.9999999494757503e-05,3.36497181319
100,1.90771033163,1.9999999494757503e-05,3.35092864562
101,1.89468169651,1.9999999494757503e-05,3.35724298176
102,1.90528295052,1.9999999494757503e-05,3.35425054011
103,1.8956017177,1.9999999494757503e-05,3.34595542737
104,1.90156763667,1.9999999494757503e-05,3.35399150948
105,1.89231806032,1.9999999494757503e-05,3.33241801351
106,1.90019036206,1.9999999494757503e-05,3.33938383015
107,1.90189283331,1.9999999494757503e-05,3.34696693083
108,1.89523486017,1.9999999494757503e-05,3.38700285473
109,1.89440863699,1.9999999494757503e-05,3.34571832332
110,1.89339652071,1.9999999494757503e-05,3.37810305201
111,1.89137575675,1.9999999494757503e-05,3.35416706287
112,1.89389449043,1.9999999494757503e-05,3.34962735801
113,1.88067148492,1.9999999494757503e-05,3.36802940805
114,1.88901683177,1.9999999494757503e-05,3.35360524858
115,1.89267682451,1.9999999494757503e-05,3.34295645276
116,1.89454698301,1.9999999494757503e-05,3.3498844684
117,1.89352242015,1.9999999494757503e-05,3.37526021827
118,1.89230393287,1.9999999494757503e-05,3.376429878
119,1.89144655431,1.9999999494757503e-05,3.36767061237
120,1.89099239971,1.9999999494757503e-05,3.36734995178
121,1.88364492272,1.9999999494757503e-05,3.40042236193
122,1.88381152935,1.9999999494757503e-05,3.35752995941
123,1.88484990659,1.9999999494757503e-05,3.38893881062
124,1.87649130331,1.9999999494757503e-05,3.36024162824
125,1.89115963102,1.9999999494757503e-05,3.36142481885
126,1.89062660091,1.9999999494757503e-05,3.36361875554
127,1.88541433969,1.9999999494757503e-05,3.38262811173
128,1.88653975315,1.9999999494757503e-05,3.35429382423
129,1.8863087947,1.9999999494757503e-05,3.36158009825
130,1.88543572671,1.9999999494757503e-05,3.3561606308
131,1.88216902094,1.9999999494757503e-05,3.36688139037
132,1.88217093769,1.9999999494757503e-05,3.3531216782
133,1.8868252723,1.9999999494757503e-05,3.39515720931
134,1.8770129157,1.9999999494757503e-05,3.38208528269
135,1.8812325645,1.9999999494757503e-05,3.38726166529
136,1.89410557631,1.9999999494757503e-05,3.34173257534
137,1.88586864346,1.9999999494757503e-05,3.39030166178
138,1.87911079992,1.9999999494757503e-05,3.3509276394
139,1.88420907931,1.9999999494757503e-05,3.36903299264
140,1.88772219085,1.9999999494757503e-05,3.37909180607
141,1.88246803703,1.9999999494757503e-05,3.39219923575
142,1.87687182591,1.9999999494757503e-05,3.3931199508
143,1.88754092718,1.9999999494757503e-05,3.3766027855
144,1.87935366787,1.9999999494757503e-05,3.40593678441
145,1.88272837138,1.9999999494757503e-05,3.3727636823
146,1.88101454417,1.9999999494757503e-05,3.35430119786
147,1.87012985002,1.9999999494757503e-05,3.39568634687
148,1.87324693392,1.9999999494757503e-05,3.38266550726
149,1.87996449807,1.9999999494757503e-05,3.40207679753
150,1.87966181433,1.9999999494757503e-05,3.39288971578
151,1.87036801089,1.9999999494757503e-05,3.36194228035
152,1.88094964467,1.9999999494757503e-05,3.40877976883
153,1.86624282099,1.9999999494757503e-05,3.38896438535
154,1.87558003417,1.9999999494757503e-05,3.37251386028
155,1.86224836104,1.9999999494757503e-05,3.40439447792
156,1.88108960411,1.9999999494757503e-05,3.39276661447
157,1.87370367012,1.9999999494757503e-05,3.35988710725
158,1.86596444028,1.9999999494757503e-05,3.39287639606
159,1.86901418045,1.9999999494757503e-05,3.38698184416
160,1.86704868252,1.9999999494757503e-05,3.38224443824
161,1.87559437421,1.9999999494757503e-05,3.39721876668
162,1.87169212103,1.9999999494757503e-05,3.3691938087
163,1.86779474689,1.9999999494757503e-05,3.36014477875
164,1.88080426429,1.9999999494757503e-05,3.38126033953
165,1.86388304728,1.9999999494757503e-05,3.38256856359
166,1.85460924224,1.9999999494757503e-05,3.38928245655
167,1.86976582383,1.9999999494757503e-05,3.40215117421
168,1.86027199751,1.9999999494757503e-05,3.36604898933
169,1.86906542803,1.9999999494757503e-05,3.3871533033
170,1.86356804228,1.9999999494757503e-05,3.39393075241
171,1.86409279953,1.9999999494757503e-05,3.37036119826
172,1.86622802458,1.9999999494757503e-05,3.39046849431
173,1.86528075772,1.9999999494757503e-05,3.39006281494
174,1.85627223707,1.9999999494757503e-05,3.41088364972
175,1.8717288405,1.9999999494757503e-05,3.34652009675
176,1.86568724128,1.9999999494757503e-05,3.39709391267
177,1.85961611953,1.9999999494757503e-05,3.41628838081
178,1.85286465817,1.9999999494757503e-05,3.37533343904
179,1.86962161518,1.9999999494757503e-05,3.36771411559
180,1.86324157409,1.9999999494757503e-05,3.37785769005
181,1.85743105366,1.9999999494757503e-05,3.35677599362
182,1.85275460453,1.9999999494757503e-05,3.37817812462
183,1.8527998582,1.9999999494757503e-05,3.36456385967
184,1.85439189054,1.9999999494757503e-05,3.38287148109
185,1.85238300168,1.9999999494757503e-05,3.38549859112
186,1.85050809629,1.9999999494757503e-05,3.4124992553
187,1.86116978309,1.9999999494757503e-05,3.38225725337
188,1.86034703688,1.9999999494757503e-05,3.43328252205
189,1.85429623056,1.9999999494757503e-05,3.36626966679
190,1.86395379794,1.9999999494757503e-05,3.42950838371
191,1.85920570041,1.9999999494757503e-05,3.42285517695
192,1.85521473385,1.9999999494757503e-05,3.37876440829
193,1.85247764265,1.9999999494757503e-05,3.4067607729
194,1.86485713702,1.9999999494757503e-05,3.37662062278
195,1.85174843714,1.9999999494757503e-05,3.37587628394
196,1.85839385352,1.9999999494757503e-05,3.40480514772
197,1.85120542199,1.9999999494757503e-05,3.41251772803
198,1.84894959631,1.9999999494757503e-05,3.41120814682
199,1.85768807605,1.9999999494757503e-05,3.35189397221
200,1.85540913803,1.9999999494757503e-05,3.40238649384
201,1.84551269575,1.9999999494757503e-05,3.43452022874
202,1.84287703312,1.9999999494757503e-05,3.36749278186
203,1.8563504532,1.9999999494757503e-05,3.40078999843
204,1.85482073595,1.9999999494757503e-05,3.40261775986
205,1.84661135979,1.9999999494757503e-05,3.416384349
206,1.84118658494,1.9999999494757503e-05,3.41564471608
207,1.85330998604,1.9999999494757503e-05,3.39770092835
208,1.84333114571,1.9999999494757503e-05,3.41392305636
209,1.84634394163,1.9999999494757503e-05,3.42410598624
210,1.84325431468,1.9999999494757503e-05,3.39469346187
211,1.85219322194,1.9999999494757503e-05,3.43188769208
212,1.8490877647,1.9999999494757503e-05,3.3842769948
213,1.84230898494,1.9999999494757503e-05,3.4199981164
214,1.85051363091,1.9999999494757503e-05,3.40658524825
215,1.83729038584,1.9999999494757503e-05,3.39585694156
216,1.84114610555,1.9999999494757503e-05,3.40267502097
217,1.83731252532,1.9999999494757503e-05,3.3785947881
218,1.83494765005,1.9999999494757503e-05,3.41102857748
219,1.83769172506,1.9999999494757503e-05,3.41982965806
220,1.84002788938,1.9999999494757503e-05,3.39891974396
221,1.84828391343,1.9999999494757503e-05,3.43657011897
222,1.84717981018,1.9999999494757503e-05,3.41748605102
223,1.83394691673,1.9999999494757503e-05,3.42979940803
224,1.83570738428,1.9999999494757503e-05,3.41728656852
225,1.82890380854,1.9999999494757503e-05,3.40863952716
226,1.83962717757,1.9999999494757503e-05,3.42292238918
227,1.84439347591,1.9999999494757503e-05,3.38477015148
228,1.83760932389,1.9999999494757503e-05,3.46856898627
229,1.8282515073,1.9999999494757503e-05,3.4057417015
230,1.82510286079,1.9999999494757503e-05,3.42178378036
231,1.8292661158,1.9999999494757503e-05,3.41241064785
232,1.83335841867,1.9999999494757503e-05,3.41091940656
233,1.82966515426,1.9999999494757503e-05,3.41670100555
234,1.8436543404,1.9999999494757503e-05,3.41946982643
235,1.82834208794,1.9999999494757503e-05,3.41915916157
236,1.83523099588,1.9999999494757503e-05,3.43192585293
237,1.83876338109,1.9999999494757503e-05,3.41058668624
238,1.83598584858,1.9999999494757503e-05,3.39567083232
239,1.83426886417,1.9999999494757503e-05,3.42580349777
240,1.81729728637,1.9999999494757503e-05,3.38517900316
241,1.83175440791,1.9999999494757503e-05,3.40991010388
242,1.83290129868,1.9999999494757503e-05,3.38892821909
243,1.8356421688,1.9999999494757503e-05,3.37108629806
244,1.8270846123,1.9999999494757503e-05,3.40496673505
245,1.82442911941,1.9999999494757503e-05,3.39363358075
246,1.83571653145,1.9999999494757503e-05,3.35960836173
247,1.83126271311,1.9999999494757503e-05,3.42429534809
248,1.80930859042,1.9999999494757503e-05,3.41745215692
249,1.82399078701,1.9999999494757503e-05,3.4167622707
250,1.82780598737,1.9999999494757503e-05,3.41649899512
251,1.81856167164,1.9999999494757503e-05,3.42223313841
252,1.81192937042,1.9999999494757503e-05,3.41377329579
253,1.82292602854,1.9999999494757503e-05,3.38388486414
254,1.83254252765,1.9999999494757503e-05,3.42004456193
255,1.83557687073,1.9999999494757503e-05,3.43830872871
256,1.83652445455,1.9999999494757503e-05,3.39727495019
257,1.82716094746,1.9999999494757503e-05,3.40802641173
258,1.82849380251,1.9999999494757503e-05,3.40421073898
259,1.82632434285,1.9999999494757503e-05,3.39771833539
260,1.82934850015,1.9999999494757503e-05,3.454902984
261,1.82787880175,1.9999999494757503e-05,3.39987039368
262,1.82281469488,1.9999999494757503e-05,3.4275016061
263,1.82208235889,1.9999999494757503e-05,3.39312151118
264,1.82360897301,1.9999999494757503e-05,3.39277839363
265,1.81464386502,1.9999999494757503e-05,3.38596963089
266,1.80788091352,1.9999999494757503e-05,3.40961317907
267,1.81448279311,1.9999999494757503e-05,3.44656379803
268,1.8164980086,1.9999999494757503e-05,3.40708319809
269,1.80698597585,1.9999999494757503e-05,3.42162016177
270,1.81399025637,1.9999999494757503e-05,3.45336458837
271,1.82037964592,1.9999999494757503e-05,3.39248526865
272,1.80760275009,1.9999999494757503e-05,3.4460955023
273,1.81314085156,1.9999999494757503e-05,3.39519113017
274,1.81321385078,1.9999999494757503e-05,3.41411951426
275,1.8215545022,1.9999999494757503e-05,3.39221812881
276,1.81120772052,1.9999999494757503e-05,3.44148367011
277,1.81071128438,1.9999999494757503e-05,3.39993366531
278,1.81108151938,1.9999999494757503e-05,3.38038892905
279,1.80857581629,1.9999999494757503e-05,3.40538270855
280,1.81619543143,1.9999999494757503e-05,3.39930394286
281,1.80830267066,1.9999999494757503e-05,3.39264318898
282,1.81366295915,1.9999999494757503e-05,3.40464939546
283,1.80797367546,1.9999999494757503e-05,3.4225518302
284,1.80127747962,1.9999999494757503e-05,3.42748228676
285,1.81346309764,1.9999999494757503e-05,3.39896796796
286,1.806875561,1.9999999494757503e-05,3.47504843892
287,1.80457034385,1.9999999494757503e-05,3.39979630746
288,1.79821630754,1.9999999494757503e-05,3.43138191556
289,1.79886216575,1.9999999494757503e-05,3.39423584591
290,1.80615722803,1.9999999494757503e-05,3.4353609095
291,1.81098043801,1.9999999494757503e-05,3.43685708373
292,1.80858347118,1.9999999494757503e-05,3.43541957237
293,1.80212253498,1.9999999494757503e-05,3.44430119382
294,1.80720872994,1.9999999494757503e-05,3.45694716606
295,1.80443749921,1.9999999494757503e-05,3.44709800236
296,1.80267532332,1.9999999494757503e-05,3.43073799308
297,1.79767720579,1.9999999494757503e-05,3.42941971479
298,1.80085951702,1.9999999494757503e-05,3.44337477258
299,1.80562111483,1.9999999494757503e-05,3.40301628172
300,1.80690759491,1.9999999494757503e-05,3.39023781418
301,1.80115729018,1.9999999494757503e-05,3.39185428421
302,1.79356774364,1.9999999494757503e-05,3.43865362076
303,1.80037824579,1.9999999494757503e-05,3.40382572816
304,1.79324923855,1.9999999494757503e-05,3.42897675588
305,1.80240036962,1.9999999494757503e-05,3.44751971279
306,1.79236270246,1.9999999494757503e-05,3.43802949644
307,1.79927004623,1.9999999494757503e-05,3.394674891
308,1.80984228486,1.9999999494757503e-05,3.42645790275
309,1.80230113762,1.9999999494757503e-05,3.43630044029
310,1.80307061199,1.9999999494757503e-05,3.43477251227
311,1.79580728667,1.9999999494757503e-05,3.43992576976
312,1.79859945413,1.9999999494757503e-05,3.43011764974
313,1.79805507676,1.9999999494757503e-05,3.42382459878
314,1.79342993643,1.9999999494757503e-05,3.48416930375
315,1.79904391508,1.9999999494757503e-05,3.4375158873
316,1.78800527695,1.9999999494757503e-05,3.42799872321
317,1.79520353103,1.9999999494757503e-05,3.42193269036
318,1.79616949499,1.9999999494757503e-05,3.43154807894
319,1.79525857232,1.9999999494757503e-05,3.4268950504
320,1.79493436635,1.9999999494757503e-05,3.40713693892
321,1.78586328213,1.9999999494757503e-05,3.38554596455
322,1.79175154321,1.9999999494757503e-05,3.41815726722
323,1.78703854217,1.9999999494757503e-05,3.44623554372
324,1.79771608575,1.9999999494757503e-05,3.38346095492
325,1.78982079751,1.9999999494757503e-05,3.40827930395
326,1.78946874291,1.9999999494757503e-05,3.42305465151
327,1.78584689626,1.9999999494757503e-05,3.42788972577
328,1.79074520253,1.9999999494757503e-05,3.42684793571
329,1.80489281474,1.9999999494757503e-05,3.42463550845
330,1.79848254255,1.9999999494757503e-05,3.40541623685
331,1.79255302789,1.9999999494757503e-05,3.46298391457
332,1.79102605937,1.9999999494757503e-05,3.42699002327
333,1.80385750392,1.9999999494757503e-05,3.4356792563
334,1.791014063,1.9999999494757503e-05,3.47588784382
335,1.79349423839,1.9999999494757503e-05,3.43043780376
336,1.78223213675,1.9999999494757503e-05,3.42636392716
337,1.78656786358,1.9999999494757503e-05,3.42341334111
338,1.77715920767,1.9999999494757503e-05,3.43688499506
339,1.7948502032,1.9999999494757503e-05,3.41596713235
340,1.79540278142,1.9999999494757503e-05,3.42816044139
341,1.77766303979,1.9999999494757503e-05,3.4814333648
342,1.78654337844,1.9999999494757503e-05,3.4621005207
343,1.7923733778,1.9999999494757503e-05,3.40652688774
344,1.78078081084,1.9999999494757503e-05,3.41378301295
345,1.79404421623,1.9999999494757503e-05,3.40936660568
346,1.78081379334,1.9999999494757503e-05,3.41754692657
347,1.77902243758,1.9999999494757503e-05,3.43055428983
348,1.77025419928,1.9999999494757503e-05,3.42471487259
349,1.78377321359,1.9999999494757503e-05,3.43189797431
350,1.7817728622,1.9999999494757503e-05,3.44701929548
351,1.78651624358,1.9999999494757503e-05,3.42025066562
352,1.77777946347,1.9999999494757503e-05,3.43382079487
353,1.78048019142,1.9999999494757503e-05,3.45535127933
354,1.77467760291,1.9999999494757503e-05,3.39890528221
355,1.78531491825,1.9999999494757503e-05,3.43315233758
356,1.78397687753,1.9999999494757503e-05,3.43207292795
357,1.79080046786,1.9999999494757503e-05,3.44259388085
358,1.78288584466,1.9999999494757503e-05,3.44279840632
359,1.77313840953,1.9999999494757503e-05,3.4306227799
360,1.76955041206,1.9999999494757503e-05,3.42987559094
361,1.76272980829,1.9999999494757503e-05,3.43120351601
362,1.77453253427,1.9999999494757503e-05,3.42338852278
363,1.77964100232,1.9999999494757503e-05,3.43121485998
364,1.7855351759,1.9999999494757503e-05,3.43064236294
365,1.77298280737,1.9999999494757503e-05,3.42904367467
366,1.77001961103,1.9999999494757503e-05,3.441090676
367,1.7744159806,1.9999999494757503e-05,3.44274226643
368,1.76539136952,1.9999999494757503e-05,3.42054457476
369,1.77007780021,1.9999999494757503e-05,3.45754670205
370,1.75761444675,1.9999999494757503e-05,3.41705043995
371,1.78126718132,1.9999999494757503e-05,3.41654191344
372,1.77547837062,1.9999999494757503e-05,3.44612608729
373,1.77488014626,1.9999999494757503e-05,3.45640739631
374,1.77932647326,1.9999999494757503e-05,3.41390785209
375,1.76947148985,1.9999999494757503e-05,3.46064989284
376,1.78122692552,1.9999999494757503e-05,3.41196667082
377,1.7735581504,1.9999999494757503e-05,3.44656837804
378,1.77113006082,1.9999999494757503e-05,3.39209950441
379,1.76737996456,1.9999999494757503e-05,3.39684455558
380,1.7770999132,1.9999999494757503e-05,3.43236585466
381,1.77379914288,1.9999999494757503e-05,3.41079255994
382,1.77276732145,1.9999999494757503e-05,3.41453030798
383,1.75783716174,1.9999999494757503e-05,3.41672372025
384,1.77587530964,1.9999999494757503e-05,3.44048205334
385,1.77507188139,1.9999999494757503e-05,3.46765564881
386,1.76840998003,1.9999999494757503e-05,3.42832703204
387,1.7628119524,1.9999999494757503e-05,3.46041157241
388,1.76016042159,1.9999999494757503e-05,3.42503211999
389,1.7628728745,1.9999999494757503e-05,3.46164166357
390,1.76611827699,1.9999999494757503e-05,3.45299673378
391,1.76966624283,1.9999999494757503e-05,3.43092593036
392,1.77290667322,1.9999999494757503e-05,3.44224414112
393,1.75774117788,1.9999999494757503e-05,3.40140220579
394,1.76248481359,1.9999999494757503e-05,3.41696618253
395,1.7768899951,1.9999999494757503e-05,3.4242416479
396,1.75241318795,1.9999999494757503e-05,3.41941040816
397,1.765840779,1.9999999494757503e-05,3.42779138529
398,1.76863473486,1.9999999494757503e-05,3.42345352034
399,1.77412579692,1.9999999494757503e-05,3.4291024446
400,1.77543593925,1.9999999494757503e-05,3.39769026941
401,1.76243272426,1.9999999494757503e-05,3.44032461083
402,1.76381535742,1.9999999494757503e-05,3.43578112001
403,1.76510187272,1.9999999494757503e-05,3.43258324383
404,1.75545136041,1.9999999494757503e-05,3.41587829689
405,1.76332834344,1.9999999494757503e-05,3.46185464125
406,1.76312108016,1.9999999494757503e-05,3.42818165619
407,1.76275838566,1.9999999494757503e-05,3.42904223424
408,1.76536264879,1.9999999494757503e-05,3.43529793725
409,1.76230187451,1.9999999494757503e-05,3.42374428196
410,1.75797499155,1.9999999494757503e-05,3.41096098458
411,1.75689607537,1.9999999494757503e-05,3.42446279724
412,1.75448988671,1.9999999494757503e-05,3.44985525326
413,1.75117784653,1.9999999494757503e-05,3.4280890556
414,1.74837580133,1.9999999494757503e-05,3.42680129291
415,1.75213906045,1.9999999494757503e-05,3.43173820214
416,1.75643838865,1.9999999494757503e-05,3.45224913341
417,1.74757923699,1.9999999494757503e-05,3.43691857193
418,1.75242912305,1.9999999494757503e-05,3.47132467282
419,1.75091379469,1.9999999494757503e-05,3.42585279937
420,1.75534965234,1.9999999494757503e-05,3.41570749402
421,1.75540229386,1.9999999494757503e-05,3.44939670246
422,1.75371627933,1.9999999494757503e-05,3.45798447821
423,1.75081713956,1.9999999494757503e-05,3.44565152329
424,1.75508164683,1.9999999494757503e-05,3.45967895425
425,1.75265460147,1.9999999494757503e-05,3.3992946936
426,1.743709801,1.9999999494757503e-05,3.43392823887
427,1.75562410825,1.9999999494757503e-05,3.44764875126
428,1.74768641267,1.9999999494757503e-05,3.43082908682
429,1.75370811007,1.9999999494757503e-05,3.44099083363
430,1.74469433895,1.9999999494757503e-05,3.45831354046
431,1.74888493061,1.9999999494757503e-05,3.39743227275
432,1.75187746186,1.9999999494757503e-05,3.42853927513
433,1.74574948384,1.9999999494757503e-05,3.46262043876
434,1.75242455832,1.9999999494757503e-05,3.4301819722
435,1.75030298654,1.9999999494757503e-05,3.45204176675
436,1.73936692466,1.9999999494757503e-05,3.42476970688
437,1.75808604169,1.9999999494757503e-05,3.44588040612
438,1.75387189007,1.9999999494757503e-05,3.46127537928
439,1.7620599499,1.9999999494757503e-05,3.42911938471
440,1.74738095591,1.9999999494757503e-05,3.43819218812
441,1.74260282416,1.9999999494757503e-05,3.44227675143
442,1.74739005795,1.9999999494757503e-05,3.43041868765
443,1.74218327124,1.9999999494757503e-05,3.42819347401
444,1.74346670379,1.9999999494757503e-05,3.44602172737
445,1.74745232451,1.9999999494757503e-05,3.42384390623
446,1.7528007649,1.9999999494757503e-05,3.44434007042
447,1.73909010958,1.9999999494757503e-05,3.44121205534
448,1.75365239865,1.9999999494757503e-05,3.43546082324
449,1.74822584804,1.9999999494757503e-05,3.40607315091
450,1.7537285747,1.9999999494757503e-05,3.45838850204
451,1.73769660716,1.9999999494757503e-05,3.44581406726
452,1.74918492287,1.9999999494757503e-05,3.43532263365
453,1.74500770057,1.9999999494757503e-05,3.41838600531
454,1.74054553531,1.9999999494757503e-05,3.44465049042
455,1.74643235411,1.9999999494757503e-05,3.43303245517
456,1.74043740016,1.9999999494757503e-05,3.43147501281
457,1.74361210998,1.9999999494757503e-05,3.42463818409
458,1.74043357908,1.9999999494757503e-05,3.45219853613
459,1.73961921051,1.9999999494757503e-05,3.46561462716
460,1.74213658332,1.9999999494757503e-05,3.41221755656
461,1.74803539109,1.9999999494757503e-05,3.42875915456
462,1.74874405314,1.9999999494757503e-05,3.40356182804
463,1.73464194807,1.9999999494757503e-05,3.42739759513
464,1.73598445447,1.9999999494757503e-05,3.47825336754
465,1.74158029488,1.9999999494757503e-05,3.43892570444
466,1.74169119716,1.9999999494757503e-05,3.42887548003
467,1.73957484655,1.9999999494757503e-05,3.45643499636
468,1.74799347298,1.9999999494757503e-05,3.45447024189
469,1.72394592175,1.9999999494757503e-05,3.46178819137
470,1.73700445379,1.9999999494757503e-05,3.43712938947
471,1.73144503849,1.9999999494757503e-05,3.44285055406
472,1.74126263438,1.9999999494757503e-05,3.41414698147
473,1.73615011427,1.9999999494757503e-05,3.43318216617
474,1.72932669132,1.9999999494757503e-05,3.46581654142
475,1.73146343349,1.9999999494757503e-05,3.46132419412
476,1.73585879533,1.9999999494757503e-05,3.44493116906
477,1.75176212412,1.9999999494757503e-05,3.42097372126
478,1.73191229457,1.9999999494757503e-05,3.4289181862
479,1.72722578107,1.9999999494757503e-05,3.44910012461
480,1.72459904896,1.9999999494757503e-05,3.47021521947
481,1.74017189025,1.9999999494757503e-05,3.45459039593
482,1.736253308,1.9999999494757503e-05,3.46074346396
483,1.74569606715,1.9999999494757503e-05,3.44922347376
484,1.73326021915,1.9999999494757503e-05,3.45513711699
485,1.72782768366,1.9999999494757503e-05,3.43543211289
486,1.7388585716,1.9999999494757503e-05,3.41060684823
487,1.73811934034,1.9999999494757503e-05,3.42998335019
488,1.74008799137,1.9999999494757503e-05,3.46541399272
489,1.73239790433,1.9999999494757503e-05,3.45405135878
490,1.72863701003,1.9999999494757503e-05,3.42703631118
491,1.72990013955,1.9999999494757503e-05,3.4248051118
492,1.72534263099,1.9999999494757503e-05,3.43232535225
493,1.74855319246,1.9999999494757503e-05,3.43504569932
494,1.72885019927,1.9999999494757503e-05,3.46129557298
495,1.72853740605,1.9999999494757503e-05,3.45485490771
496,1.71931139344,1.9999999494757503e-05,3.47346801916
497,1.726008595,1.9999999494757503e-05,3.44310212978
498,1.71752480985,1.9999999494757503e-05,3.42964337621
499,1.73204761268,1.9999999494757503e-05,3.45028890146
500,1.72277364664,1.9999999494757503e-05,3.44291761858
501,1.72397769057,1.9999999494757503e-05,3.40922133194
502,1.72587663824,1.9999999494757503e-05,3.41565173282
503,1.72333198803,1.9999999494757503e-05,3.46427097737
504,1.71749611777,1.9999999494757503e-05,3.43316984672
505,1.71953989785,1.9999999494757503e-05,3.42808437546
506,1.72651803988,1.9999999494757503e-05,3.45526239827
507,1.72309479169,1.9999999494757503e-05,3.45160771903
508,1.72123268778,1.9999999494757503e-05,3.44883872863
509,1.72871695732,1.9999999494757503e-05,3.43881947979
510,1.72772569128,1.9999999494757503e-05,3.45481141838
511,1.71271575843,1.9999999494757503e-05,3.44010795526
512,1.7294174493,1.9999999494757503e-05,3.46772537212
513,1.73258632836,1.9999999494757503e-05,3.48139541808
514,1.7148909916,1.9999999494757503e-05,3.50238242814
515,1.72687679119,1.9999999494757503e-05,3.45440260041
516,1.71052829116,1.9999999494757503e-05,3.42490592766
517,1.73615159261,1.9999999494757503e-05,3.46466576979
518,1.72318835022,1.9999999494757503e-05,3.48098441717
519,1.70819302852,1.9999999494757503e-05,3.46559443642
520,1.73245816559,1.9999999494757503e-05,3.47243682857
521,1.7286698948,1.9999999494757503e-05,3.45279950164
522,1.72406343245,1.9999999494757503e-05,3.47101490909
523,1.72340510215,1.9999999494757503e-05,3.43328702673
524,1.7088580953,1.9999999494757503e-05,3.43844299257
525,1.72360308882,1.9999999494757503e-05,3.42097905569
526,1.7218333944,1.9999999494757503e-05,3.42901835769
527,1.72274484928,1.9999999494757503e-05,3.43931253933
528,1.71316403565,1.9999999494757503e-05,3.44156804253
529,1.72566723613,1.9999999494757503e-05,3.4277139176
530,1.70973537136,1.9999999494757503e-05,3.43106697701
531,1.71926167258,1.9999999494757503e-05,3.44026628899
532,1.7102068592,1.9999999494757503e-05,3.43281153879
533,1.70740348597,1.9999999494757503e-05,3.43620083882
534,1.71340153953,1.9999999494757503e-05,3.4541942642
535,1.72382211335,1.9999999494757503e-05,3.44160558379
536,1.7098740104,1.9999999494757503e-05,3.43969816577
537,1.72604620446,1.9999999494757503e-05,3.44456660574
538,1.7092480027,1.9999999494757503e-05,3.41887792183
539,1.70394035568,1.9999999494757503e-05,3.48851704845
540,1.71298151914,1.9999999494757503e-05,3.46905657556
541,1.70773997689,1.9999999494757503e-05,3.48278770328
542,1.71841243477,1.9999999494757503e-05,3.42435873274
543,1.71513630679,1.9999999494757503e-05,3.43606912173
544,1.71272645866,1.9999999494757503e-05,3.48490460152
545,1.7079127628,1.9999999494757503e-05,3.44000702737
546,1.71434111893,1.9999999494757503e-05,3.46664853304
547,1.69978706168,1.9999999494757503e-05,3.46709153161
548,1.71867494099,1.9999999494757503e-05,3.47902216584
549,1.70692447297,1.9999999494757503e-05,3.43174205649
550,1.71161901771,1.9999999494757503e-05,3.49833701703
551,1.71131619482,1.9999999494757503e-05,3.42441653412
552,1.71225092187,1.9999999494757503e-05,3.44725836042
553,1.70278002165,1.9999999494757503e-05,3.47256208705
554,1.70189411522,1.9999999494757503e-05,3.51534252306
555,1.71743284408,1.9999999494757503e-05,3.46109880975
556,1.70600772001,1.9999999494757503e-05,3.45248182102
557,1.70370903831,1.9999999494757503e-05,3.47117266288
558,1.70702322941,1.9999999494757503e-05,3.44450779615
559,1.70783239933,1.9999999494757503e-05,3.48578733416
560,1.71343512159,1.9999999494757503e-05,3.50285762462
561,1.70469556845,1.9999999494757503e-05,3.45342991407
562,1.7061140816,1.9999999494757503e-05,3.48712133419
563,1.69769565753,1.9999999494757503e-05,3.49035846369
564,1.71148639068,1.9999999494757503e-05,3.46546356693
565,1.69679089106,1.9999999494757503e-05,3.47116836837
566,1.6965898065,1.9999999494757503e-05,3.47292097988
567,1.71056836349,1.9999999494757503e-05,3.43977973863
568,1.69678403082,1.9999999494757503e-05,3.45532798271
569,1.70380844925,1.9999999494757503e-05,3.48404194957
570,1.70800353901,1.9999999494757503e-05,3.46668155674
571,1.70351236949,1.9999999494757503e-05,3.44761009078
572,1.70485085792,1.9999999494757503e-05,3.42792958281
573,1.70209276403,1.9999999494757503e-05,3.45453746502
574,1.70525005578,1.9999999494757503e-05,3.45821622404
575,1.70254986028,1.9999999494757503e-05,3.46498904754
576,1.70761854721,1.9999999494757503e-05,3.44511292729
577,1.69788186181,1.9999999494757503e-05,3.45853071153
578,1.69458398656,1.9999999494757503e-05,3.47071497951
579,1.70110229665,1.9999999494757503e-05,3.49686091655
580,1.69778835668,1.9999999494757503e-05,3.47727239355
581,1.69948532692,1.9999999494757503e-05,3.46131084069
582,1.6999883372,1.9999999494757503e-05,3.46499942097
583,1.70315024183,1.9999999494757503e-05,3.49231088385
584,1.70312018195,1.9999999494757503e-05,3.4640538063
585,1.70469408457,1.9999999494757503e-05,3.4820352701
586,1.70142660569,1.9999999494757503e-05,3.44977647202
587,1.70558326494,1.9999999494757503e-05,3.47052796021
588,1.69050581742,1.9999999494757503e-05,3.40959620327
589,1.69487627541,1.9999999494757503e-05,3.48692795541
590,1.70084542275,1.9999999494757503e-05,3.4897721126
591,1.70182601041,1.9999999494757503e-05,3.43142808748
592,1.70519233968,1.9999999494757503e-05,3.4955963226
593,1.69376969548,1.9999999494757503e-05,3.46397633959
594,1.7012818056,1.9999999494757503e-05,3.46779046188
595,1.7128235673,1.9999999494757503e-05,3.46889782646
596,1.68411040652,1.9999999494757503e-05,3.47495367126
597,1.69603458726,1.9999999494757503e-05,3.41989551215
598,1.69466440621,1.9999999494757503e-05,3.44616668586
599,1.69138569145,1.9999999494757503e-05,3.45027572945
