epoch,loss,lr,val_loss
0,25.5014476951,0.0020000000949949026,31.0549232433
1,6.00380613516,0.0020000000949949026,31.2522585813
2,4.14901333414,0.0020000000949949026,23.7225039487
3,3.64224368749,0.0020000000949949026,10.6560347478
4,3.56309567266,0.0020000000949949026,3.18484523931
5,2.83662971559,0.0020000000949949026,2.49402540617
6,3.10835359559,0.0020000000949949026,4.19727525772
7,3.04890030906,0.0020000000949949026,3.23883800035
8,2.75487036408,0.0020000000949949026,2.8243189389
9,2.67740845942,0.0020000000949949026,2.87238497911
10,2.40111866189,0.0004000000189989805,2.58054453415
11,2.65770190801,0.0004000000189989805,2.74253427897
12,2.45851745885,0.0004000000189989805,2.68384113307
13,2.2901895544,8.000000525498763e-05,2.5709805113
14,2.45560987266,8.000000525498763e-05,2.5692175771
15,2.68601118339,8.000000525498763e-05,2.53557574887
16,1.97838484062,1.9999999494757503e-05,2.51346913114
17,2.21604394607,1.9999999494757503e-05,2.53188371529
18,2.41376152274,1.9999999494757503e-05,2.54423275912
19,2.6010402131,1.9999999494757503e-05,2.53210490058
20,2.27764092872,1.9999999494757503e-05,2.5337167502
21,2.30083691331,1.9999999494757503e-05,2.54096893312
22,2.28142467523,1.9999999494757503e-05,2.50785160216
23,2.20225433203,1.9999999494757503e-05,2.52246427883
24,2.28043366876,1.9999999494757503e-05,2.51279900982
25,2.42885509996,1.9999999494757503e-05,2.51456171216
26,2.3832051468,1.9999999494757503e-05,2.50617137399
27,2.16489056091,1.9999999494757503e-05,2.50121946672
28,2.45250411435,1.9999999494757503e-05,2.51071070358
29,2.42314569592,1.9999999494757503e-05,2.5075589624
30,2.33633661619,1.9999999494757503e-05,2.51238620188
31,2.21312002123,1.9999999494757503e-05,2.52544541605
32,2.12962798758,1.9999999494757503e-05,2.51763400073
33,2.36402338503,1.9999999494757503e-05,2.49471032414
34,2.38300726134,1.9999999494757503e-05,2.51170024857
35,2.32901336859,1.9999999494757503e-05,2.50672464755
36,2.16388360572,1.9999999494757503e-05,2.54103417472
37,2.23791720273,1.9999999494757503e-05,2.5193007331
38,2.43451196632,1.9999999494757503e-05,2.52757714496
39,2.33011292538,1.9999999494757503e-05,2.50102397299
40,2.32153920595,1.9999999494757503e-05,2.50883131892
41,2.50592400303,1.9999999494757503e-05,2.52606692696
42,2.37944688203,1.9999999494757503e-05,2.52706587287
43,2.66322395391,1.9999999494757503e-05,2.54305173692
44,2.29300186049,1.9999999494757503e-05,2.52688816484
45,2.09907138129,1.9999999494757503e-05,2.54306294102
46,2.22647561433,1.9999999494757503e-05,2.55393790434
47,2.46170943124,1.9999999494757503e-05,2.5350528351
48,2.36378492573,1.9999999494757503e-05,2.51690099024
49,2.44043335548,1.9999999494757503e-05,2.50368813651
50,2.45928480424,1.9999999494757503e-05,2.54762719823
51,2.02220880723,1.9999999494757503e-05,2.52737090064
52,2.36754665445,1.9999999494757503e-05,2.50341188472
53,2.45861516593,1.9999999494757503e-05,2.52511932738
54,2.45336309545,1.9999999494757503e-05,2.52872836434
55,2.06750653952,1.9999999494757503e-05,2.55638234281
56,2.15398909495,1.9999999494757503e-05,2.52870669303
57,2.42879713673,1.9999999494757503e-05,2.51454849482
58,2.14805136681,1.9999999494757503e-05,2.49789703589
59,2.1965817427,1.9999999494757503e-05,2.52231731806
60,2.23314054283,1.9999999494757503e-05,2.53654110419
61,2.20621474933,1.9999999494757503e-05,2.56047457323
62,2.12695595022,1.9999999494757503e-05,2.53963701196
63,2.19223327602,1.9999999494757503e-05,2.53306537076
64,2.26937021004,1.9999999494757503e-05,2.57112049629
65,2.47895448461,1.9999999494757503e-05,2.52969181411
66,2.52055451547,1.9999999494757503e-05,2.52907012085
67,2.38084217568,1.9999999494757503e-05,2.51857455581
68,2.37613695445,1.9999999494757503e-05,2.53413429667
69,2.16041375386,1.9999999494757503e-05,2.49475227445
70,2.26934022694,1.9999999494757503e-05,2.50905410429
71,2.29547049973,1.9999999494757503e-05,2.52866249119
72,2.42098899551,1.9999999494757503e-05,2.54706026987
73,2.26289136462,1.9999999494757503e-05,2.5388657222
74,2.3393007268,1.9999999494757503e-05,2.53016436823
75,2.43961736134,1.9999999494757503e-05,2.58163203665
76,2.46660616066,1.9999999494757503e-05,2.57974633838
77,1.94247902793,1.9999999494757503e-05,2.55894004571
78,2.38580186463,1.9999999494757503e-05,2.53295186105
79,2.12773850549,1.9999999494757503e-05,2.51005531521
80,2.51243934352,1.9999999494757503e-05,2.54327286989
81,2.32772418868,1.9999999494757503e-05,2.55444515486
82,2.2975876113,1.9999999494757503e-05,2.52931026575
83,2.14606985242,1.9999999494757503e-05,2.52766971074
84,2.17573407281,1.9999999494757503e-05,2.51894120141
85,2.233044206,1.9999999494757503e-05,2.53948057614
86,2.24245034557,1.9999999494757503e-05,2.5504890879
87,2.27441134121,1.9999999494757503e-05,2.55447866741
88,2.38030901671,1.9999999494757503e-05,2.55568925682
89,2.19475808423,1.9999999494757503e-05,2.54042844143
90,2.30631427014,1.9999999494757503e-05,2.55018004645
91,2.37130466442,1.9999999494757503e-05,2.55927095031
92,2.34206886082,1.9999999494757503e-05,2.54664295267
93,2.31102790937,1.9999999494757503e-05,2.53969658775
94,2.2485314743,1.9999999494757503e-05,2.54913826769
95,2.13282317382,1.9999999494757503e-05,2.62833243361
96,2.05517507036,1.9999999494757503e-05,2.604443783
97,2.23308231106,1.9999999494757503e-05,2.55496166651
98,2.30682082753,1.9999999494757503e-05,2.55600314351
99,2.03502951584,1.9999999494757503e-05,2.50946946608
100,2.30167261126,1.9999999494757503e-05,2.51907356573
101,2.25814287566,1.9999999494757503e-05,2.52946064639
102,2.30642092272,1.9999999494757503e-05,2.55817992294
103,2.1160192708,1.9999999494757503e-05,2.53785609745
104,2.46248560511,1.9999999494757503e-05,2.56110283116
105,2.09876127732,1.9999999494757503e-05,2.54081759063
106,2.39506487641,1.9999999494757503e-05,2.51478440426
107,2.26354617339,1.9999999494757503e-05,2.49914767362
108,1.97744627401,1.9999999494757503e-05,2.49701190611
109,2.04192347492,1.9999999494757503e-05,2.49823405424
110,2.12194281969,1.9999999494757503e-05,2.54798864408
111,2.23358622051,1.9999999494757503e-05,2.53677162786
112,2.31813947098,1.9999999494757503e-05,2.54927992906
113,2.1125172691,1.9999999494757503e-05,2.5302503146
114,2.11735006217,1.9999999494757503e-05,2.55291430239
115,2.26751483928,1.9999999494757503e-05,2.567282343
116,2.15505310991,1.9999999494757503e-05,2.56994546957
117,2.18544129487,1.9999999494757503e-05,2.5562096103
118,2.33908045248,1.9999999494757503e-05,2.53571916331
119,2.35739230236,1.9999999494757503e-05,2.53909612362
120,2.27755614515,1.9999999494757503e-05,2.53649918755
121,2.71855819269,1.9999999494757503e-05,2.568262263
122,2.5439704495,1.9999999494757503e-05,2.56234415678
123,2.46272513281,1.9999999494757503e-05,2.53504432235
124,2.22286713298,1.9999999494757503e-05,2.55902821618
125,2.19083533051,1.9999999494757503e-05,2.52159322375
126,2.04045752029,1.9999999494757503e-05,2.50481510434
127,2.00150522382,1.9999999494757503e-05,2.50443862104
128,2.02745987513,1.9999999494757503e-05,2.53928155688
129,2.04952734469,1.9999999494757503e-05,2.54972824742
130,2.1271092455,1.9999999494757503e-05,2.55129399923
131,2.35313974195,1.9999999494757503e-05,2.51699306143
132,2.2424482998,1.9999999494757503e-05,2.51728266164
133,1.93847055575,1.9999999494757503e-05,2.49712276732
134,2.34452519923,1.9999999494757503e-05,2.52762428863
135,2.16232933666,1.9999999494757503e-05,2.49602456772
136,2.2450033089,1.9999999494757503e-05,2.49153124066
137,2.27176916075,1.9999999494757503e-05,2.53850391217
138,2.29489395121,1.9999999494757503e-05,2.51935124233
139,2.19634125434,1.9999999494757503e-05,2.5531213004
140,2.16457922074,1.9999999494757503e-05,2.51498389054
141,2.33928121752,1.9999999494757503e-05,2.53045692184
142,2.23495065904,1.9999999494757503e-05,2.55237499137
143,2.29699758296,1.9999999494757503e-05,2.55060828902
144,2.28130702745,1.9999999494757503e-05,2.54384457701
145,2.11839259588,1.9999999494757503e-05,2.53717209135
146,2.25186149279,1.9999999494757503e-05,2.52528430252
147,2.00736943444,1.9999999494757503e-05,2.54847887253
148,2.16224888131,1.9999999494757503e-05,2.54958274716
149,2.05738235393,1.9999999494757503e-05,2.55677050795
150,2.16571634156,1.9999999494757503e-05,2.55571321159
151,1.90706578803,1.9999999494757503e-05,2.5573466209
152,2.09267111576,1.9999999494757503e-05,2.52475142132
153,2.32343359221,1.9999999494757503e-05,2.55256191044
154,2.36099902265,1.9999999494757503e-05,2.55544528976
155,2.20659644263,1.9999999494757503e-05,2.54584358217
156,2.07665899123,1.9999999494757503e-05,2.58486853957
157,2.24662094064,1.9999999494757503e-05,2.5936751912
158,2.17636808371,1.9999999494757503e-05,2.55880969232
159,2.16257881987,1.9999999494757503e-05,2.55032569809
160,2.11955315813,1.9999999494757503e-05,2.54903575876
161,2.40994099034,1.9999999494757503e-05,2.54578212434
162,2.32985995977,1.9999999494757503e-05,2.55497124556
163,2.2495417918,1.9999999494757503e-05,2.6029452018
164,2.38678006287,1.9999999494757503e-05,2.58002384512
165,2.32373433192,1.9999999494757503e-05,2.56277928978
166,2.1684052049,1.9999999494757503e-05,2.55866088964
167,2.29309388438,1.9999999494757503e-05,2.54126150441
168,2.29207585408,1.9999999494757503e-05,2.61016904728
169,2.09222460579,1.9999999494757503e-05,2.6014682075
170,2.02527290124,1.9999999494757503e-05,2.62808360881
171,2.007009363,1.9999999494757503e-05,2.62747876067
172,1.97821139552,1.9999999494757503e-05,2.58770645153
173,2.20274048498,1.9999999494757503e-05,2.63043762309
174,2.23743481601,1.9999999494757503e-05,2.59304644618
175,2.17828034307,1.9999999494757503e-05,2.56497513591
176,2.08965948213,1.9999999494757503e-05,2.55670706445
177,2.31663442007,1.9999999494757503e-05,2.55480439324
178,2.18863645578,1.9999999494757503e-05,2.51462247821
179,2.0897077798,1.9999999494757503e-05,2.52648855692
180,2.20634800436,1.9999999494757503e-05,2.52754403091
181,2.01093072463,1.9999999494757503e-05,2.52378839057
182,2.18211545874,1.9999999494757503e-05,2.51780986078
183,2.41245756044,1.9999999494757503e-05,2.5256529169
184,2.06447427482,1.9999999494757503e-05,2.53022205626
185,2.05747213643,1.9999999494757503e-05,2.49610901728
186,2.08324071165,1.9999999494757503e-05,2.50728591013
187,1.99142494394,1.9999999494757503e-05,2.53873118362
188,2.03405441993,1.9999999494757503e-05,2.52887591139
189,2.06163580426,1.9999999494757503e-05,2.51650629558
190,2.08571967755,1.9999999494757503e-05,2.57059099987
191,2.28260651002,1.9999999494757503e-05,2.6114883881
192,2.27305512376,1.9999999494757503e-05,2.52772444105
193,1.94653918717,1.9999999494757503e-05,2.49953603506
194,2.23887996163,1.9999999494757503e-05,2.51804960731
195,2.0436735996,1.9999999494757503e-05,2.51674366611
196,2.32515779956,1.9999999494757503e-05,2.53076848044
197,2.08243605593,1.9999999494757503e-05,2.52464181296
198,2.27970950158,1.9999999494757503e-05,2.53297201757
199,2.29733187986,1.9999999494757503e-05,2.58897202999
200,1.9753875811,1.9999999494757503e-05,2.53896484867
201,2.37437203166,1.9999999494757503e-05,2.58179800964
202,2.22225427191,1.9999999494757503e-05,2.5529936584
203,2.28985394838,1.9999999494757503e-05,2.54161083318
204,2.15319660994,1.9999999494757503e-05,2.51139088349
205,2.33033350186,1.9999999494757503e-05,2.49799233388
206,2.18455007923,1.9999999494757503e-05,2.50810275972
207,2.21592739301,1.9999999494757503e-05,2.49599911682
208,2.09818324632,1.9999999494757503e-05,2.49649613164
209,2.10648255121,1.9999999494757503e-05,2.52362212598
210,2.24021476747,1.9999999494757503e-05,2.53707198327
211,2.30810453604,1.9999999494757503e-05,2.54863932891
212,2.00931732122,1.9999999494757503e-05,2.53170662778
213,1.90097536185,1.9999999494757503e-05,2.508455617
214,2.40961685285,1.9999999494757503e-05,2.5335267795
215,1.95409106007,1.9999999494757503e-05,2.49619016167
216,2.09220034736,1.9999999494757503e-05,2.52140230143
217,2.01499036206,1.9999999494757503e-05,2.51809790536
218,2.18765992909,1.9999999494757503e-05,2.51697637468
219,2.16859328114,1.9999999494757503e-05,2.49266647227
220,1.90112328442,1.9999999494757503e-05,2.49601099023
221,1.97405214799,1.9999999494757503e-05,2.50784846808
222,2.08845333471,1.9999999494757503e-05,2.52716275837
223,2.10572621805,1.9999999494757503e-05,2.5380334621
224,2.0143704886,1.9999999494757503e-05,2.54452280512
225,2.31528095011,1.9999999494757503e-05,2.53474183991
226,2.2610325298,1.9999999494757503e-05,2.53087332275
227,1.94865223951,1.9999999494757503e-05,2.49310581298
228,2.01850601671,1.9999999494757503e-05,2.50723257794
229,2.04274222178,1.9999999494757503e-05,2.51488682254
230,1.98286359214,1.9999999494757503e-05,2.50683695336
231,1.98888302723,1.9999999494757503e-05,2.52416470261
232,1.95391439649,1.9999999494757503e-05,2.50448304251
233,2.06264191844,1.9999999494757503e-05,2.50216672499
234,2.11864687235,1.9999999494757503e-05,2.52513156583
235,2.25834918633,1.9999999494757503e-05,2.53322908744
236,2.09376217681,1.9999999494757503e-05,2.49440025405
237,2.0634343397,1.9999999494757503e-05,2.50424894164
238,2.12417195306,1.9999999494757503e-05,2.5397856806
239,1.84307451039,1.9999999494757503e-05,2.50750137017
240,1.94883701216,1.9999999494757503e-05,2.52340227485
241,2.06775933919,1.9999999494757503e-05,2.52726198054
242,2.22917432837,1.9999999494757503e-05,2.54606346413
243,2.29617236822,1.9999999494757503e-05,2.52110345464
244,2.11373455621,1.9999999494757503e-05,2.50525086345
245,2.18191399592,1.9999999494757503e-05,2.51643587748
246,2.28602323253,1.9999999494757503e-05,2.54333975611
247,2.36264819715,1.9999999494757503e-05,2.53856435839
248,2.37393630555,1.9999999494757503e-05,2.56016517285
249,2.09205100606,1.9999999494757503e-05,2.54197871887
250,2.13621285372,1.9999999494757503e-05,2.52319177579
251,1.84483219285,1.9999999494757503e-05,2.51648604906
252,1.95275935542,1.9999999494757503e-05,2.50957463486
253,2.13370378812,1.9999999494757503e-05,2.51507127321
254,1.87036388086,1.9999999494757503e-05,2.51901570069
255,2.24655040367,1.9999999494757503e-05,2.49061497438
256,1.84105941402,1.9999999494757503e-05,2.50910501605
257,1.82880371787,1.9999999494757503e-05,2.52877284043
258,2.07079223399,1.9999999494757503e-05,2.55502092305
259,2.13043651825,1.9999999494757503e-05,2.53553117688
260,1.98110699304,1.9999999494757503e-05,2.52670783098
261,2.07310732861,1.9999999494757503e-05,2.51566683343
262,2.06863007353,1.9999999494757503e-05,2.50682226527
263,2.109019855,1.9999999494757503e-05,2.50917993112
264,2.08835237502,1.9999999494757503e-05,2.55672040015
265,1.9262576387,1.9999999494757503e-05,2.5368114216
266,1.85015842286,1.9999999494757503e-05,2.51190240422
267,1.83773160068,1.9999999494757503e-05,2.50520515228
268,1.90223250808,1.9999999494757503e-05,2.52490119618
269,1.85690445865,1.9999999494757503e-05,2.56469869541
270,1.81271921235,1.9999999494757503e-05,2.55316000339
271,2.16370046095,1.9999999494757503e-05,2.52539639801
272,1.93513506411,1.9999999494757503e-05,2.52843712285
273,1.96348927222,1.9999999494757503e-05,2.54281004265
274,2.09038312007,1.9999999494757503e-05,2.5327224535
275,1.83548792072,1.9999999494757503e-05,2.51752003483
276,2.12194459255,1.9999999494757503e-05,2.52416290036
277,1.94169353391,1.9999999494757503e-05,2.53802915274
278,2.20528821412,1.9999999494757503e-05,2.54497206326
279,2.09635916887,1.9999999494757503e-05,2.55311635388
280,2.21521005875,1.9999999494757503e-05,2.57138308555
281,2.08171944435,1.9999999494757503e-05,2.55864943329
282,2.02280705403,1.9999999494757503e-05,2.53979248327
283,2.10806716624,1.9999999494757503e-05,2.54941225687
284,2.00280127595,1.9999999494757503e-05,2.54405062213
285,2.09372167622,1.9999999494757503e-05,2.530838861
286,2.15667605793,1.9999999494757503e-05,2.51198014378
287,2.22254593119,1.9999999494757503e-05,2.52583497641
288,1.97320321366,1.9999999494757503e-05,2.51488610557
289,2.18499334479,1.9999999494757503e-05,2.52120331315
290,1.93295051982,1.9999999494757503e-05,2.55548689838
291,1.82715976806,1.9999999494757503e-05,2.53694936029
292,2.15713392422,1.9999999494757503e-05,2.51808758149
293,1.97933924766,1.9999999494757503e-05,2.57211514204
294,2.07680242228,1.9999999494757503e-05,2.55142100131
295,2.16370911716,1.9999999494757503e-05,2.55133726905
296,2.16867532224,1.9999999494757503e-05,2.55280050282
297,2.05399609245,1.9999999494757503e-05,2.56371626827
298,2.09153274739,1.9999999494757503e-05,2.55500626726
299,1.9976162714,1.9999999494757503e-05,2.52855891147
300,1.95658259863,1.9999999494757503e-05,2.53406700419
301,2.11592912892,1.9999999494757503e-05,2.53706104056
302,2.12432343576,1.9999999494757503e-05,2.51374528718
303,2.00132667625,1.9999999494757503e-05,2.50843666477
304,2.26140535227,1.9999999494757503e-05,2.53367510808
305,2.03210898895,1.9999999494757503e-05,2.53841447973
306,2.15798026389,1.9999999494757503e-05,2.52815723825
307,2.04381229698,1.9999999494757503e-05,2.54141832652
308,2.26849832116,1.9999999494757503e-05,2.51245203337
309,2.14328295495,1.9999999494757503e-05,2.54045470483
310,1.92409581666,1.9999999494757503e-05,2.51356109437
311,2.1168110637,1.9999999494757503e-05,2.53628395962
312,2.15414501066,1.9999999494757503e-05,2.52620950917
313,1.77713407658,1.9999999494757503e-05,2.52526228823
314,1.88227881922,1.9999999494757503e-05,2.53573425643
315,1.89569281178,1.9999999494757503e-05,2.52486881114
316,2.06361694912,1.9999999494757503e-05,2.53999273042
317,2.2527969783,1.9999999494757503e-05,2.555123343
318,2.00272694044,1.9999999494757503e-05,2.55720156747
319,2.00076670961,1.9999999494757503e-05,2.50855967428
320,1.94708065148,1.9999999494757503e-05,2.51697022971
321,2.03322983967,1.9999999494757503e-05,2.52556507343
322,1.90527044198,1.9999999494757503e-05,2.52043120494
323,1.99855730822,1.9999999494757503e-05,2.52565675818
324,2.17362103357,1.9999999494757503e-05,2.54022943135
325,1.84433912707,1.9999999494757503e-05,2.50996168085
326,2.07531521936,1.9999999494757503e-05,2.51101590793
327,2.07303501092,1.9999999494757503e-05,2.51686215572
328,2.19814618254,1.9999999494757503e-05,2.52163838269
329,2.16342396439,1.9999999494757503e-05,2.51108530574
330,2.02976102008,1.9999999494757503e-05,2.48766740883
331,1.92197309571,1.9999999494757503e-05,2.48903572858
332,2.23603885951,1.9999999494757503e-05,2.48080480244
333,2.03195432604,1.9999999494757503e-05,2.50254271774
334,1.97744051877,1.9999999494757503e-05,2.51019475494
335,2.09375466881,1.9999999494757503e-05,2.53067023908
336,1.95813851304,1.9999999494757503e-05,2.5143735741
337,2.01905952443,1.9999999494757503e-05,2.54716393923
338,2.04035674085,1.9999999494757503e-05,2.53444770407
339,1.88814275431,1.9999999494757503e-05,2.50350901902
340,1.95114100023,1.9999999494757503e-05,2.53578141949
341,2.04205603739,1.9999999494757503e-05,2.51243160307
342,1.87814453408,1.9999999494757503e-05,2.47700778496
343,1.72543485872,1.9999999494757503e-05,2.49271217754
344,2.09433682367,1.9999999494757503e-05,2.51770439608
345,1.88848946295,1.9999999494757503e-05,2.52244123365
346,1.8802677441,1.9999999494757503e-05,2.53546899911
347,1.96549585363,1.9999999494757503e-05,2.51418284895
348,2.30527527254,1.9999999494757503e-05,2.54375564984
349,1.8647807806,1.9999999494757503e-05,2.5335850162
350,1.8631493137,1.9999999494757503e-05,2.54218329484
351,2.04589934096,1.9999999494757503e-05,2.53195199629
352,2.04697061939,1.9999999494757503e-05,2.5269403066
353,2.0099338245,1.9999999494757503e-05,2.4952084891
354,1.88896042174,1.9999999494757503e-05,2.49131353788
355,1.94329627704,1.9999999494757503e-05,2.50896290997
356,2.0019308285,1.9999999494757503e-05,2.52046872611
357,1.88735620006,1.9999999494757503e-05,2.54950726246
358,2.11838212729,1.9999999494757503e-05,2.55893314016
359,1.84171259927,1.9999999494757503e-05,2.51014430533
360,1.8325363271,1.9999999494757503e-05,2.52820228432
361,1.96760318131,1.9999999494757503e-05,2.52874346691
362,2.0278799429,1.9999999494757503e-05,2.53830680708
363,1.90596967826,1.9999999494757503e-05,2.53072720668
364,2.03254782804,1.9999999494757503e-05,2.52581803159
365,1.9834478539,1.9999999494757503e-05,2.55588215151
366,2.11750999344,1.9999999494757503e-05,2.54588655525
367,2.08412429265,1.9999999494757503e-05,2.52019314651
368,2.10187837667,1.9999999494757503e-05,2.53167904208
369,1.81870055897,1.9999999494757503e-05,2.55521169168
370,1.97791218299,1.9999999494757503e-05,2.55629415705
371,1.9605616628,1.9999999494757503e-05,2.52337997171
372,2.02697961758,1.9999999494757503e-05,2.52400581448
373,2.05794095294,1.9999999494757503e-05,2.52273444642
374,2.12020497968,1.9999999494757503e-05,2.54683422856
375,1.95068425093,1.9999999494757503e-05,2.53798557091
376,1.83435811403,1.9999999494757503e-05,2.52472139218
377,1.80666834967,1.9999999494757503e-05,2.539145795
378,2.01149663733,1.9999999494757503e-05,2.53929824747
379,2.02214021975,1.9999999494757503e-05,2.52630742597
380,2.09506968264,1.9999999494757503e-05,2.51937564376
381,1.94550521863,1.9999999494757503e-05,2.53004467358
382,2.11020058503,1.9999999494757503e-05,2.53884669068
383,1.91286018305,1.9999999494757503e-05,2.57478215475
384,2.04834505272,1.9999999494757503e-05,2.56801593469
385,1.83981835624,1.9999999494757503e-05,2.56568758591
386,1.86992183535,1.9999999494757503e-05,2.51664886687
387,1.97524306626,1.9999999494757503e-05,2.51968922875
388,2.12885404987,1.9999999494757503e-05,2.51881422139
389,1.89708908399,1.9999999494757503e-05,2.53168415737
390,2.11916216476,1.9999999494757503e-05,2.51488297971
391,1.94498633552,1.9999999494757503e-05,2.50766113481
392,2.01090326239,1.9999999494757503e-05,2.51494601843
393,1.91439636112,1.9999999494757503e-05,2.56611537871
394,2.05679614869,1.9999999494757503e-05,2.52673816378
395,2.00476035356,1.9999999494757503e-05,2.55708685106
396,2.02681534282,1.9999999494757503e-05,2.56008811844
397,2.07681868976,1.9999999494757503e-05,2.52810731993
398,2.1494618484,1.9999999494757503e-05,2.5622962894
399,1.90431066005,1.9999999494757503e-05,2.50084488172
400,1.87837374101,1.9999999494757503e-05,2.52328748571
401,2.02600281928,1.9999999494757503e-05,2.52689232423
402,1.79083079864,1.9999999494757503e-05,2.55301026168
403,2.00168270156,1.9999999494757503e-05,2.53620267285
404,2.0325110463,1.9999999494757503e-05,2.52248998417
405,1.95141420391,1.9999999494757503e-05,2.54312143576
406,1.98833111092,1.9999999494757503e-05,2.52571225813
407,2.38454688076,1.9999999494757503e-05,2.56021078679
408,2.0579262985,1.9999999494757503e-05,2.56568018681
409,1.93268547128,1.9999999494757503e-05,2.55748732242
410,1.94746501891,1.9999999494757503e-05,2.51750206562
411,1.84432918859,1.9999999494757503e-05,2.49392358245
412,1.71238813121,1.9999999494757503e-05,2.52278694902
413,1.94433040387,1.9999999494757503e-05,2.54210720207
414,1.84981997895,1.9999999494757503e-05,2.52980212244
415,1.7105211764,1.9999999494757503e-05,2.50860473506
416,1.88585483635,1.9999999494757503e-05,2.53139545988
417,1.81743839241,1.9999999494757503e-05,2.5182688854
418,1.88478304222,1.9999999494757503e-05,2.51932577908
419,1.90238554661,1.9999999494757503e-05,2.53643910726
420,2.11636103859,1.9999999494757503e-05,2.52327206424
421,1.8913598899,1.9999999494757503e-05,2.54338497247
422,1.83052692789,1.9999999494757503e-05,2.53051128672
423,1.89125519707,1.9999999494757503e-05,2.53035790446
424,1.72470592492,1.9999999494757503e-05,2.55534555865
425,1.93744429782,1.9999999494757503e-05,2.52055994838
426,1.79795938883,1.9999999494757503e-05,2.51792227724
427,1.85072950216,1.9999999494757503e-05,2.50188587503
428,1.81367176269,1.9999999494757503e-05,2.54133958998
429,1.98589953922,1.9999999494757503e-05,2.53206788756
430,1.76918067382,1.9999999494757503e-05,2.55093074161
431,1.78785615526,1.9999999494757503e-05,2.54055551339
432,1.98653229252,1.9999999494757503e-05,2.549327781
433,1.91219139361,1.9999999494757503e-05,2.53382752716
434,2.07924612352,1.9999999494757503e-05,2.5598949278
435,2.06924885708,1.9999999494757503e-05,2.55093149653
436,1.84238571212,1.9999999494757503e-05,2.53308219532
437,1.88934372196,1.9999999494757503e-05,2.50827418676
438,2.10750478004,1.9999999494757503e-05,2.52244020943
439,1.99756217527,1.9999999494757503e-05,2.51097651953
440,1.77987907308,1.9999999494757503e-05,2.51251215833
441,1.83277794686,1.9999999494757503e-05,2.51079836798
442,1.97331671881,1.9999999494757503e-05,2.52055072483
443,1.970766919,1.9999999494757503e-05,2.5510604829
444,2.18830889049,1.9999999494757503e-05,2.55651923796
445,1.99681250211,1.9999999494757503e-05,2.57824149211
446,2.12146719384,1.9999999494757503e-05,2.54895392543
447,1.70508364094,1.9999999494757503e-05,2.54540154889
448,1.92936960507,1.9999999494757503e-05,2.51647640132
449,2.20741040715,1.9999999494757503e-05,2.52886385419
450,1.93473217776,1.9999999494757503e-05,2.54381571272
451,2.09658362577,1.9999999494757503e-05,2.58391516266
452,2.12810172877,1.9999999494757503e-05,2.5626094286
453,1.74555509562,1.9999999494757503e-05,2.52378812008
454,1.91465065505,1.9999999494757503e-05,2.53080726592
455,1.98740051736,1.9999999494757503e-05,2.54496633339
456,2.01079450684,1.9999999494757503e-05,2.52443148438
457,1.64706638706,1.9999999494757503e-05,2.52160232381
458,1.91818203332,1.9999999494757503e-05,2.5238567519
459,1.99473267422,1.9999999494757503e-05,2.50714996891
460,1.96697681203,1.9999999494757503e-05,2.5305565566
461,2.05496783222,1.9999999494757503e-05,2.53636840124
462,2.05461004889,1.9999999494757503e-05,2.56099259395
463,1.81335699471,1.9999999494757503e-05,2.58326511123
464,1.95963983964,1.9999999494757503e-05,2.53182609439
465,1.86572494262,1.9999999494757503e-05,2.52139049605
466,1.83270774656,1.9999999494757503e-05,2.541972891
467,2.3965581542,1.9999999494757503e-05,2.52664584955
468,1.76121594618,1.9999999494757503e-05,2.52888515576
469,1.77482283334,1.9999999494757503e-05,2.51410486622
470,1.89613612493,1.9999999494757503e-05,2.54151069247
471,1.93008843708,1.9999999494757503e-05,2.54172398693
472,2.06515581791,1.9999999494757503e-05,2.55137035276
473,2.30125037305,1.9999999494757503e-05,2.55311626313
474,1.79188149491,1.9999999494757503e-05,2.54718404214
475,2.03413141953,1.9999999494757503e-05,2.54250742289
476,2.03586011055,1.9999999494757503e-05,2.53303067654
477,1.98654455667,1.9999999494757503e-05,2.544452179
478,1.8532556946,1.9999999494757503e-05,2.5325228934
479,1.84323084092,1.9999999494757503e-05,2.5006058541
480,1.99971771939,1.9999999494757503e-05,2.52402421258
481,1.79727579298,1.9999999494757503e-05,2.54607869527
482,2.12884701215,1.9999999494757503e-05,2.59204089532
483,2.36082840315,1.9999999494757503e-05,2.58098768178
484,1.89381265728,1.9999999494757503e-05,2.58041835735
485,1.97845111749,1.9999999494757503e-05,2.53930202546
486,1.82221354058,1.9999999494757503e-05,2.5259264898
487,1.73164866564,1.9999999494757503e-05,2.5440735819
488,1.94798874942,1.9999999494757503e-05,2.56324955288
489,1.80577445336,1.9999999494757503e-05,2.53039835119
490,2.0530023898,1.9999999494757503e-05,2.5533690508
491,1.80970045324,1.9999999494757503e-05,2.54158893843
492,1.90282048673,1.9999999494757503e-05,2.5457175009
493,1.85834471647,1.9999999494757503e-05,2.51238800904
494,1.78697107858,1.9999999494757503e-05,2.50715086647
495,1.86222470331,1.9999999494757503e-05,2.51768404011
496,2.27073523806,1.9999999494757503e-05,2.53764090268
497,1.67033693511,1.9999999494757503e-05,2.50323363825
498,1.86183034544,1.9999999494757503e-05,2.47318960027
499,1.75216428089,1.9999999494757503e-05,2.48344355263
500,1.87044342992,1.9999999494757503e-05,2.5432354546
501,1.93647494727,1.9999999494757503e-05,2.54349701228
502,1.83851032205,1.9999999494757503e-05,2.53285500352
503,1.88912177086,1.9999999494757503e-05,2.5104540641
504,1.92312843634,1.9999999494757503e-05,2.47894848925
505,1.67614184849,1.9999999494757503e-05,2.4891637119
506,1.83158812505,1.9999999494757503e-05,2.49784748999
507,1.92359129762,1.9999999494757503e-05,2.47953641892
508,1.97175896997,1.9999999494757503e-05,2.50720716449
509,1.93538279673,1.9999999494757503e-05,2.48069273526
510,1.79047791032,1.9999999494757503e-05,2.4829866305
511,1.89753375997,1.9999999494757503e-05,2.49138895272
512,2.07966658047,1.9999999494757503e-05,2.47065363635
513,1.88650659152,1.9999999494757503e-05,2.50141427698
514,1.85999022648,1.9999999494757503e-05,2.52644059785
515,1.92636796843,1.9999999494757503e-05,2.54775728655
516,1.85673191303,1.9999999494757503e-05,2.5430392348
517,1.96666218553,1.9999999494757503e-05,2.52837154518
518,1.7475151483,1.9999999494757503e-05,2.52751477717
519,1.76607141259,1.9999999494757503e-05,2.49883511063
520,1.83482604848,1.9999999494757503e-05,2.50179873748
521,1.64761848502,1.9999999494757503e-05,2.46907537782
522,1.94942635145,1.9999999494757503e-05,2.48918566314
523,1.92665548464,1.9999999494757503e-05,2.4842511726
524,1.79462984685,1.9999999494757503e-05,2.45872838895
525,2.0187508204,1.9999999494757503e-05,2.47253185556
526,2.06943240795,1.9999999494757503e-05,2.49999198871
527,1.83011547724,1.9999999494757503e-05,2.51206693667
528,1.76711283149,1.9999999494757503e-05,2.52909750504
529,1.89638266109,1.9999999494757503e-05,2.50707632715
530,1.99932208603,1.9999999494757503e-05,2.4996735087
531,1.84946817967,1.9999999494757503e-05,2.54155802358
532,1.74637656465,1.9999999494757503e-05,2.52917873802
533,1.89495232559,1.9999999494757503e-05,2.53753161319
534,1.9315179582,1.9999999494757503e-05,2.5193682569
535,1.77369831028,1.9999999494757503e-05,2.51667219619
536,1.89950967315,1.9999999494757503e-05,2.57005874719
537,2.0927136285,1.9999999494757503e-05,2.55698222456
538,1.70808575442,1.9999999494757503e-05,2.57674960981
539,1.88530673474,1.9999999494757503e-05,2.53562117841
540,1.89266023793,1.9999999494757503e-05,2.54484098622
541,1.80043268946,1.9999999494757503e-05,2.54643104194
542,1.83138303879,1.9999999494757503e-05,2.54788517056
543,1.84424775337,1.9999999494757503e-05,2.5355222672
544,1.90668796096,1.9999999494757503e-05,2.56017896529
545,1.76468059082,1.9999999494757503e-05,2.52050125806
546,2.01874490928,1.9999999494757503e-05,2.52899091689
547,1.99195710556,1.9999999494757503e-05,2.52755345087
548,1.98910871268,1.9999999494757503e-05,2.51878309942
549,1.8329272113,1.9999999494757503e-05,2.51635949089
550,1.85168947318,1.9999999494757503e-05,2.52505646245
551,1.78684382736,1.9999999494757503e-05,2.53095908114
552,1.91309851124,1.9999999494757503e-05,2.50793529331
553,1.95964277358,1.9999999494757503e-05,2.5437291425
554,2.03683831054,1.9999999494757503e-05,2.5222813474
555,1.86159022474,1.9999999494757503e-05,2.51862500272
556,1.88445607559,1.9999999494757503e-05,2.51415089562
557,1.98883537539,1.9999999494757503e-05,2.53120763701
558,1.82703522099,1.9999999494757503e-05,2.53864390753
559,1.78998778155,1.9999999494757503e-05,2.51352497279
560,2.0512327161,1.9999999494757503e-05,2.54353811929
561,1.64534796114,1.9999999494757503e-05,2.50009628194
562,1.84933179901,1.9999999494757503e-05,2.53464853404
563,2.07247649619,1.9999999494757503e-05,2.54492359761
564,1.83579944342,1.9999999494757503e-05,2.50328538057
565,1.96276812719,1.9999999494757503e-05,2.51006979381
566,1.87362736835,1.9999999494757503e-05,2.54548891015
567,2.09316959137,1.9999999494757503e-05,2.56984439043
568,1.68662551471,1.9999999494757503e-05,2.56638376582
569,1.74654579512,1.9999999494757503e-05,2.56978037325
570,1.79994248995,1.9999999494757503e-05,2.53883139048
571,1.72520995664,1.9999999494757503e-05,2.55229027931
572,1.97245075174,1.9999999494757503e-05,2.54264444923
573,2.08138147291,1.9999999494757503e-05,2.54537174859
574,1.97851896985,1.9999999494757503e-05,2.54266160505
575,1.66991025297,1.9999999494757503e-05,2.54267555805
576,1.90647376981,1.9999999494757503e-05,2.53802064652
577,1.87369082262,1.9999999494757503e-05,2.51542948524
578,1.81939366362,1.9999999494757503e-05,2.52648063987
579,2.00529273351,1.9999999494757503e-05,2.52530250242
580,1.9866304939,1.9999999494757503e-05,2.53772861367
581,2.02355801841,1.9999999494757503e-05,2.5488360825
582,2.06460143009,1.9999999494757503e-05,2.53649401046
583,1.83493617865,1.9999999494757503e-05,2.53414039424
584,1.73284167248,1.9999999494757503e-05,2.55014845192
585,2.09440657726,1.9999999494757503e-05,2.54642097481
586,1.73291027022,1.9999999494757503e-05,2.54358077821
587,1.90264865199,1.9999999494757503e-05,2.54450964015
588,1.74316073687,1.9999999494757503e-05,2.52816228757
589,1.97941975629,1.9999999494757503e-05,2.52554149704
590,1.83781888633,1.9999999494757503e-05,2.55108511598
591,1.79099223291,1.9999999494757503e-05,2.55530932827
592,1.78212274038,1.9999999494757503e-05,2.56998308664
593,1.99294685357,1.9999999494757503e-05,2.58971689544
594,1.7045459136,1.9999999494757503e-05,2.53370194296
595,1.94617218107,1.9999999494757503e-05,2.54674025279
596,1.69231517105,1.9999999494757503e-05,2.52733368572
597,1.96674356356,1.9999999494757503e-05,2.52984617095
598,1.91811640664,1.9999999494757503e-05,2.51428033955
599,1.86103801762,1.9999999494757503e-05,2.55718809531
600,1.86170599661,1.9999999494757503e-05,2.53917141628
601,1.5955260551,1.9999999494757503e-05,2.56521024914
602,1.90196803987,1.9999999494757503e-05,2.56363164479
603,1.85398951817,1.9999999494757503e-05,2.58367509363
604,1.62130200295,1.9999999494757503e-05,2.56482165511
605,1.67048258048,1.9999999494757503e-05,2.56662825298
606,1.79666511938,1.9999999494757503e-05,2.62487470054
607,2.01015972742,1.9999999494757503e-05,2.59727945276
608,2.02647764211,1.9999999494757503e-05,2.60381452227
609,1.90156556486,1.9999999494757503e-05,2.62174047141
610,1.94622861771,1.9999999494757503e-05,2.59583017708
611,1.85333698355,1.9999999494757503e-05,2.58672671578
612,1.75092033021,1.9999999494757503e-05,2.58186501523
613,1.90049174985,1.9999999494757503e-05,2.56285139682
614,1.80273259079,1.9999999494757503e-05,2.55745266031
615,1.75142990014,1.9999999494757503e-05,2.56657100159
616,1.82313796365,1.9999999494757503e-05,2.54876111038
617,1.72672246489,1.9999999494757503e-05,2.5209885019
618,1.94319676742,1.9999999494757503e-05,2.50301536695
619,2.02115893626,1.9999999494757503e-05,2.53951446156
620,1.75579489063,1.9999999494757503e-05,2.56918482275
621,1.80467121985,1.9999999494757503e-05,2.53390798128
622,1.86725704705,1.9999999494757503e-05,2.56426673166
623,1.99868344562,1.9999999494757503e-05,2.58211279223
624,1.55001782978,1.9999999494757503e-05,2.57264434571
625,1.7430330921,1.9999999494757503e-05,2.53684484012
626,1.83132497819,1.9999999494757503e-05,2.55629443692
627,1.87678176405,1.9999999494757503e-05,2.59168552267
628,1.98269962304,1.9999999494757503e-05,2.54606182351
629,1.96900616286,1.9999999494757503e-05,2.54773829005
630,1.79266591124,1.9999999494757503e-05,2.51342757304
631,1.89407599802,1.9999999494757503e-05,2.49251674452
632,1.98931288021,1.9999999494757503e-05,2.49984737597
633,1.7784482721,1.9999999494757503e-05,2.51408966916
634,1.92807127792,1.9999999494757503e-05,2.55443968487
635,1.90108319167,1.9999999494757503e-05,2.53809581363
636,1.63874225826,1.9999999494757503e-05,2.51218384486
637,1.7607443158,1.9999999494757503e-05,2.52156198844
638,1.82905337837,1.9999999494757503e-05,2.51600030814
639,1.57774163253,1.9999999494757503e-05,2.5204524115
640,1.80771239773,1.9999999494757503e-05,2.52729377586
641,2.17409643149,1.9999999494757503e-05,2.53768448934
642,1.78298613222,1.9999999494757503e-05,2.53494081895
643,1.88868591244,1.9999999494757503e-05,2.53877722397
644,1.87399703242,1.9999999494757503e-05,2.56446261871
645,1.86969399954,1.9999999494757503e-05,2.55199712724
646,1.68727802182,1.9999999494757503e-05,2.52871750839
647,1.82213633663,1.9999999494757503e-05,2.52059655733
648,1.85196251398,1.9999999494757503e-05,2.51051966883
649,1.97466270391,1.9999999494757503e-05,2.54101185476
650,2.02032354681,1.9999999494757503e-05,2.55516040286
651,2.06346005747,1.9999999494757503e-05,2.59017226413
652,1.80084874691,1.9999999494757503e-05,2.5715523729
653,1.88287471502,1.9999999494757503e-05,2.53183542621
654,1.93997466914,1.9999999494757503e-05,2.54373220338
655,1.77270571129,1.9999999494757503e-05,2.51631473993
656,1.85024379849,1.9999999494757503e-05,2.54237626159
657,1.71163114873,1.9999999494757503e-05,2.52770277457
658,1.73574823228,1.9999999494757503e-05,2.53997243968
659,1.70817345577,1.9999999494757503e-05,2.57070249735
660,1.63723450048,1.9999999494757503e-05,2.55963368185
661,1.70870140621,1.9999999494757503e-05,2.55765293531
662,1.84651716354,1.9999999494757503e-05,2.52767379628
663,2.02711396995,1.9999999494757503e-05,2.51739800976
664,1.81494435679,1.9999999494757503e-05,2.5165488871
665,1.77795638881,1.9999999494757503e-05,2.51595413882
666,2.05996977977,1.9999999494757503e-05,2.5306488971
667,1.80021743023,1.9999999494757503e-05,2.52844245588
668,1.74182956647,1.9999999494757503e-05,2.49148472613
669,1.92668154126,1.9999999494757503e-05,2.49081769588
670,2.00032087342,1.9999999494757503e-05,2.49436523551
671,1.54273462383,1.9999999494757503e-05,2.4981371488
672,1.65350176345,1.9999999494757503e-05,2.5293075628
673,1.8742903292,1.9999999494757503e-05,2.53575112748
674,2.0154740448,1.9999999494757503e-05,2.57777721798
675,1.7027213342,1.9999999494757503e-05,2.56779744189
676,1.79385383618,1.9999999494757503e-05,2.5785574721
677,1.77782864579,1.9999999494757503e-05,2.56419801816
678,2.09770046748,1.9999999494757503e-05,2.58887126662
679,1.70275469796,1.9999999494757503e-05,2.56385750852
680,1.64210168608,1.9999999494757503e-05,2.51130246929
681,1.9410284596,1.9999999494757503e-05,2.52410108318
682,1.8760203372,1.9999999494757503e-05,2.56506342478
683,1.7160645291,1.9999999494757503e-05,2.5763314136
684,2.03649931033,1.9999999494757503e-05,2.56486752086
685,1.85975200615,1.9999999494757503e-05,2.54415060779
686,1.6788298254,1.9999999494757503e-05,2.52988663104
687,1.77605496702,1.9999999494757503e-05,2.55159355222
688,1.76484332067,1.9999999494757503e-05,2.55360501896
689,1.90288675334,1.9999999494757503e-05,2.5519822855
690,1.83307590087,1.9999999494757503e-05,2.55877429201
691,1.84213607608,1.9999999494757503e-05,2.51889020473
692,1.86006733437,1.9999999494757503e-05,2.50709350435
693,1.78701601186,1.9999999494757503e-05,2.49257938664
694,1.86407725016,1.9999999494757503e-05,2.51486846226
695,1.85314381516,1.9999999494757503e-05,2.5315012967
696,1.85390496516,1.9999999494757503e-05,2.52025647343
697,1.70919478944,1.9999999494757503e-05,2.50753894328
698,1.59607642256,1.9999999494757503e-05,2.49212826497
699,1.94506056754,1.9999999494757503e-05,2.45739780561
