epoch,loss,lr,val_loss
0,26.5132656866,0.0020000000949949026,29.3991177733
1,10.2898537248,0.0020000000949949026,26.9964189282
2,6.76174178141,0.0020000000949949026,13.6385965309
3,4.89325467483,0.0020000000949949026,5.70157991573
4,4.12701313138,0.0020000000949949026,3.43440360407
5,4.54312263216,0.0020000000949949026,2.95611580748
6,4.69564398566,0.0020000000949949026,9.81861784438
7,4.78446417588,0.0020000000949949026,9.49575101353
8,4.01200096686,0.0020000000949949026,3.38078506818
9,3.92207724707,0.0020000000949949026,4.47075088232
10,4.13471056341,0.0004000000189989805,3.35859635689
11,3.65851434596,0.0004000000189989805,3.02241624814
12,3.2142098867,0.0004000000189989805,2.81540795801
13,3.64968072276,0.0004000000189989805,2.87577267019
14,3.72145347455,0.0004000000189989805,2.86735315773
15,4.16392518487,0.0004000000189989805,3.05811716855
16,3.97438132108,0.0004000000189989805,2.95120815453
17,3.91464022053,8.000000525498763e-05,3.02827353593
18,3.83380360154,8.000000525498763e-05,3.00964420377
19,3.80206805358,8.000000525498763e-05,3.06471348385
20,3.802470843,1.9999999494757503e-05,3.05155355296
21,3.46603118544,1.9999999494757503e-05,3.09267943224
22,3.77287859008,1.9999999494757503e-05,3.12212565702
23,4.01010878706,1.9999999494757503e-05,3.11425643924
24,3.76784977022,1.9999999494757503e-05,3.09755646303
25,3.66061848599,1.9999999494757503e-05,3.091892514
26,3.91821088896,1.9999999494757503e-05,3.12112702247
27,3.56347544639,1.9999999494757503e-05,3.07605358853
28,3.60116505274,1.9999999494757503e-05,3.12715328657
29,3.34149816185,1.9999999494757503e-05,3.09209368736
30,3.57331701775,1.9999999494757503e-05,3.03594769317
31,3.48121268823,1.9999999494757503e-05,3.04379489621
32,3.47557154942,1.9999999494757503e-05,3.07074542341
33,3.60164939353,1.9999999494757503e-05,3.09555634187
34,3.55634420433,1.9999999494757503e-05,3.11748671581
35,3.58477515572,1.9999999494757503e-05,3.09539867829
36,2.99520444346,1.9999999494757503e-05,3.07263667593
37,3.28029494059,1.9999999494757503e-05,3.07215284037
38,3.89553259755,1.9999999494757503e-05,3.06053341011
39,3.69852255028,1.9999999494757503e-05,3.1148569675
40,3.89466663071,1.9999999494757503e-05,3.10922872221
41,3.68210815423,1.9999999494757503e-05,3.08993035889
42,3.90039391221,1.9999999494757503e-05,3.07176266824
43,3.64133004828,1.9999999494757503e-05,3.09159900183
44,3.78634488364,1.9999999494757503e-05,3.088664849
45,3.02699170968,1.9999999494757503e-05,3.11226143194
46,3.49467347655,1.9999999494757503e-05,3.1448206917
47,3.51101870415,1.9999999494757503e-05,3.11538898499
48,4.37446268487,1.9999999494757503e-05,3.12231522092
49,3.81366164082,1.9999999494757503e-05,3.15654982623
50,3.58531033512,1.9999999494757503e-05,3.17148745828
51,3.7027795948,1.9999999494757503e-05,3.1335609642
52,3.94219789313,1.9999999494757503e-05,3.12108616751
53,3.49746286301,1.9999999494757503e-05,3.11220465566
54,3.80155001455,1.9999999494757503e-05,3.11764724252
55,3.70417372822,1.9999999494757503e-05,3.12238768301
56,3.54160167446,1.9999999494757503e-05,3.10483106233
57,3.41681061145,1.9999999494757503e-05,3.12416652514
58,3.58015613766,1.9999999494757503e-05,3.09250565806
59,3.31496261328,1.9999999494757503e-05,3.10361694329
60,3.32342918976,1.9999999494757503e-05,3.12834192072
61,4.28389300881,1.9999999494757503e-05,3.16701605662
62,3.35698358131,1.9999999494757503e-05,3.13254408746
63,3.47516850936,1.9999999494757503e-05,3.13920096684
64,3.38724964268,1.9999999494757503e-05,3.0831568207
65,3.43936916585,1.9999999494757503e-05,3.06885105266
66,3.47921015317,1.9999999494757503e-05,3.07995861211
67,3.51694110112,1.9999999494757503e-05,3.0744529763
68,3.49639725074,1.9999999494757503e-05,3.06169552342
69,3.52374888645,1.9999999494757503e-05,3.10050481502
70,3.71676589805,1.9999999494757503e-05,3.07580353422
71,3.43168821702,1.9999999494757503e-05,3.08162716174
72,3.46911797986,1.9999999494757503e-05,3.05814877561
73,3.33500737585,1.9999999494757503e-05,3.05869832399
74,3.95017956181,1.9999999494757503e-05,3.06940994782
75,3.1081784278,1.9999999494757503e-05,3.07251655789
76,3.36814063635,1.9999999494757503e-05,3.09702732824
77,3.40845784381,1.9999999494757503e-05,3.08396657545
78,3.21671147923,1.9999999494757503e-05,3.09946751985
79,3.33906497361,1.9999999494757503e-05,3.121791794
80,3.43508697866,1.9999999494757503e-05,3.09028671877
81,4.26968152051,1.9999999494757503e-05,3.11154839087
82,3.50688328586,1.9999999494757503e-05,3.05082212181
83,3.47177075554,1.9999999494757503e-05,3.0842578017
84,4.05806451053,1.9999999494757503e-05,3.07673463517
85,3.83435242691,1.9999999494757503e-05,3.05307092042
86,3.54997293678,1.9999999494757503e-05,3.09079523443
87,3.68747740875,1.9999999494757503e-05,3.11207957383
88,3.20113352804,1.9999999494757503e-05,3.08219887765
89,3.28136446362,1.9999999494757503e-05,3.08110904471
90,3.20891468516,1.9999999494757503e-05,3.10095149694
91,3.88083549122,1.9999999494757503e-05,3.11431962809
92,3.38493001243,1.9999999494757503e-05,3.13737563724
93,3.69400139344,1.9999999494757503e-05,3.14875704286
94,3.53004857385,1.9999999494757503e-05,3.09160040731
95,3.78780271457,1.9999999494757503e-05,3.182498639
96,3.28662871965,1.9999999494757503e-05,3.15050927213
97,3.13415260891,1.9999999494757503e-05,3.13068946868
98,3.52745891403,1.9999999494757503e-05,3.13481331138
99,3.36216674358,1.9999999494757503e-05,3.11554175132
100,3.53723649664,1.9999999494757503e-05,3.11520481896
101,3.58195418229,1.9999999494757503e-05,3.0950358466
102,3.41326562476,1.9999999494757503e-05,3.10146223867
103,3.6478284855,1.9999999494757503e-05,3.07052088837
104,3.5359119607,1.9999999494757503e-05,3.12394416865
105,3.5848452355,1.9999999494757503e-05,3.14721026447
106,3.82617131432,1.9999999494757503e-05,3.10554887271
107,3.34610378262,1.9999999494757503e-05,3.11590984278
108,3.67326887361,1.9999999494757503e-05,3.16264652946
109,3.66745042801,1.9999999494757503e-05,3.13516136477
110,3.32196685246,1.9999999494757503e-05,3.1011563537
111,3.27263529484,1.9999999494757503e-05,3.13239509332
112,3.45822845885,1.9999999494757503e-05,3.1025334938
113,3.69473665625,1.9999999494757503e-05,3.08402639665
114,3.46576238989,1.9999999494757503e-05,3.0840153968
115,3.36757478347,1.9999999494757503e-05,3.06180241648
116,3.26096135094,1.9999999494757503e-05,3.10947489608
117,3.29833962192,1.9999999494757503e-05,3.07983100247
118,3.56468865286,1.9999999494757503e-05,3.09425922293
119,2.95068053186,1.9999999494757503e-05,3.0718562401
120,3.15653556083,1.9999999494757503e-05,3.05967482082
121,3.27273098715,1.9999999494757503e-05,3.06827376817
122,3.35249503628,1.9999999494757503e-05,3.06137680828
123,3.33966934201,1.9999999494757503e-05,3.02779121223
124,4.33692189975,1.9999999494757503e-05,3.06134781365
125,3.05286202239,1.9999999494757503e-05,3.06282214433
126,3.39242315118,1.9999999494757503e-05,3.0842797004
127,3.3758282609,1.9999999494757503e-05,3.06613504106
128,3.21972537128,1.9999999494757503e-05,3.09335910747
129,3.07322481002,1.9999999494757503e-05,3.10856186922
130,3.36333708187,1.9999999494757503e-05,3.06362615324
131,3.48690786423,1.9999999494757503e-05,3.06043149311
132,3.24573528199,1.9999999494757503e-05,3.12175439301
133,3.00989962672,1.9999999494757503e-05,3.07960950232
134,3.83633448964,1.9999999494757503e-05,3.07316910855
135,3.5791118276,1.9999999494757503e-05,3.06706469551
136,3.54925743215,1.9999999494757503e-05,3.07132879439
137,3.16584022229,1.9999999494757503e-05,3.05348605283
138,3.70283874662,1.9999999494757503e-05,3.08066867778
139,3.54226896964,1.9999999494757503e-05,3.093911037
140,3.70002806667,1.9999999494757503e-05,3.04569715906
141,3.24170223872,1.9999999494757503e-05,3.09539046803
142,3.22703737566,1.9999999494757503e-05,3.08238235457
143,3.54251694243,1.9999999494757503e-05,3.07551462059
144,3.97856072192,1.9999999494757503e-05,3.12552180942
145,3.36562144189,1.9999999494757503e-05,3.08204892643
146,3.74623275589,1.9999999494757503e-05,3.08519622628
147,3.14888396455,1.9999999494757503e-05,3.08875249961
148,3.07875320588,1.9999999494757503e-05,3.05504692697
149,2.94925387526,1.9999999494757503e-05,3.04051508502
150,3.09346601989,1.9999999494757503e-05,3.08330963437
151,3.3116443131,1.9999999494757503e-05,3.09126610314
152,3.58876445791,1.9999999494757503e-05,3.11196198353
153,3.41363969216,1.9999999494757503e-05,3.14407310931
154,3.31950045418,1.9999999494757503e-05,3.11080521277
155,3.27240309174,1.9999999494757503e-05,3.07395310827
156,3.19060550592,1.9999999494757503e-05,3.09307619663
157,3.45150529509,1.9999999494757503e-05,3.08609962959
158,3.50840395012,1.9999999494757503e-05,3.06071692383
159,3.10092655294,1.9999999494757503e-05,3.06185953886
160,4.01611158699,1.9999999494757503e-05,3.10545835686
161,3.24816926408,1.9999999494757503e-05,3.05464779723
162,3.3161689912,1.9999999494757503e-05,3.08021107452
163,3.19993251933,1.9999999494757503e-05,3.05539785688
164,3.45080686664,1.9999999494757503e-05,3.10830254484
165,3.29524216543,1.9999999494757503e-05,3.08024134464
166,3.81321964334,1.9999999494757503e-05,3.05603110989
167,3.68367518872,1.9999999494757503e-05,3.04710256434
168,3.49653178956,1.9999999494757503e-05,3.08020130172
169,3.5426842686,1.9999999494757503e-05,3.0507608833
170,3.46904492815,1.9999999494757503e-05,3.05393378111
171,3.37675108228,1.9999999494757503e-05,3.05811817767
172,3.07116879823,1.9999999494757503e-05,3.06840303522
173,3.24846080197,1.9999999494757503e-05,3.04450516988
174,3.27064740614,1.9999999494757503e-05,3.07266479508
175,3.28789931601,1.9999999494757503e-05,3.07568337516
176,3.24557183164,1.9999999494757503e-05,3.12296636282
177,3.520160372,1.9999999494757503e-05,3.09915665982
178,2.8505539702,1.9999999494757503e-05,3.09470384408
179,3.42846597071,1.9999999494757503e-05,3.10369551231
180,3.39334324952,1.9999999494757503e-05,3.09258898541
181,3.6079477801,1.9999999494757503e-05,3.07655813503
182,3.4769544811,1.9999999494757503e-05,3.09783329984
183,3.96615032049,1.9999999494757503e-05,3.10596292387
184,3.53004953167,1.9999999494757503e-05,3.1068625729
185,3.04743863811,1.9999999494757503e-05,3.11452854268
186,3.51433667508,1.9999999494757503e-05,3.08220540275
187,3.62970693164,1.9999999494757503e-05,3.05593657772
188,3.14022296864,1.9999999494757503e-05,3.04645310073
189,3.30398850782,1.9999999494757503e-05,3.07048161021
190,3.35848386384,1.9999999494757503e-05,3.09132957149
191,3.3236510937,1.9999999494757503e-05,3.07136977382
192,2.93653826836,1.9999999494757503e-05,3.06781813837
193,3.43902587629,1.9999999494757503e-05,3.07051965402
194,3.07541658241,1.9999999494757503e-05,3.03841260695
195,2.86266243676,1.9999999494757503e-05,3.04203650411
196,3.54398970726,1.9999999494757503e-05,3.05160646931
197,3.59712267533,1.9999999494757503e-05,3.05128597364
198,3.76336554119,1.9999999494757503e-05,3.04184730168
199,3.96678717342,1.9999999494757503e-05,3.04165184653
200,3.13811708981,1.9999999494757503e-05,3.0111343886
201,3.208931943,1.9999999494757503e-05,2.9934412614
202,2.96439930546,1.9999999494757503e-05,2.97147656485
203,3.04638664102,1.9999999494757503e-05,3.02514504792
204,3.26901011065,1.9999999494757503e-05,3.03640627948
205,3.40922995452,1.9999999494757503e-05,3.01915815318
206,3.36483025464,1.9999999494757503e-05,3.04457390197
207,3.63724449528,1.9999999494757503e-05,3.0295038639
208,3.4116768016,1.9999999494757503e-05,2.99907484917
209,3.49716846672,1.9999999494757503e-05,3.02273791966
210,3.09397900869,1.9999999494757503e-05,3.03147564627
211,3.41278610212,1.9999999494757503e-05,3.01757525468
212,2.76638040263,1.9999999494757503e-05,3.01565182841
213,2.90441508695,1.9999999494757503e-05,2.99559671864
214,3.17409733102,1.9999999494757503e-05,2.99529305708
215,3.51984376589,1.9999999494757503e-05,2.99111952727
216,3.2548149584,1.9999999494757503e-05,3.01056975473
217,3.10850760963,1.9999999494757503e-05,3.01378774122
218,3.93757510709,1.9999999494757503e-05,3.01061977412
219,2.88779832679,1.9999999494757503e-05,3.0245594075
220,3.34110740428,1.9999999494757503e-05,3.0107032016
221,2.88461545972,1.9999999494757503e-05,2.99616205314
222,3.64528312264,1.9999999494757503e-05,3.00757197388
223,3.50540104192,1.9999999494757503e-05,2.97766769577
224,3.12117395995,1.9999999494757503e-05,2.94754109406
225,3.51905073176,1.9999999494757503e-05,2.97310448703
226,3.45571556371,1.9999999494757503e-05,2.96685012153
227,3.4193602534,1.9999999494757503e-05,3.01721910256
228,3.49119508921,1.9999999494757503e-05,3.00312144525
229,3.29188728507,1.9999999494757503e-05,2.97806179486
230,3.68966772443,1.9999999494757503e-05,2.9965144179
231,3.37855778334,1.9999999494757503e-05,2.98558061274
232,3.64127153617,1.9999999494757503e-05,3.03504226665
233,3.51962818942,1.9999999494757503e-05,2.99141425173
234,3.6517334718,1.9999999494757503e-05,2.99754824355
235,3.09832112344,1.9999999494757503e-05,3.00603819525
236,2.90584983887,1.9999999494757503e-05,2.9962424499
237,3.42988592714,1.9999999494757503e-05,2.99014064478
238,2.90564570759,1.9999999494757503e-05,3.0027808218
239,3.15844415483,1.9999999494757503e-05,3.0190227927
240,3.22558090626,1.9999999494757503e-05,3.04093275329
241,3.34819508647,1.9999999494757503e-05,3.03088590236
242,3.13962628641,1.9999999494757503e-05,3.00694907598
243,3.24545845444,1.9999999494757503e-05,3.04310244328
244,3.45640225834,1.9999999494757503e-05,3.05477812384
245,3.70044731046,1.9999999494757503e-05,3.05664344941
246,3.64610265201,1.9999999494757503e-05,3.03747733021
247,3.31764839158,1.9999999494757503e-05,3.02190582767
248,3.55673086774,1.9999999494757503e-05,3.00457558296
249,3.12583960456,1.9999999494757503e-05,3.02200874265
250,3.20561625713,1.9999999494757503e-05,3.02932116668
251,3.09797950105,1.9999999494757503e-05,3.03523257096
252,3.97142254564,1.9999999494757503e-05,3.0638527113
253,3.31983623749,1.9999999494757503e-05,3.0583680909
254,3.01811776711,1.9999999494757503e-05,3.00828944187
255,3.06136060984,1.9999999494757503e-05,3.02625593723
256,3.10754180217,1.9999999494757503e-05,3.04771148
257,3.64269935255,1.9999999494757503e-05,3.07138216192
258,3.14389031449,1.9999999494757503e-05,3.14350364721
259,3.284452234,1.9999999494757503e-05,3.09963922088
260,3.13932631741,1.9999999494757503e-05,3.07297496265
261,3.37048800262,1.9999999494757503e-05,3.09653366696
262,3.44723820424,1.9999999494757503e-05,3.07954604778
263,3.1234854582,1.9999999494757503e-05,3.056528685
264,3.50162146205,1.9999999494757503e-05,3.06366302751
265,3.3264991906,1.9999999494757503e-05,3.05670881941
266,3.2621395029,1.9999999494757503e-05,3.04182092836
267,3.02672674368,1.9999999494757503e-05,3.06016380165
268,3.45889818537,1.9999999494757503e-05,3.04502110763
269,3.53375651112,1.9999999494757503e-05,3.04599075208
270,3.12326404856,1.9999999494757503e-05,3.04532127569
271,3.05032505308,1.9999999494757503e-05,3.07575531734
272,3.03698153723,1.9999999494757503e-05,3.07682918963
273,3.40242876762,1.9999999494757503e-05,3.07539120571
274,3.33427668666,1.9999999494757503e-05,3.08115802572
275,3.30651549367,1.9999999494757503e-05,3.06185328062
276,3.22631126096,1.9999999494757503e-05,3.08131186927
277,2.99187041115,1.9999999494757503e-05,3.09355962679
278,3.24176605062,1.9999999494757503e-05,3.07799228474
279,3.30359177013,1.9999999494757503e-05,3.05211112603
280,3.1021311877,1.9999999494757503e-05,3.06048426422
281,3.22647245026,1.9999999494757503e-05,3.09501390553
282,4.20716109468,1.9999999494757503e-05,3.11710608693
283,3.70981289965,1.9999999494757503e-05,3.08907734263
284,3.19017131687,1.9999999494757503e-05,3.08845943175
285,2.94729305798,1.9999999494757503e-05,3.06180972499
286,3.3384622497,1.9999999494757503e-05,3.06105969434
287,2.68479680054,1.9999999494757503e-05,3.03662153285
288,3.0089409657,1.9999999494757503e-05,3.06902197896
289,3.18661851499,1.9999999494757503e-05,3.09337851845
290,3.25763889809,1.9999999494757503e-05,3.0689341328
291,3.43301874028,1.9999999494757503e-05,3.05958590717
292,3.12763270878,1.9999999494757503e-05,3.0646893651
293,3.67524800283,1.9999999494757503e-05,3.10282361836
294,4.02888023198,1.9999999494757503e-05,3.12222719044
295,2.94193782584,1.9999999494757503e-05,3.08698429852
296,3.17622232524,1.9999999494757503e-05,3.05300177023
297,3.25043038658,1.9999999494757503e-05,3.09077352155
298,3.2264756938,1.9999999494757503e-05,3.11569262741
299,3.32661072151,1.9999999494757503e-05,3.09259856206
300,3.32418425965,1.9999999494757503e-05,3.02764811938
301,2.85916494537,1.9999999494757503e-05,3.05642780463
302,3.61484193365,1.9999999494757503e-05,3.08022639323
303,3.51383616811,1.9999999494757503e-05,3.06034219723
304,3.08670410918,1.9999999494757503e-05,3.06699481483
305,3.14138726524,1.9999999494757503e-05,3.05278917534
306,3.56584376031,1.9999999494757503e-05,3.04606954168
307,3.4568868417,1.9999999494757503e-05,3.06562628797
308,3.82972219575,1.9999999494757503e-05,3.04507715012
309,3.64997060744,1.9999999494757503e-05,3.06901963473
310,3.8956900918,1.9999999494757503e-05,3.06105035816
311,3.5634073757,1.9999999494757503e-05,3.04471674202
312,3.06044473229,1.9999999494757503e-05,3.03491252809
313,3.2646572913,1.9999999494757503e-05,3.03682862312
314,2.92177168092,1.9999999494757503e-05,3.05826911987
315,3.17104626575,1.9999999494757503e-05,3.07939584835
316,2.99195574142,1.9999999494757503e-05,3.08234475649
317,3.3020545956,1.9999999494757503e-05,3.06471677066
318,3.63633051198,1.9999999494757503e-05,3.04317949052
319,3.20778867526,1.9999999494757503e-05,3.03610425394
320,3.01133419961,1.9999999494757503e-05,3.05584300289
321,3.17667584542,1.9999999494757503e-05,3.05071236816
322,3.04232706779,1.9999999494757503e-05,3.060560928
323,3.44669363219,1.9999999494757503e-05,3.07379691355
324,3.14556715864,1.9999999494757503e-05,3.06188630451
325,3.09176620983,1.9999999494757503e-05,3.04612313902
326,3.47582251314,1.9999999494757503e-05,3.06995280053
327,3.29137561085,1.9999999494757503e-05,3.09497044253
328,3.07161546015,1.9999999494757503e-05,3.12236462406
329,3.54706214548,1.9999999494757503e-05,3.04536615675
330,3.31043745659,1.9999999494757503e-05,3.02093452364
331,2.88209854727,1.9999999494757503e-05,2.97854342276
332,2.99821165979,1.9999999494757503e-05,3.00891838822
333,3.12535649866,1.9999999494757503e-05,3.0118478883
334,2.99902777401,1.9999999494757503e-05,3.03190391233
335,2.98557781125,1.9999999494757503e-05,2.99404158327
336,3.00846315304,1.9999999494757503e-05,2.98165483162
337,2.80815729728,1.9999999494757503e-05,2.93896258516
338,3.07298041263,1.9999999494757503e-05,2.97963520314
339,3.09885212353,1.9999999494757503e-05,2.99160737406
340,2.85950795897,1.9999999494757503e-05,3.00346295452
341,3.0588744167,1.9999999494757503e-05,3.0033487716
342,3.46515212828,1.9999999494757503e-05,2.97672737494
343,2.96983475214,1.9999999494757503e-05,3.02341393305
344,3.26853926496,1.9999999494757503e-05,3.07135903674
345,3.33616571287,1.9999999494757503e-05,3.09817970673
346,3.49876320755,1.9999999494757503e-05,3.10487420203
347,3.14342643402,1.9999999494757503e-05,3.08063428398
348,3.16221094131,1.9999999494757503e-05,3.04180629871
349,3.16202488749,1.9999999494757503e-05,3.01008030648
350,3.41303839963,1.9999999494757503e-05,3.02261622427
351,3.39141377774,1.9999999494757503e-05,3.02024128637
352,3.28454319723,1.9999999494757503e-05,2.99726224782
353,2.73940296924,1.9999999494757503e-05,3.01338224674
354,3.20729359166,1.9999999494757503e-05,3.00360778996
355,3.27284621581,1.9999999494757503e-05,3.04951631856
356,3.12818463643,1.9999999494757503e-05,3.09237759221
357,3.58158874861,1.9999999494757503e-05,3.07457599428
358,3.1624407122,1.9999999494757503e-05,3.02985441053
359,3.45063985573,1.9999999494757503e-05,3.01809223916
360,3.35194557316,1.9999999494757503e-05,3.00402165686
361,2.92960488665,1.9999999494757503e-05,3.01473703169
362,2.6910402277,1.9999999494757503e-05,3.0194164939
363,3.31890459026,1.9999999494757503e-05,3.05041661574
364,2.97312828385,1.9999999494757503e-05,3.05281821197
365,3.08692399879,1.9999999494757503e-05,3.02209118046
366,3.13844999988,1.9999999494757503e-05,3.05317377505
367,3.55521238069,1.9999999494757503e-05,3.00398788389
368,3.4460990001,1.9999999494757503e-05,2.9936959645
369,3.27393807946,1.9999999494757503e-05,3.02572844281
370,3.11372291998,1.9999999494757503e-05,3.01035826153
371,3.57923814949,1.9999999494757503e-05,3.06006290412
372,3.01551684835,1.9999999494757503e-05,3.0589447589
373,3.03645741721,1.9999999494757503e-05,3.03690061995
374,3.28265936427,1.9999999494757503e-05,3.02530119412
375,3.16160841128,1.9999999494757503e-05,3.07223397512
376,3.12968234701,1.9999999494757503e-05,3.04892505405
377,3.41998687245,1.9999999494757503e-05,3.05295028353
378,3.43081414394,1.9999999494757503e-05,3.04898693352
379,3.24151173267,1.9999999494757503e-05,3.03804964763
380,3.06663034556,1.9999999494757503e-05,3.04945928007
381,3.22726307334,1.9999999494757503e-05,3.06234855742
382,3.10993218335,1.9999999494757503e-05,3.04480971306
383,2.92088645806,1.9999999494757503e-05,3.03428771609
384,3.10971858301,1.9999999494757503e-05,3.03963617922
385,3.23495360871,1.9999999494757503e-05,3.04173791811
386,3.46227013235,1.9999999494757503e-05,3.0186756011
387,3.63867589231,1.9999999494757503e-05,2.97976366571
388,3.45816378716,1.9999999494757503e-05,3.00356946337
389,3.25671516495,1.9999999494757503e-05,3.03288545157
390,3.02239880894,1.9999999494757503e-05,3.0423596282
391,3.26478933851,1.9999999494757503e-05,3.03515720473
392,3.06622015251,1.9999999494757503e-05,3.03571119632
393,3.01138813548,1.9999999494757503e-05,3.03998102443
394,2.96547638016,1.9999999494757503e-05,3.0415010974
395,3.15053065356,1.9999999494757503e-05,3.03066709117
396,3.11908447218,1.9999999494757503e-05,3.07225999998
397,3.70977209252,1.9999999494757503e-05,3.04818553693
398,3.5205404086,1.9999999494757503e-05,3.09826074321
399,3.12128046057,1.9999999494757503e-05,3.11480770748
400,3.23663848049,1.9999999494757503e-05,3.14691002026
401,3.06086144954,1.9999999494757503e-05,3.1225386524
402,3.30014063063,1.9999999494757503e-05,3.12663216464
403,3.34653560408,1.9999999494757503e-05,3.12596850422
404,2.84141315165,1.9999999494757503e-05,3.11411771909
405,3.43965234556,1.9999999494757503e-05,3.08429610017
406,3.13971181318,1.9999999494757503e-05,3.10200787638
407,3.09431409399,1.9999999494757503e-05,3.11309353756
408,3.43319224787,1.9999999494757503e-05,3.11317607798
409,2.77183115526,1.9999999494757503e-05,3.11263918778
410,3.73287657526,1.9999999494757503e-05,3.11004664719
411,3.1726094349,1.9999999494757503e-05,3.07315448794
412,3.00188937794,1.9999999494757503e-05,3.05124375416
413,3.03872625906,1.9999999494757503e-05,3.04025334039
414,3.50020026986,1.9999999494757503e-05,3.03755567946
415,2.81761640245,1.9999999494757503e-05,3.05043943942
416,3.10529508346,1.9999999494757503e-05,3.08543041367
417,2.75114025912,1.9999999494757503e-05,3.07230634297
418,3.28105965115,1.9999999494757503e-05,3.07583358748
419,2.96923353733,1.9999999494757503e-05,3.09823842077
420,2.74650152088,1.9999999494757503e-05,3.06538122075
421,3.37799022137,1.9999999494757503e-05,3.05790322622
422,3.33821846365,1.9999999494757503e-05,3.10179405506
423,2.73366887403,1.9999999494757503e-05,3.06161339553
424,3.27964784636,1.9999999494757503e-05,3.05713010615
425,2.93183890716,1.9999999494757503e-05,3.04482309449
426,3.12581030964,1.9999999494757503e-05,3.0766431517
427,2.9039653151,1.9999999494757503e-05,3.10602223929
428,3.21212495203,1.9999999494757503e-05,3.07019827123
429,3.02957986912,1.9999999494757503e-05,3.09918038172
430,3.23593436842,1.9999999494757503e-05,3.04715688635
431,3.15145962579,1.9999999494757503e-05,3.02272565716
432,2.93614682435,1.9999999494757503e-05,3.02174281733
433,3.49447818903,1.9999999494757503e-05,3.04435861569
434,3.76841840115,1.9999999494757503e-05,3.0619533448
435,2.88156899242,1.9999999494757503e-05,3.05143645046
436,3.85571334083,1.9999999494757503e-05,3.06141776906
437,2.91818050238,1.9999999494757503e-05,3.0884497561
438,2.99943913645,1.9999999494757503e-05,3.04829795247
439,2.99412672424,1.9999999494757503e-05,3.04660008417
440,2.89472117267,1.9999999494757503e-05,3.0508672639
441,3.28721735504,1.9999999494757503e-05,3.00515815733
442,2.69865645244,1.9999999494757503e-05,3.02160363906
443,3.12622031799,1.9999999494757503e-05,3.02076048068
444,3.49845763266,1.9999999494757503e-05,3.02617511915
445,3.15531510573,1.9999999494757503e-05,3.0206189145
446,3.0495063132,1.9999999494757503e-05,3.03535699033
447,3.00291284493,1.9999999494757503e-05,3.05659695375
448,3.13387562766,1.9999999494757503e-05,3.06312379495
449,2.84040364328,1.9999999494757503e-05,3.04866459482
450,3.32536499055,1.9999999494757503e-05,3.03594391547
451,3.36843033239,1.9999999494757503e-05,3.04078398549
452,3.10083541591,1.9999999494757503e-05,3.05248721511
453,3.48051001475,1.9999999494757503e-05,3.04110995939
454,2.61886808112,1.9999999494757503e-05,3.04123769815
455,3.32953130981,1.9999999494757503e-05,3.07648198632
456,3.3293822816,1.9999999494757503e-05,3.04397101728
457,3.16144943237,1.9999999494757503e-05,3.0063033827
458,3.08887282658,1.9999999494757503e-05,3.04518447386
459,3.07098424937,1.9999999494757503e-05,3.03837894879
460,3.15212811917,1.9999999494757503e-05,3.04286766876
461,3.34149821512,1.9999999494757503e-05,3.02020541218
462,3.47665606139,1.9999999494757503e-05,3.03743114999
463,3.43363139044,1.9999999494757503e-05,3.03122036243
464,2.99377385339,1.9999999494757503e-05,3.02984955616
465,2.91696631472,1.9999999494757503e-05,3.04308627227
466,2.99218126269,1.9999999494757503e-05,3.08238386643
467,3.4089005596,1.9999999494757503e-05,3.07361555539
468,2.82480346764,1.9999999494757503e-05,3.06972610622
469,3.39327974721,1.9999999494757503e-05,3.06365276982
470,2.93685234641,1.9999999494757503e-05,3.03524567376
471,3.00676040684,1.9999999494757503e-05,3.03504307255
472,3.25817596694,1.9999999494757503e-05,3.02661840478
473,2.79238110497,1.9999999494757503e-05,3.03670851096
474,3.32041218517,1.9999999494757503e-05,3.02395534224
475,3.59575122267,1.9999999494757503e-05,2.99767012941
476,3.23648159757,1.9999999494757503e-05,3.03615706676
477,3.42523347502,1.9999999494757503e-05,3.03168530567
478,3.17922656964,1.9999999494757503e-05,3.10958799714
479,3.18734000454,1.9999999494757503e-05,3.04789691215
480,2.78192507478,1.9999999494757503e-05,3.01520885636
481,3.0078503579,1.9999999494757503e-05,3.01343699763
482,2.9643791866,1.9999999494757503e-05,3.03694631398
483,2.88227066278,1.9999999494757503e-05,2.99419208463
484,3.09542606078,1.9999999494757503e-05,2.98452034834
485,3.09904442864,1.9999999494757503e-05,3.00250655171
486,3.12635074168,1.9999999494757503e-05,3.05108646915
487,3.22257866615,1.9999999494757503e-05,3.03930897382
488,3.1288312905,1.9999999494757503e-05,3.01697946239
489,2.86279507434,1.9999999494757503e-05,3.05279504757
490,2.90036274225,1.9999999494757503e-05,3.04281856141
491,2.92202273219,1.9999999494757503e-05,3.03594279896
492,3.19415091857,1.9999999494757503e-05,3.05516211004
493,3.44708268055,1.9999999494757503e-05,3.02904034702
494,2.86013604542,1.9999999494757503e-05,3.03019806241
495,2.89023317959,1.9999999494757503e-05,3.05329302709
496,3.15729813873,1.9999999494757503e-05,3.06936235215
497,2.77882503284,1.9999999494757503e-05,3.09139270576
498,3.53353213478,1.9999999494757503e-05,3.07026271395
499,3.07970989318,1.9999999494757503e-05,3.04353345977
500,3.1276156029,1.9999999494757503e-05,3.0254126263
501,3.36137073992,1.9999999494757503e-05,3.03204533402
502,2.89613805411,1.9999999494757503e-05,3.01189122459
503,2.97725102879,1.9999999494757503e-05,3.04264226661
504,2.85920130028,1.9999999494757503e-05,3.03266769976
505,3.14704146577,1.9999999494757503e-05,3.02970336697
506,3.07623356515,1.9999999494757503e-05,3.02075127412
507,2.96296914943,1.9999999494757503e-05,3.01427384492
508,3.26926688048,1.9999999494757503e-05,3.028380371
509,2.8529123081,1.9999999494757503e-05,3.03705290251
510,3.05173067034,1.9999999494757503e-05,3.05923085705
511,3.26620934189,1.9999999494757503e-05,3.03842562493
512,2.88299508759,1.9999999494757503e-05,3.02617704949
513,3.06864088883,1.9999999494757503e-05,2.9972274941
514,2.94845794147,1.9999999494757503e-05,3.00142060471
515,3.62633155292,1.9999999494757503e-05,2.99556294325
516,3.19428817606,1.9999999494757503e-05,2.99549576194
517,3.0379899797,1.9999999494757503e-05,3.01825370511
518,3.39615358974,1.9999999494757503e-05,3.0256458112
519,2.70152080801,1.9999999494757503e-05,3.00678892133
520,3.31452760068,1.9999999494757503e-05,2.99921733469
521,3.2356543017,1.9999999494757503e-05,3.00171525662
522,3.25368447182,1.9999999494757503e-05,3.01852189491
523,3.54715680465,1.9999999494757503e-05,3.01167829381
524,3.02702446124,1.9999999494757503e-05,3.01462614487
525,2.89900907405,1.9999999494757503e-05,2.99013981558
526,3.30051419499,1.9999999494757503e-05,3.02321213217
527,3.07259282874,1.9999999494757503e-05,2.9742279738
528,2.90150884045,1.9999999494757503e-05,2.99015063995
529,2.98978730086,1.9999999494757503e-05,2.99707067044
530,3.06067900824,1.9999999494757503e-05,2.96740358424
531,2.82399110043,1.9999999494757503e-05,3.0039873104
532,2.95732164307,1.9999999494757503e-05,2.99955595599
533,2.84832462461,1.9999999494757503e-05,2.9830369813
534,2.70121619815,1.9999999494757503e-05,3.01197102238
535,3.25169247596,1.9999999494757503e-05,3.00383801501
536,2.99492062055,1.9999999494757503e-05,2.95327200104
537,3.01683594106,1.9999999494757503e-05,2.9534514425
538,2.71320287212,1.9999999494757503e-05,2.94020460283
539,3.00938279244,1.9999999494757503e-05,2.92708993107
540,2.81237830609,1.9999999494757503e-05,2.9553849787
541,3.10981562723,1.9999999494757503e-05,2.98864238742
542,3.03359112897,1.9999999494757503e-05,2.97943303702
543,2.91847732041,1.9999999494757503e-05,3.00724988377
544,2.96386050916,1.9999999494757503e-05,3.01857933817
545,3.34270195297,1.9999999494757503e-05,2.98138573103
546,3.10886088832,1.9999999494757503e-05,2.99022278685
547,3.00069290378,1.9999999494757503e-05,2.98648619838
548,2.99272050526,1.9999999494757503e-05,3.01757691779
549,2.93980295405,1.9999999494757503e-05,3.01466690596
550,3.3371580337,1.9999999494757503e-05,3.02364902586
551,2.94556788385,1.9999999494757503e-05,3.06206526875
552,2.62362657362,1.9999999494757503e-05,3.06608013533
553,3.01758437192,1.9999999494757503e-05,3.01865609978
554,3.04724485599,1.9999999494757503e-05,3.01829801583
555,3.11991530984,1.9999999494757503e-05,3.03724284188
556,3.29877830425,1.9999999494757503e-05,2.99825828134
557,3.24065101976,1.9999999494757503e-05,3.02594743034
558,2.96135964411,1.9999999494757503e-05,3.04616015177
559,2.87795006574,1.9999999494757503e-05,3.02047365167
560,2.99715830118,1.9999999494757503e-05,3.00742493802
561,2.88546717123,1.9999999494757503e-05,3.01120671116
562,3.36056861773,1.9999999494757503e-05,3.0260424332
563,3.00043125554,1.9999999494757503e-05,2.99081825361
564,2.71822285477,1.9999999494757503e-05,2.99679026596
565,2.93342526172,1.9999999494757503e-05,3.00560496497
566,2.7944870292,1.9999999494757503e-05,2.98472544322
567,2.90555961512,1.9999999494757503e-05,2.97786982361
568,3.82086326264,1.9999999494757503e-05,3.01529804597
569,2.85313518667,1.9999999494757503e-05,3.00953136226
570,2.81553797844,1.9999999494757503e-05,3.01215172471
571,2.90459497158,1.9999999494757503e-05,3.01065520828
572,3.03234759879,1.9999999494757503e-05,2.97581842182
573,3.00010092005,1.9999999494757503e-05,2.98271543915
574,3.22021968897,1.9999999494757503e-05,2.99832411702
575,3.25421284756,1.9999999494757503e-05,3.01180526465
576,3.3340697092,1.9999999494757503e-05,3.03107315203
577,3.01963535508,1.9999999494757503e-05,3.06749145665
578,3.33859719374,1.9999999494757503e-05,3.01633611867
579,3.43822741552,1.9999999494757503e-05,3.03308449763
580,3.23523758707,1.9999999494757503e-05,3.05034708729
581,2.88221280391,1.9999999494757503e-05,2.98643133292
582,3.07934346915,1.9999999494757503e-05,3.01749149151
583,3.35276068785,1.9999999494757503e-05,3.00863765846
584,2.94536333294,1.9999999494757503e-05,3.01007818184
585,2.78982157803,1.9999999494757503e-05,3.00512113269
586,3.11610283869,1.9999999494757503e-05,2.98141796023
587,2.688026478,1.9999999494757503e-05,2.97907802543
588,2.89859308122,1.9999999494757503e-05,2.98802284577
589,2.81111217156,1.9999999494757503e-05,2.97214017341
590,3.1175535223,1.9999999494757503e-05,2.95196513159
591,2.86016866314,1.9999999494757503e-05,2.99734652117
592,3.26825729569,1.9999999494757503e-05,3.02601365674
593,3.2099314356,1.9999999494757503e-05,2.99330149823
594,2.71028838926,1.9999999494757503e-05,2.98402317045
595,2.97913112483,1.9999999494757503e-05,2.96798792048
596,2.92192484258,1.9999999494757503e-05,2.9795740639
597,3.71290064731,1.9999999494757503e-05,2.9898858602
598,3.05892115591,1.9999999494757503e-05,2.96413631833
599,3.13028899392,1.9999999494757503e-05,2.9671466871
600,2.81471875998,1.9999999494757503e-05,2.97095089352
601,2.79574136245,1.9999999494757503e-05,2.97080535161
602,2.77760149489,1.9999999494757503e-05,2.97394378647
603,2.61478139367,1.9999999494757503e-05,2.98396598097
604,2.83787141527,1.9999999494757503e-05,3.00345125497
605,3.35799381934,1.9999999494757503e-05,2.97593239768
606,3.43038808906,1.9999999494757503e-05,2.99002735661
607,2.85516089921,1.9999999494757503e-05,2.98262341813
608,3.31786206965,1.9999999494757503e-05,2.9936358394
609,2.7565189648,1.9999999494757503e-05,2.99637370719
610,2.67562442385,1.9999999494757503e-05,3.00583356501
611,3.33561250578,1.9999999494757503e-05,2.95774875832
612,3.66930013786,1.9999999494757503e-05,2.97225869743
613,3.52864236273,1.9999999494757503e-05,2.97884408321
614,3.14411637198,1.9999999494757503e-05,2.99723387012
615,3.01240391696,1.9999999494757503e-05,2.97925670987
616,2.75036880691,1.9999999494757503e-05,2.98574473605
617,2.7810752418,1.9999999494757503e-05,2.97099481111
618,3.14087979959,1.9999999494757503e-05,2.96117503132
619,3.02595683507,1.9999999494757503e-05,2.92234845072
620,2.75293224875,1.9999999494757503e-05,2.9386144449
621,3.32180548675,1.9999999494757503e-05,2.9188205391
622,2.90053354231,1.9999999494757503e-05,2.90695518763
623,3.42895353583,1.9999999494757503e-05,2.92487386656
624,3.44448790358,1.9999999494757503e-05,2.93875815219
625,3.11777055482,1.9999999494757503e-05,2.91557426741
626,2.74986035833,1.9999999494757503e-05,2.92758111337
627,2.97191746506,1.9999999494757503e-05,2.91927430777
628,3.06390676481,1.9999999494757503e-05,2.90818836721
629,2.8579327475,1.9999999494757503e-05,2.9353049346
630,2.81269889786,1.9999999494757503e-05,2.93848007397
631,3.02488503351,1.9999999494757503e-05,2.95159476487
632,3.13915221682,1.9999999494757503e-05,2.9588659081
633,3.27639718545,1.9999999494757503e-05,2.95902177648
634,2.88178043488,1.9999999494757503e-05,2.96661997461
635,2.91927750731,1.9999999494757503e-05,2.95824360804
636,3.06990381912,1.9999999494757503e-05,2.96757129485
637,3.2296514022,1.9999999494757503e-05,3.01243096553
638,3.05874151887,1.9999999494757503e-05,2.97717662537
639,2.78560357827,1.9999999494757503e-05,2.97002444991
640,3.08371918891,1.9999999494757503e-05,2.94168205426
641,3.52361529738,1.9999999494757503e-05,2.98519031583
642,2.71607136639,1.9999999494757503e-05,2.97044231193
643,3.24385038575,1.9999999494757503e-05,2.9815040517
644,2.7238155861,1.9999999494757503e-05,2.9844869721
645,3.02077363437,1.9999999494757503e-05,3.00350219203
646,2.80757562407,1.9999999494757503e-05,2.99531991368
647,2.92465420433,1.9999999494757503e-05,3.01266513551
648,2.78801925977,1.9999999494757503e-05,2.98698176502
649,2.89011477725,1.9999999494757503e-05,2.97178075585
650,2.78113949146,1.9999999494757503e-05,2.99514862114
651,2.92909882793,1.9999999494757503e-05,2.98178478976
652,2.91412333691,1.9999999494757503e-05,3.04327356406
653,3.0243532579,1.9999999494757503e-05,3.03845388658
654,3.27622900428,1.9999999494757503e-05,3.01081285959
655,3.1307683157,1.9999999494757503e-05,3.01747814887
656,3.45191482572,1.9999999494757503e-05,3.04021275136
657,2.92276204637,1.9999999494757503e-05,3.0209923886
658,2.62780741632,1.9999999494757503e-05,2.99723061857
659,3.09785086746,1.9999999494757503e-05,2.98673063256
660,2.9877003165,1.9999999494757503e-05,2.97241453229
661,3.26343745277,1.9999999494757503e-05,2.97150037219
662,2.80948987461,1.9999999494757503e-05,2.97762478036
663,2.99443392789,1.9999999494757503e-05,2.97906812375
664,3.01473755889,1.9999999494757503e-05,3.00435145995
665,2.99541551159,1.9999999494757503e-05,3.03165945504
666,2.97392383076,1.9999999494757503e-05,3.02203761875
667,3.31592261311,1.9999999494757503e-05,3.02797423548
668,2.95259265411,1.9999999494757503e-05,3.02772359584
669,2.66486876788,1.9999999494757503e-05,3.01295645823
670,3.36806312585,1.9999999494757503e-05,2.98704436837
671,3.14052255861,1.9999999494757503e-05,2.99255190601
672,3.14411585322,1.9999999494757503e-05,3.02143604666
673,2.7232435195,1.9999999494757503e-05,3.01489377864
674,2.90355108422,1.9999999494757503e-05,3.01600057686
675,2.74394311486,1.9999999494757503e-05,3.01229381059
676,2.72669102246,1.9999999494757503e-05,3.03759699161
677,3.62143261791,1.9999999494757503e-05,2.98819339579
678,2.54533389724,1.9999999494757503e-05,2.97510389869
679,2.84504945025,1.9999999494757503e-05,2.95748135726
680,3.33395756383,1.9999999494757503e-05,3.01985357662
681,2.64720283094,1.9999999494757503e-05,3.01251099449
682,3.20159535792,1.9999999494757503e-05,2.99854922041
683,3.22385473042,1.9999999494757503e-05,3.00161893979
684,2.50759332706,1.9999999494757503e-05,2.96990667764
685,2.83339055903,1.9999999494757503e-05,2.95071490335
686,2.98404720851,1.9999999494757503e-05,2.96746294743
687,3.39506431115,1.9999999494757503e-05,2.98444057106
688,3.63456660225,1.9999999494757503e-05,2.9566269994
689,2.90609689117,1.9999999494757503e-05,2.98219554476
690,2.92081387663,1.9999999494757503e-05,2.98393937072
691,2.88597763676,1.9999999494757503e-05,2.97568427308
692,3.11680437794,1.9999999494757503e-05,2.97827637258
693,3.0430180354,1.9999999494757503e-05,2.97927163284
694,2.98996668334,1.9999999494757503e-05,2.96301820143
695,2.62005377602,1.9999999494757503e-05,2.97491000162
696,2.51524664543,1.9999999494757503e-05,2.99629885603
697,3.36259054308,1.9999999494757503e-05,2.96248952806
698,2.99367784231,1.9999999494757503e-05,2.95774550956
699,3.16073287712,1.9999999494757503e-05,2.96151116682
