epoch,loss,lr,val_loss
0,25.4109591626,0.0020000000949949026,31.1247905363
1,8.01471194941,0.0020000000949949026,29.765526654
2,5.23025425886,0.0020000000949949026,20.1716454686
3,4.56964116743,0.0020000000949949026,5.20664274326
4,4.38947132306,0.0020000000949949026,2.86839534609
5,4.09306493347,0.0020000000949949026,3.15442985603
6,3.87948718787,0.0020000000949949026,4.33291159784
7,4.22056831458,0.0020000000949949026,3.6742535109
8,3.91695139958,0.0020000000949949026,6.02648770685
9,4.13482595713,0.0004000000189989805,5.16144798234
10,3.44225409529,0.0004000000189989805,4.21860461882
11,3.48699561056,0.0004000000189989805,3.99156122201
12,3.43390764509,8.000000525498763e-05,3.56789240139
13,3.37028023524,8.000000525498763e-05,3.4331501609
14,3.40603672104,8.000000525498763e-05,3.28500045687
15,3.0687899917,1.9999999494757503e-05,3.30334166984
16,3.53246487628,1.9999999494757503e-05,3.34831639873
17,3.50594882476,1.9999999494757503e-05,3.34009616179
18,3.45647830754,1.9999999494757503e-05,3.36417496297
19,3.19592715227,1.9999999494757503e-05,3.39789588371
20,3.08171647809,1.9999999494757503e-05,3.40635650504
21,3.2676520662,1.9999999494757503e-05,3.39673018003
22,3.57094310666,1.9999999494757503e-05,3.42575395141
23,3.37151874203,1.9999999494757503e-05,3.46023378783
24,3.15043994359,1.9999999494757503e-05,3.45322679377
25,3.21597777356,1.9999999494757503e-05,3.41814182494
26,3.54160659479,1.9999999494757503e-05,3.43421680596
27,3.15921572539,1.9999999494757503e-05,3.39708047777
28,3.57605451018,1.9999999494757503e-05,3.39159286332
29,3.27433418791,1.9999999494757503e-05,3.38121864119
30,3.42412509499,1.9999999494757503e-05,3.31128182536
31,3.1484545823,1.9999999494757503e-05,3.35525229369
32,3.48211208455,1.9999999494757503e-05,3.40657062243
33,3.23194630329,1.9999999494757503e-05,3.4089696333
34,3.91400766023,1.9999999494757503e-05,3.38397027933
35,3.23338543364,1.9999999494757503e-05,3.35061530512
36,3.21055430545,1.9999999494757503e-05,3.30982170531
37,3.48487748069,1.9999999494757503e-05,3.3492817121
38,3.43468700136,1.9999999494757503e-05,3.36689202441
39,3.22956624747,1.9999999494757503e-05,3.38695339942
40,3.10695393356,1.9999999494757503e-05,3.31718183001
41,3.5008431232,1.9999999494757503e-05,3.3237097627
42,3.29062848039,1.9999999494757503e-05,3.3926820908
43,3.27062901123,1.9999999494757503e-05,3.33950254637
44,3.39888276023,1.9999999494757503e-05,3.35249642888
45,3.03694705081,1.9999999494757503e-05,3.35654674988
46,3.56355003734,1.9999999494757503e-05,3.36623461021
47,3.04429266654,1.9999999494757503e-05,3.35298984741
48,3.21873940435,1.9999999494757503e-05,3.34308285488
49,3.46998945435,1.9999999494757503e-05,3.30534692589
50,3.4633229102,1.9999999494757503e-05,3.27637803567
51,3.57597085757,1.9999999494757503e-05,3.28298146524
52,3.41947850902,1.9999999494757503e-05,3.26409494672
53,3.38893737898,1.9999999494757503e-05,3.26537976518
54,3.0998121548,1.9999999494757503e-05,3.242534947
55,3.37934554366,1.9999999494757503e-05,3.2683382841
56,3.14519965518,1.9999999494757503e-05,3.25579579246
57,3.29593827,1.9999999494757503e-05,3.28545921908
58,3.20286474822,1.9999999494757503e-05,3.31127302754
59,3.19346709042,1.9999999494757503e-05,3.32008546126
60,3.25337987068,1.9999999494757503e-05,3.38534331659
61,3.24741429811,1.9999999494757503e-05,3.33807216619
62,2.71636957039,1.9999999494757503e-05,3.31443855489
63,3.3846114232,1.9999999494757503e-05,3.32890908615
64,3.16115597829,1.9999999494757503e-05,3.29442394201
65,3.29547969588,1.9999999494757503e-05,3.27040074632
66,3.05909016019,1.9999999494757503e-05,3.25879208524
67,3.07609428514,1.9999999494757503e-05,3.22587200779
68,3.27613094787,1.9999999494757503e-05,3.26403759311
69,3.42707544019,1.9999999494757503e-05,3.33923469444
70,2.96776579588,1.9999999494757503e-05,3.30034138303
71,3.42966657418,1.9999999494757503e-05,3.26599306537
72,3.65350111413,1.9999999494757503e-05,3.3226145592
73,3.12242655876,1.9999999494757503e-05,3.33303354609
74,3.27457018213,1.9999999494757503e-05,3.34501026317
75,3.46359919803,1.9999999494757503e-05,3.32053831375
76,3.01636696473,1.9999999494757503e-05,3.28050734502
77,3.39047251604,1.9999999494757503e-05,3.33123741564
78,3.07823826978,1.9999999494757503e-05,3.29663099067
79,3.21414882392,1.9999999494757503e-05,3.2564323433
80,3.21414945239,1.9999999494757503e-05,3.29644462342
81,3.19475522321,1.9999999494757503e-05,3.34266363403
82,3.02864986724,1.9999999494757503e-05,3.29058884992
83,3.08783841832,1.9999999494757503e-05,3.25361981833
84,3.25668240292,1.9999999494757503e-05,3.29554175903
85,3.31125942167,1.9999999494757503e-05,3.27472004028
86,3.30606553493,1.9999999494757503e-05,3.30277738223
87,3.18084044771,1.9999999494757503e-05,3.28166956001
88,3.3707304979,1.9999999494757503e-05,3.29574596603
89,3.52600716235,1.9999999494757503e-05,3.26303917067
90,3.38129740844,1.9999999494757503e-05,3.29138902341
91,3.02472257614,1.9999999494757503e-05,3.32663755398
92,3.21470689512,1.9999999494757503e-05,3.30671674084
93,2.89542926362,1.9999999494757503e-05,3.25716216856
94,2.91492859261,1.9999999494757503e-05,3.23899636769
95,3.33593814626,1.9999999494757503e-05,3.28687362742
96,3.04683958654,1.9999999494757503e-05,3.27747891784
97,3.19854849468,1.9999999494757503e-05,3.2731052336
98,3.55217634365,1.9999999494757503e-05,3.2827313574
99,3.24091485274,1.9999999494757503e-05,3.29168166756
100,2.88613154731,1.9999999494757503e-05,3.24281577456
101,3.62753065034,1.9999999494757503e-05,3.22193616201
102,2.84195067201,1.9999999494757503e-05,3.23073583352
103,3.17594068915,1.9999999494757503e-05,3.20499024675
104,3.16107632105,1.9999999494757503e-05,3.23329213739
105,3.39646689446,1.9999999494757503e-05,3.27269579126
106,3.73138962604,1.9999999494757503e-05,3.26678719441
107,3.06438148153,1.9999999494757503e-05,3.32723668552
108,3.29162085362,1.9999999494757503e-05,3.33726447567
109,3.42929711534,1.9999999494757503e-05,3.32659176556
110,3.25395881824,1.9999999494757503e-05,3.28533226202
111,3.47954225627,1.9999999494757503e-05,3.29719586333
112,3.11498399794,1.9999999494757503e-05,3.27177001502
113,2.93452652557,1.9999999494757503e-05,3.25923945453
114,3.09971657603,1.9999999494757503e-05,3.28533747235
115,3.21612539396,1.9999999494757503e-05,3.26257585488
116,3.15620296211,1.9999999494757503e-05,3.21121071778
117,3.13625370102,1.9999999494757503e-05,3.22491972356
118,3.25333889937,1.9999999494757503e-05,3.26261971107
119,3.58472244032,1.9999999494757503e-05,3.3681595981
120,3.31001335535,1.9999999494757503e-05,3.3878866506
121,2.96829851425,1.9999999494757503e-05,3.35056893574
122,2.97849101985,1.9999999494757503e-05,3.30374750297
123,2.98940540408,1.9999999494757503e-05,3.34735508514
124,2.6118544886,1.9999999494757503e-05,3.34942281593
125,3.29930201992,1.9999999494757503e-05,3.38210320324
126,3.01999708104,1.9999999494757503e-05,3.37304080654
127,2.98814943509,1.9999999494757503e-05,3.43250427948
128,3.06564946227,1.9999999494757503e-05,3.38877987409
129,3.3012396381,1.9999999494757503e-05,3.34298284894
130,3.37881113583,1.9999999494757503e-05,3.31360554847
131,3.20564218581,1.9999999494757503e-05,3.31677364584
132,3.28475343919,1.9999999494757503e-05,3.28305273567
133,2.78791120026,1.9999999494757503e-05,3.31034296423
134,3.40641406168,1.9999999494757503e-05,3.3224338435
135,3.23263936165,1.9999999494757503e-05,3.29875416908
136,3.34497027519,1.9999999494757503e-05,3.33230834214
137,3.24297613277,1.9999999494757503e-05,3.2568764572
138,3.27779880461,1.9999999494757503e-05,3.25057286352
139,3.18238851876,1.9999999494757503e-05,3.2655692502
140,2.96858486762,1.9999999494757503e-05,3.2604895951
141,2.87637785852,1.9999999494757503e-05,3.29046778954
142,2.77370841337,1.9999999494757503e-05,3.32043345802
143,3.13711812579,1.9999999494757503e-05,3.32410415939
144,3.38766904366,1.9999999494757503e-05,3.29899171862
145,2.99350689008,1.9999999494757503e-05,3.27872055472
146,3.03898826886,1.9999999494757503e-05,3.29295354862
147,3.0755361288,1.9999999494757503e-05,3.23964360263
148,2.87665496641,1.9999999494757503e-05,3.21553211382
149,3.18643191795,1.9999999494757503e-05,3.25687786305
150,3.32558336188,1.9999999494757503e-05,3.37459829394
151,3.06288648612,1.9999999494757503e-05,3.38435549789
152,3.08764684899,1.9999999494757503e-05,3.35436285388
153,3.03181857853,1.9999999494757503e-05,3.26678975967
154,3.55423507891,1.9999999494757503e-05,3.30437425144
155,3.19315489046,1.9999999494757503e-05,3.29654853774
156,3.01665824281,1.9999999494757503e-05,3.3159469858
157,3.0778205648,1.9999999494757503e-05,3.31280509381
158,2.95165603589,1.9999999494757503e-05,3.32590066922
159,2.8809439743,1.9999999494757503e-05,3.34790581771
160,3.02956038866,1.9999999494757503e-05,3.34025559021
161,3.34733242255,1.9999999494757503e-05,3.3634202541
162,3.27538981542,1.9999999494757503e-05,3.30513984423
163,2.68548577871,1.9999999494757503e-05,3.35817565901
164,3.394737586,1.9999999494757503e-05,3.36823952279
165,3.59690616943,1.9999999494757503e-05,3.3886092545
166,3.20653157618,1.9999999494757503e-05,3.38866244328
167,2.91745274757,1.9999999494757503e-05,3.28749564265
168,2.95816955636,1.9999999494757503e-05,3.31734191876
169,2.9094737266,1.9999999494757503e-05,3.28697680287
170,3.23663808051,1.9999999494757503e-05,3.28848898213
171,2.99405314285,1.9999999494757503e-05,3.26466210933
172,3.19587022306,1.9999999494757503e-05,3.26737270329
173,3.04573188509,1.9999999494757503e-05,3.26690284614
174,3.03876607322,1.9999999494757503e-05,3.24256565851
175,2.70131377161,1.9999999494757503e-05,3.26097151364
176,3.26360890804,1.9999999494757503e-05,3.29295550315
177,2.8405758828,1.9999999494757503e-05,3.36508201165
178,3.04362747608,1.9999999494757503e-05,3.34874089121
179,3.1876077486,1.9999999494757503e-05,3.33062570742
180,2.83792470226,1.9999999494757503e-05,3.31278587813
181,3.35359226478,1.9999999494757503e-05,3.31257132018
182,2.98834902638,1.9999999494757503e-05,3.28343242103
183,3.11899346484,1.9999999494757503e-05,3.32058865842
184,2.83784514556,1.9999999494757503e-05,3.31014224298
185,3.27429143326,1.9999999494757503e-05,3.35515471549
186,2.84672259498,1.9999999494757503e-05,3.33435431842
187,2.9579958252,1.9999999494757503e-05,3.26902216549
188,3.16628016919,1.9999999494757503e-05,3.26953243943
189,3.40137102141,1.9999999494757503e-05,3.37241578709
190,3.23137488819,1.9999999494757503e-05,3.37126932254
191,2.56261345406,1.9999999494757503e-05,3.34804675708
192,2.96188295455,1.9999999494757503e-05,3.32204546552
193,3.18587444204,1.9999999494757503e-05,3.27082546325
194,3.15237467542,1.9999999494757503e-05,3.26694400054
195,3.23283289553,1.9999999494757503e-05,3.29289335056
196,3.2755490917,1.9999999494757503e-05,3.32423822188
197,2.9306650284,1.9999999494757503e-05,3.21921153574
198,2.94600035681,1.9999999494757503e-05,3.18591980336
199,2.72688646631,1.9999999494757503e-05,3.19630296693
200,3.31195000807,1.9999999494757503e-05,3.21293367765
201,3.25044354502,1.9999999494757503e-05,3.30688657229
202,3.26444689564,1.9999999494757503e-05,3.32925849663
203,3.18275098399,1.9999999494757503e-05,3.29200501867
204,3.32685208539,1.9999999494757503e-05,3.33206346265
205,3.16520705328,1.9999999494757503e-05,3.33901381957
206,3.0390548872,1.9999999494757503e-05,3.28907682166
207,3.24949114139,1.9999999494757503e-05,3.29933721186
208,3.33248855954,1.9999999494757503e-05,3.28283942533
209,3.26472113683,1.9999999494757503e-05,3.30250870376
210,3.24520564167,1.9999999494757503e-05,3.27974646714
211,3.00976611756,1.9999999494757503e-05,3.34018643055
212,2.66369141065,1.9999999494757503e-05,3.27445533401
213,3.05636582095,1.9999999494757503e-05,3.21745717216
214,3.26259560113,1.9999999494757503e-05,3.2633370614
215,3.04823089083,1.9999999494757503e-05,3.25529657388
216,2.79747537816,1.9999999494757503e-05,3.23765393001
217,3.20460746576,1.9999999494757503e-05,3.27050815693
218,2.87134856095,1.9999999494757503e-05,3.27342706603
219,3.30745114075,1.9999999494757503e-05,3.31089563219
220,2.93182144846,1.9999999494757503e-05,3.30913412695
221,2.75956906154,1.9999999494757503e-05,3.32075037257
222,3.02229807054,1.9999999494757503e-05,3.2799381558
223,2.61793720417,1.9999999494757503e-05,3.2625527403
224,2.80580218109,1.9999999494757503e-05,3.26689549717
225,2.99097566203,1.9999999494757503e-05,3.30373771455
226,2.84274280901,1.9999999494757503e-05,3.25773942879
227,3.3527210571,1.9999999494757503e-05,3.27914742472
228,2.97746888796,1.9999999494757503e-05,3.2514167047
229,3.08922106879,1.9999999494757503e-05,3.2622031536
230,2.97512000646,1.9999999494757503e-05,3.29441244147
231,3.17667297566,1.9999999494757503e-05,3.28782046932
232,3.13161379077,1.9999999494757503e-05,3.30580933978
233,3.13306186575,1.9999999494757503e-05,3.29351881899
234,2.77441347388,1.9999999494757503e-05,3.26752772896
235,2.8377518453,1.9999999494757503e-05,3.27799748002
236,2.93870687921,1.9999999494757503e-05,3.23834574377
237,2.79398307084,1.9999999494757503e-05,3.23111784985
238,3.2072891272,1.9999999494757503e-05,3.24153626826
239,2.94363342799,1.9999999494757503e-05,3.27287943878
240,2.9279410922,1.9999999494757503e-05,3.29252963982
241,2.86148513193,1.9999999494757503e-05,3.26437250697
242,3.17231093353,1.9999999494757503e-05,3.30359459549
243,3.12235242871,1.9999999494757503e-05,3.2711457528
244,2.74264011802,1.9999999494757503e-05,3.29204141898
245,3.00764368043,1.9999999494757503e-05,3.27109047975
246,3.77168658277,1.9999999494757503e-05,3.23304615289
247,2.94092803298,1.9999999494757503e-05,3.2543915429
248,3.13813399133,1.9999999494757503e-05,3.33619645371
249,3.28812105402,1.9999999494757503e-05,3.38022456893
250,3.16027476936,1.9999999494757503e-05,3.32580184305
251,3.24847996541,1.9999999494757503e-05,3.27411368421
252,2.98399318444,1.9999999494757503e-05,3.2699405313
253,2.68520266407,1.9999999494757503e-05,3.27884033719
254,3.34504529757,1.9999999494757503e-05,3.32140958662
255,3.18995300579,1.9999999494757503e-05,3.30854433552
256,2.89272552707,1.9999999494757503e-05,3.31864370043
257,2.99779222431,1.9999999494757503e-05,3.27685962658
258,3.13263344677,1.9999999494757503e-05,3.30053283488
259,2.91134777611,1.9999999494757503e-05,3.27003162492
260,2.93260901577,1.9999999494757503e-05,3.31439197819
261,2.81156822788,1.9999999494757503e-05,3.30094894761
262,2.79951334873,1.9999999494757503e-05,3.3014145579
263,2.8405710188,1.9999999494757503e-05,3.31104003708
264,2.98674904863,1.9999999494757503e-05,3.35258073854
265,3.27426378282,1.9999999494757503e-05,3.35688605025
266,3.0291796307,1.9999999494757503e-05,3.34196164869
267,3.12359885156,1.9999999494757503e-05,3.33268879524
268,2.81167509093,1.9999999494757503e-05,3.35009528346
269,3.18250105058,1.9999999494757503e-05,3.30519739878
270,3.29033793111,1.9999999494757503e-05,3.36947384842
271,3.45578855123,1.9999999494757503e-05,3.39629263318
272,2.87682403488,1.9999999494757503e-05,3.33106655954
273,2.9380182364,1.9999999494757503e-05,3.36490141199
274,2.8804114712,1.9999999494757503e-05,3.34148402329
275,3.15823397444,1.9999999494757503e-05,3.38234611608
276,2.96420300051,1.9999999494757503e-05,3.40056343448
277,3.35267678569,1.9999999494757503e-05,3.41169548035
278,2.97721646557,1.9999999494757503e-05,3.40740648185
279,2.71810294115,1.9999999494757503e-05,3.37945446075
280,3.30156773831,1.9999999494757503e-05,3.40930161314
281,2.94946736643,1.9999999494757503e-05,3.4413659194
282,2.81512959973,1.9999999494757503e-05,3.41115211548
283,3.07337465478,1.9999999494757503e-05,3.35923725224
284,3.20963276088,1.9999999494757503e-05,3.37736242941
285,2.96380931292,1.9999999494757503e-05,3.40702317733
286,2.84956559768,1.9999999494757503e-05,3.39817924051
287,3.21813726338,1.9999999494757503e-05,3.35165013134
288,2.69536634417,1.9999999494757503e-05,3.3634079963
289,3.14447916296,1.9999999494757503e-05,3.32213049253
290,3.04110354818,1.9999999494757503e-05,3.33790390897
291,2.76347934457,1.9999999494757503e-05,3.36878328747
292,2.71492004395,1.9999999494757503e-05,3.34338220737
293,2.78624031221,1.9999999494757503e-05,3.42455360516
294,2.94200670501,1.9999999494757503e-05,3.43613034989
295,2.53678658419,1.9999999494757503e-05,3.36784145075
296,2.77014544333,1.9999999494757503e-05,3.33706109824
297,2.80247506117,1.9999999494757503e-05,3.30446388946
298,3.27013464114,1.9999999494757503e-05,3.3029745368
299,3.18663083328,1.9999999494757503e-05,3.35742466929
300,3.15959309134,1.9999999494757503e-05,3.39716580126
301,2.968697668,1.9999999494757503e-05,3.40201288313
302,2.7969036373,1.9999999494757503e-05,3.30660074429
303,2.85173940484,1.9999999494757503e-05,3.31173916945
304,3.14666311557,1.9999999494757503e-05,3.288816963
305,2.97506978136,1.9999999494757503e-05,3.32136153884
306,3.1813190717,1.9999999494757503e-05,3.28022917591
307,2.94361250042,1.9999999494757503e-05,3.26418449861
308,2.85123208351,1.9999999494757503e-05,3.26086628059
309,3.2108293846,1.9999999494757503e-05,3.27040409788
310,2.90392933049,1.9999999494757503e-05,3.30764792379
311,3.01923034305,1.9999999494757503e-05,3.34436947225
312,2.94648067113,1.9999999494757503e-05,3.32382294467
313,2.68060868302,1.9999999494757503e-05,3.25119302811
314,3.20580843866,1.9999999494757503e-05,3.34997355789
315,2.95675313866,1.9999999494757503e-05,3.32961872722
316,2.80265594402,1.9999999494757503e-05,3.40726715116
317,3.08550514494,1.9999999494757503e-05,3.36707576298
318,2.70736284134,1.9999999494757503e-05,3.37054521347
319,2.88771602304,1.9999999494757503e-05,3.28320163866
320,2.72410079236,1.9999999494757503e-05,3.25632086619
321,2.83784442769,1.9999999494757503e-05,3.33569214206
322,2.70163277567,1.9999999494757503e-05,3.32887593308
323,3.00075341756,1.9999999494757503e-05,3.29410138466
324,3.05510149247,1.9999999494757503e-05,3.37025388604
325,2.85009294071,1.9999999494757503e-05,3.33727543908
326,2.83305545659,1.9999999494757503e-05,3.34360361471
327,2.8546663955,1.9999999494757503e-05,3.3975436097
328,2.76861855573,1.9999999494757503e-05,3.37446994042
329,2.71247097686,1.9999999494757503e-05,3.38507102625
330,2.87597212425,1.9999999494757503e-05,3.41272850338
331,2.84360183814,1.9999999494757503e-05,3.40176616129
332,3.29539727641,1.9999999494757503e-05,3.40104744985
333,2.75177620837,1.9999999494757503e-05,3.34172905824
334,3.21512563237,1.9999999494757503e-05,3.35363136154
335,3.01564851087,1.9999999494757503e-05,3.34509861568
336,2.72484217633,1.9999999494757503e-05,3.31776909186
337,3.09372444817,1.9999999494757503e-05,3.33700858648
338,3.18353020665,1.9999999494757503e-05,3.4107204198
339,2.92115577761,1.9999999494757503e-05,3.43844758758
340,3.02486021615,1.9999999494757503e-05,3.35849635294
341,2.65512388355,1.9999999494757503e-05,3.32126568391
342,2.86801613556,1.9999999494757503e-05,3.28427361364
343,2.87261077074,1.9999999494757503e-05,3.35863276288
344,2.72289555326,1.9999999494757503e-05,3.28891896278
345,2.9821400197,1.9999999494757503e-05,3.28562630115
346,2.87650261956,1.9999999494757503e-05,3.32636789547
347,3.06027892046,1.9999999494757503e-05,3.39871021678
348,2.81582384756,1.9999999494757503e-05,3.32306169708
349,2.87542925824,1.9999999494757503e-05,3.3217280284
350,3.00072056994,1.9999999494757503e-05,3.37675042893
351,3.08563511887,1.9999999494757503e-05,3.35868090707
352,2.60095174147,1.9999999494757503e-05,3.35108280743
353,2.96322508871,1.9999999494757503e-05,3.32809212246
354,2.70927267896,1.9999999494757503e-05,3.28443049028
355,2.79979159151,1.9999999494757503e-05,3.34715519985
356,3.10005012013,1.9999999494757503e-05,3.30836615351
357,3.0054461301,1.9999999494757503e-05,3.3095763247
358,3.19019306099,1.9999999494757503e-05,3.28474373059
359,2.90662049156,1.9999999494757503e-05,3.31289570161
360,2.63766035056,1.9999999494757503e-05,3.36024816777
361,2.72028633177,1.9999999494757503e-05,3.36739252282
362,2.70599605094,1.9999999494757503e-05,3.28837030736
363,2.74839524821,1.9999999494757503e-05,3.26815961026
364,3.03217304845,1.9999999494757503e-05,3.29591449649
365,3.01588275581,1.9999999494757503e-05,3.29708492527
366,3.34458486239,1.9999999494757503e-05,3.35366279996
367,2.72225873724,1.9999999494757503e-05,3.34449796146
368,2.92781929743,1.9999999494757503e-05,3.28542863684
369,3.22785903595,1.9999999494757503e-05,3.30361759533
370,2.9243009859,1.9999999494757503e-05,3.3016237282
371,3.14813444815,1.9999999494757503e-05,3.29908745899
372,3.14826442732,1.9999999494757503e-05,3.33327818152
373,2.76908206459,1.9999999494757503e-05,3.32039748879
374,2.8166651145,1.9999999494757503e-05,3.25769540606
375,2.87403153675,1.9999999494757503e-05,3.2686284449
376,2.7409017991,1.9999999494757503e-05,3.2425996774
377,2.91949963046,1.9999999494757503e-05,3.26810705048
378,2.8836823156,1.9999999494757503e-05,3.2657770675
379,2.91633246059,1.9999999494757503e-05,3.25242564745
380,2.6471011988,1.9999999494757503e-05,3.24863828647
381,2.73686874655,1.9999999494757503e-05,3.2602517743
382,2.88233549997,1.9999999494757503e-05,3.20063916456
383,2.78600097139,1.9999999494757503e-05,3.19286998945
384,2.79888429135,1.9999999494757503e-05,3.28519812418
385,2.62691168209,1.9999999494757503e-05,3.22741546911
386,2.59549902822,1.9999999494757503e-05,3.23527719678
387,2.80383193449,1.9999999494757503e-05,3.23259223573
388,2.58327644561,1.9999999494757503e-05,3.23322628696
389,2.80152238365,1.9999999494757503e-05,3.37823891063
390,2.75999696525,1.9999999494757503e-05,3.35710185078
391,3.08474253385,1.9999999494757503e-05,3.23369654697
392,2.91221743189,1.9999999494757503e-05,3.26000608296
393,2.91573955725,1.9999999494757503e-05,3.33640594722
394,3.11610397052,1.9999999494757503e-05,3.36935045287
395,3.06273747713,1.9999999494757503e-05,3.39501510464
396,2.88606339235,1.9999999494757503e-05,3.36618137583
397,2.79349147706,1.9999999494757503e-05,3.42134903114
398,2.5467478539,1.9999999494757503e-05,3.36738127191
399,2.6239818304,1.9999999494757503e-05,3.28575001053
400,2.74210949782,1.9999999494757503e-05,3.28410078272
401,2.85334051223,1.9999999494757503e-05,3.31329092191
402,2.67120402637,1.9999999494757503e-05,3.21406371009
403,2.82996229374,1.9999999494757503e-05,3.28142853623
404,2.78480380621,1.9999999494757503e-05,3.38517757507
405,2.91311831658,1.9999999494757503e-05,3.3489353956
406,2.90018315368,1.9999999494757503e-05,3.2816351206
407,2.56918962535,1.9999999494757503e-05,3.27927895185
408,2.86168465597,1.9999999494757503e-05,3.27239932055
409,2.85511432201,1.9999999494757503e-05,3.36591195806
410,2.69569239075,1.9999999494757503e-05,3.27051691435
411,2.63997673552,1.9999999494757503e-05,3.23160417443
412,2.97403580802,1.9999999494757503e-05,3.29711369046
413,3.13772685449,1.9999999494757503e-05,3.36687155145
414,2.5140358476,1.9999999494757503e-05,3.32745172979
415,2.88944700087,1.9999999494757503e-05,3.33941635886
416,2.99164956481,1.9999999494757503e-05,3.32325901432
417,2.62006229533,1.9999999494757503e-05,3.30684250271
418,2.42996525153,1.9999999494757503e-05,3.30595162145
419,2.65261819598,1.9999999494757503e-05,3.28457448271
420,2.65686024851,1.9999999494757503e-05,3.30842807976
421,3.15482121073,1.9999999494757503e-05,3.39019468105
422,2.83370336836,1.9999999494757503e-05,3.34233457352
423,2.8621894012,1.9999999494757503e-05,3.37832703115
424,2.60783866474,1.9999999494757503e-05,3.36653957105
425,2.85492503949,1.9999999494757503e-05,3.29372673192
426,2.69028689748,1.9999999494757503e-05,3.32925157525
427,2.73047162936,1.9999999494757503e-05,3.31820162579
428,2.42956300882,1.9999999494757503e-05,3.27539647756
429,2.62444348126,1.9999999494757503e-05,3.30859338952
430,2.85597226209,1.9999999494757503e-05,3.386536765
431,2.9806407153,1.9999999494757503e-05,3.3928409357
432,2.84642192907,1.9999999494757503e-05,3.39866509656
433,2.46680721521,1.9999999494757503e-05,3.38100028862
434,3.11794828321,1.9999999494757503e-05,3.38599202576
435,2.84013186794,1.9999999494757503e-05,3.44106845858
436,3.06317787729,1.9999999494757503e-05,3.44017283231
437,3.02860502882,1.9999999494757503e-05,3.39144163788
438,2.69894842612,1.9999999494757503e-05,3.36055079388
439,2.54351628624,1.9999999494757503e-05,3.31725248056
440,2.71560938804,1.9999999494757503e-05,3.36207729485
441,3.10838605982,1.9999999494757503e-05,3.34085548401
442,2.91538243907,1.9999999494757503e-05,3.3025674157
443,2.90400727852,1.9999999494757503e-05,3.33653497776
444,2.64826144316,1.9999999494757503e-05,3.39969007463
445,2.51652855052,1.9999999494757503e-05,3.31584739951
446,2.6203861289,1.9999999494757503e-05,3.2723632207
447,2.58212194251,1.9999999494757503e-05,3.2842680201
448,3.20722856452,1.9999999494757503e-05,3.29079168298
449,2.89904080904,1.9999999494757503e-05,3.22452147221
450,2.57849561164,1.9999999494757503e-05,3.30774174237
451,2.77085932009,1.9999999494757503e-05,3.29363415339
452,2.96468625401,1.9999999494757503e-05,3.35359541542
453,2.79314648188,1.9999999494757503e-05,3.32301257888
454,2.92349399664,1.9999999494757503e-05,3.34891364109
455,2.69631141097,1.9999999494757503e-05,3.32785900932
456,2.84533479712,1.9999999494757503e-05,3.38261965568
457,2.82237244264,1.9999999494757503e-05,3.35329161742
458,2.69444244249,1.9999999494757503e-05,3.38345534455
459,2.65918097042,1.9999999494757503e-05,3.26827345321
460,3.15606812068,1.9999999494757503e-05,3.28931897916
461,2.45620552961,1.9999999494757503e-05,3.2270765444
462,2.8189667424,1.9999999494757503e-05,3.2864226473
463,3.24863523267,1.9999999494757503e-05,3.289103973
464,2.72858494193,1.9999999494757503e-05,3.35749274347
465,2.65260153245,1.9999999494757503e-05,3.28801035274
466,2.99958891834,1.9999999494757503e-05,3.2810774321
467,2.71668651427,1.9999999494757503e-05,3.39815286508
468,2.85699045789,1.9999999494757503e-05,3.23486852801
469,2.47534538342,1.9999999494757503e-05,3.25789706369
470,2.79013657657,1.9999999494757503e-05,3.29124758168
471,2.7427925164,1.9999999494757503e-05,3.31751737525
472,2.76644820433,1.9999999494757503e-05,3.27339075019
473,2.89728201615,1.9999999494757503e-05,3.3010756716
474,2.55402039346,1.9999999494757503e-05,3.27679393309
475,2.48560566518,1.9999999494757503e-05,3.3051830918
476,2.71411237874,1.9999999494757503e-05,3.36324600581
477,2.79444781503,1.9999999494757503e-05,3.34067248648
478,2.71363299015,1.9999999494757503e-05,3.46022699101
479,2.75238336312,1.9999999494757503e-05,3.4473810362
480,2.92136608725,1.9999999494757503e-05,3.39710387631
481,2.91137454012,1.9999999494757503e-05,3.37676494434
482,2.81532686141,1.9999999494757503e-05,3.39305207381
483,3.15815684996,1.9999999494757503e-05,3.40243438834
484,2.85285035944,1.9999999494757503e-05,3.3555975438
485,2.89217748223,1.9999999494757503e-05,3.39024845466
486,2.68407745676,1.9999999494757503e-05,3.29492714394
487,2.67871365006,1.9999999494757503e-05,3.37575546062
488,2.52383668955,1.9999999494757503e-05,3.39763664642
489,2.84387675921,1.9999999494757503e-05,3.33945543503
490,2.71581437125,1.9999999494757503e-05,3.34137949186
491,2.76326625338,1.9999999494757503e-05,3.35123974302
492,2.93506611485,1.9999999494757503e-05,3.48434361388
493,2.70237776211,1.9999999494757503e-05,3.49391740418
494,2.84823872755,1.9999999494757503e-05,3.38274203213
495,3.07455868599,1.9999999494757503e-05,3.33000746977
496,2.74575638509,1.9999999494757503e-05,3.29795659803
497,2.84947767013,1.9999999494757503e-05,3.28867219993
498,2.77063172117,1.9999999494757503e-05,3.272908122
499,2.73175545228,1.9999999494757503e-05,3.41063233293
500,2.56415388174,1.9999999494757503e-05,3.36531746456
501,2.6863472715,1.9999999494757503e-05,3.37806741698
502,2.92101974452,1.9999999494757503e-05,3.45326222012
503,2.64048673993,1.9999999494757503e-05,3.44833883643
504,2.66429339748,1.9999999494757503e-05,3.39287777019
505,2.98787301102,1.9999999494757503e-05,3.45938124788
506,2.70942843091,1.9999999494757503e-05,3.42894160648
507,2.59213379888,1.9999999494757503e-05,3.40057891081
508,2.77684145009,1.9999999494757503e-05,3.39344545657
509,2.72853838044,1.9999999494757503e-05,3.35789718115
510,2.61771175975,1.9999999494757503e-05,3.3678711474
511,2.58945480895,1.9999999494757503e-05,3.3082255604
512,2.69936098983,1.9999999494757503e-05,3.33640978001
513,3.0566398783,1.9999999494757503e-05,3.33714633539
514,2.80904944214,1.9999999494757503e-05,3.4171250465
515,2.70732551704,1.9999999494757503e-05,3.40252429959
516,2.98475363316,1.9999999494757503e-05,3.36683231543
517,2.5297167275,1.9999999494757503e-05,3.34596952895
518,3.00787556826,1.9999999494757503e-05,3.35285377949
519,2.82103066217,1.9999999494757503e-05,3.42210775908
520,2.56292990974,1.9999999494757503e-05,3.30833651841
521,2.67553303268,1.9999999494757503e-05,3.2905349163
522,3.15261659081,1.9999999494757503e-05,3.34180814409
523,2.73795198434,1.9999999494757503e-05,3.27488318603
524,2.75752341442,1.9999999494757503e-05,3.21159055426
525,2.72873928608,1.9999999494757503e-05,3.26720013211
526,2.81700425445,1.9999999494757503e-05,3.29920525424
527,2.90330498646,1.9999999494757503e-05,3.36600998676
528,2.8318918022,1.9999999494757503e-05,3.34341228386
529,2.74215250924,1.9999999494757503e-05,3.29384979057
530,2.5971362748,1.9999999494757503e-05,3.2985800839
531,2.4524067672,1.9999999494757503e-05,3.21626472823
532,2.69788672549,1.9999999494757503e-05,3.20595438909
533,2.68792564878,1.9999999494757503e-05,3.26489422853
534,2.72783515742,1.9999999494757503e-05,3.26218579979
535,2.58304127407,1.9999999494757503e-05,3.2469355845
536,2.7564538285,1.9999999494757503e-05,3.29031035763
537,2.58156216101,1.9999999494757503e-05,3.33457561627
538,3.00432390346,1.9999999494757503e-05,3.30942336307
539,3.02193443592,1.9999999494757503e-05,3.33636492454
540,2.58185522635,1.9999999494757503e-05,3.32985668656
541,3.04612427317,1.9999999494757503e-05,3.33622608128
542,2.52747593258,1.9999999494757503e-05,3.25033961735
543,2.93851629456,1.9999999494757503e-05,3.2842033037
544,2.47843914329,1.9999999494757503e-05,3.2693562862
545,2.87598675861,1.9999999494757503e-05,3.20538074237
546,2.59422117537,1.9999999494757503e-05,3.21958099575
547,2.77287645916,1.9999999494757503e-05,3.19316011119
548,2.85948390576,1.9999999494757503e-05,3.29304495634
549,2.80108571315,1.9999999494757503e-05,3.30003549391
550,3.0792327973,1.9999999494757503e-05,3.23601169971
551,2.65201097792,1.9999999494757503e-05,3.26010497751
552,2.88635415297,1.9999999494757503e-05,3.25401549004
553,2.50628780511,1.9999999494757503e-05,3.29222365504
554,2.66763741455,1.9999999494757503e-05,3.35096755785
555,2.94662063724,1.9999999494757503e-05,3.31352626332
556,2.79967508124,1.9999999494757503e-05,3.35259275436
557,2.80274231355,1.9999999494757503e-05,3.37568697848
558,2.3310248092,1.9999999494757503e-05,3.29625362684
559,2.54640675901,1.9999999494757503e-05,3.30124581839
560,2.90415033141,1.9999999494757503e-05,3.27431052632
561,2.52892383114,1.9999999494757503e-05,3.31103064966
562,2.9305983629,1.9999999494757503e-05,3.29448113415
563,2.55474109178,1.9999999494757503e-05,3.29731393839
564,2.80122929964,1.9999999494757503e-05,3.28760557382
565,2.73447750864,1.9999999494757503e-05,3.34905298857
566,2.37485448978,1.9999999494757503e-05,3.37214501029
567,2.49487187836,1.9999999494757503e-05,3.31239692384
568,3.01039623603,1.9999999494757503e-05,3.33172281059
569,2.74169730616,1.9999999494757503e-05,3.27730982164
570,2.47756266507,1.9999999494757503e-05,3.33692217322
571,2.85522315616,1.9999999494757503e-05,3.34125722502
572,2.8372117543,1.9999999494757503e-05,3.39842339195
573,2.70679432045,1.9999999494757503e-05,3.39845549679
574,2.5570803789,1.9999999494757503e-05,3.28284577347
575,2.69608859745,1.9999999494757503e-05,3.23067550203
576,2.92449904536,1.9999999494757503e-05,3.26599179784
577,2.53137325891,1.9999999494757503e-05,3.28115972601
578,2.84457193888,1.9999999494757503e-05,3.32953878376
579,2.75119587965,1.9999999494757503e-05,3.30925095874
580,3.04482401946,1.9999999494757503e-05,3.30643083518
581,2.7325989414,1.9999999494757503e-05,3.29665626954
582,2.92567676939,1.9999999494757503e-05,3.34711251722
583,2.95899535448,1.9999999494757503e-05,3.39493873449
584,2.79741473076,1.9999999494757503e-05,3.36416210175
585,2.80593306503,1.9999999494757503e-05,3.31503957984
586,2.79678698599,1.9999999494757503e-05,3.30034965757
587,2.96188117908,1.9999999494757503e-05,3.35629044492
588,2.5867811996,1.9999999494757503e-05,3.32285084156
589,2.67626040366,1.9999999494757503e-05,3.27357434375
590,2.53728273675,1.9999999494757503e-05,3.29193752642
591,2.46894547878,1.9999999494757503e-05,3.21865784924
592,2.52826293135,1.9999999494757503e-05,3.24571348516
593,2.92118999722,1.9999999494757503e-05,3.28938377783
594,2.58106321468,1.9999999494757503e-05,3.31803733674
595,2.88592418734,1.9999999494757503e-05,3.21448850604
596,2.84592119154,1.9999999494757503e-05,3.27326271945
597,2.77752617951,1.9999999494757503e-05,3.32487637443
598,2.75108324128,1.9999999494757503e-05,3.28877865698
599,2.74005525977,1.9999999494757503e-05,3.27926675219
600,2.91727703744,1.9999999494757503e-05,3.4230823274
601,2.77131851034,1.9999999494757503e-05,3.36333882372
602,2.72366450558,1.9999999494757503e-05,3.33697683409
603,2.69313928496,1.9999999494757503e-05,3.36340995619
604,3.09013651317,1.9999999494757503e-05,3.33669552969
605,2.72759250669,1.9999999494757503e-05,3.31786338396
606,2.64124800085,1.9999999494757503e-05,3.31770709978
607,2.35971546697,1.9999999494757503e-05,3.26008761047
608,2.81875774974,1.9999999494757503e-05,3.32010196348
609,2.64242255906,1.9999999494757503e-05,3.25826991769
610,3.0112618745,1.9999999494757503e-05,3.28882388095
611,2.53909974832,1.9999999494757503e-05,3.35353686352
612,2.51591829961,1.9999999494757503e-05,3.26594004642
613,2.70336268324,1.9999999494757503e-05,3.25240054903
614,2.6891733524,1.9999999494757503e-05,3.27732962562
615,2.60570441716,1.9999999494757503e-05,3.2826180029
616,2.68041845294,1.9999999494757503e-05,3.33346852168
617,2.6247971023,1.9999999494757503e-05,3.28676629035
618,2.74659758566,1.9999999494757503e-05,3.22525909881
619,2.65268993028,1.9999999494757503e-05,3.28560252206
620,2.74860541943,1.9999999494757503e-05,3.33498263083
621,2.74763059354,1.9999999494757503e-05,3.18810053421
622,2.53693930483,1.9999999494757503e-05,3.26616623037
623,2.74503458376,1.9999999494757503e-05,3.23649039998
624,2.71053701792,1.9999999494757503e-05,3.34457431554
625,2.37739257847,1.9999999494757503e-05,3.34207486862
626,2.86895555367,1.9999999494757503e-05,3.25742805528
627,2.94402793563,1.9999999494757503e-05,3.21509951437
628,2.71790421489,1.9999999494757503e-05,3.2164950864
629,2.66566289126,1.9999999494757503e-05,3.30266317995
630,2.75587779174,1.9999999494757503e-05,3.25581726695
631,2.98087683877,1.9999999494757503e-05,3.34007088465
632,2.46426649757,1.9999999494757503e-05,3.24737223534
633,2.58616352169,1.9999999494757503e-05,3.27037760718
634,2.49581978522,1.9999999494757503e-05,3.31443116298
635,2.78073023964,1.9999999494757503e-05,3.30817041148
636,2.51546473032,1.9999999494757503e-05,3.27363248436
637,2.88886538705,1.9999999494757503e-05,3.27721620145
638,2.75586654677,1.9999999494757503e-05,3.29184300017
639,2.414977878,1.9999999494757503e-05,3.32162736713
640,2.55296513253,1.9999999494757503e-05,3.31052539992
641,2.50143737409,1.9999999494757503e-05,3.35436102066
642,2.86449487567,1.9999999494757503e-05,3.38990219885
643,2.5335703097,1.9999999494757503e-05,3.33735974935
644,2.52936145762,1.9999999494757503e-05,3.27864460935
645,2.50846866898,1.9999999494757503e-05,3.3289595768
646,2.60268002203,1.9999999494757503e-05,3.28141309758
647,2.54869322026,1.9999999494757503e-05,3.334055862
648,2.70416341946,1.9999999494757503e-05,3.39639633423
649,2.81277755591,1.9999999494757503e-05,3.29023220689
650,2.47101718296,1.9999999494757503e-05,3.29953682841
651,2.41319890162,1.9999999494757503e-05,3.25199299403
652,2.52791773574,1.9999999494757503e-05,3.26059614044
653,2.86837512495,1.9999999494757503e-05,3.42994329996
654,2.95673032383,1.9999999494757503e-05,3.41404654086
655,2.96638336461,1.9999999494757503e-05,3.3732678209
656,2.85039762263,1.9999999494757503e-05,3.37567051155
657,2.6263258693,1.9999999494757503e-05,3.389206641
658,2.77512416909,1.9999999494757503e-05,3.35456443186
659,2.78062254125,1.9999999494757503e-05,3.31184915012
660,2.80165111626,1.9999999494757503e-05,3.33652647289
661,2.49117975707,1.9999999494757503e-05,3.34695725155
662,2.80442691897,1.9999999494757503e-05,3.27900522108
663,2.62704959021,1.9999999494757503e-05,3.2873043777
664,2.39758668103,1.9999999494757503e-05,3.24719086094
665,2.71550336906,1.9999999494757503e-05,3.26980630654
666,2.57215288926,1.9999999494757503e-05,3.34586469395
667,2.58753365213,1.9999999494757503e-05,3.27626139691
668,2.66374706087,1.9999999494757503e-05,3.30979219655
669,2.74559747081,1.9999999494757503e-05,3.3428568748
670,2.70770688633,1.9999999494757503e-05,3.28549441689
671,2.98691026632,1.9999999494757503e-05,3.38026384876
672,2.65257494266,1.9999999494757503e-05,3.41024508648
673,2.56562678369,1.9999999494757503e-05,3.36489900922
674,2.54396030667,1.9999999494757503e-05,3.37643023142
675,2.66805241003,1.9999999494757503e-05,3.39850562123
676,2.3570981375,1.9999999494757503e-05,3.28176088275
677,2.7633681341,1.9999999494757503e-05,3.32443969162
678,2.42141807429,1.9999999494757503e-05,3.26345938187
679,2.66015988305,1.9999999494757503e-05,3.26930907093
680,2.61223614347,1.9999999494757503e-05,3.24403476882
681,2.47512574336,1.9999999494757503e-05,3.29386990863
682,2.49428842007,1.9999999494757503e-05,3.40714870241
683,2.80827507781,1.9999999494757503e-05,3.3761013127
684,2.37193512218,1.9999999494757503e-05,3.3098258672
685,3.09290625674,1.9999999494757503e-05,3.43267966912
686,2.32540289779,1.9999999494757503e-05,3.42474624168
687,2.65128753648,1.9999999494757503e-05,3.5045307235
688,3.04081337443,1.9999999494757503e-05,3.52829543357
689,2.81840620984,1.9999999494757503e-05,3.45427939872
690,2.5720257746,1.9999999494757503e-05,3.47598769511
691,2.52942478788,1.9999999494757503e-05,3.39366780974
692,2.61011201121,1.9999999494757503e-05,3.41029011125
693,2.78432496563,1.9999999494757503e-05,3.4553752461
694,2.67372359024,1.9999999494757503e-05,3.40507467745
695,2.63564860166,1.9999999494757503e-05,3.45031155122
696,2.96870628032,1.9999999494757503e-05,3.44599562852
697,2.72943277149,1.9999999494757503e-05,3.37683078207
698,2.45750955872,1.9999999494757503e-05,3.3881188329
699,2.50399311646,1.9999999494757503e-05,3.35204918887
