epoch,loss,lr,val_loss
0,5.32813704282,0.0020000000949949026,4.04740067017
1,2.73519533969,0.0020000000949949026,3.06709043534
2,2.50420197457,0.0020000000949949026,2.74362528804
3,2.37671371752,0.0020000000949949026,2.0150674385
4,2.30010421257,0.0020000000949949026,1.98305496366
5,2.24001081512,0.0020000000949949026,2.32550464794
6,2.16740022981,0.0020000000949949026,3.03370780997
7,2.11866033244,0.0020000000949949026,2.02132787154
8,2.067549,0.0020000000949949026,1.84425267195
9,2.02299706746,0.0020000000949949026,2.10426360958
10,1.98530201267,0.0020000000949949026,1.99456359179
11,1.93863343964,0.0020000000949949026,3.1637344404
12,1.91164135842,0.0020000000949949026,2.8356339425
13,1.83128368527,0.0004000000189989805,1.6734588954
14,1.80996331417,0.0004000000189989805,1.67232397231
15,1.78467082281,0.0004000000189989805,1.75795774189
16,1.79294908786,0.0004000000189989805,1.64366090691
17,1.78172876976,0.0004000000189989805,1.67580757866
18,1.75926442333,0.0004000000189989805,1.76932319311
19,1.75936271189,0.0004000000189989805,1.74283718582
20,1.75592732557,0.0004000000189989805,1.69028876422
21,1.73621821608,8.000000525498763e-05,1.64913038456
22,1.723104433,8.000000525498763e-05,1.67315895915
23,1.72347926088,8.000000525498763e-05,1.64277596002
24,1.73209034109,8.000000525498763e-05,1.64207724774
25,1.72029616046,8.000000525498763e-05,1.67480509753
26,1.71721603487,8.000000525498763e-05,1.64700958449
27,1.71022898487,8.000000525498763e-05,1.6659184965
28,1.71231033544,8.000000525498763e-05,1.64895396966
29,1.71991690925,1.9999999494757503e-05,1.65047575004
30,1.7144435989,1.9999999494757503e-05,1.63997340246
31,1.7131817892,1.9999999494757503e-05,1.64770808674
32,1.72131698146,1.9999999494757503e-05,1.64516242083
33,1.71207439635,1.9999999494757503e-05,1.64555743369
34,1.70361612369,1.9999999494757503e-05,1.64047621152
35,1.70982614339,1.9999999494757503e-05,1.6495177986
36,1.70495830293,1.9999999494757503e-05,1.64125835197
37,1.69968078761,1.9999999494757503e-05,1.64232018754
38,1.71231247633,1.9999999494757503e-05,1.64525739963
39,1.71417559026,1.9999999494757503e-05,1.64480269567
40,1.70471091802,1.9999999494757503e-05,1.64554823842
41,1.71601406573,1.9999999494757503e-05,1.64335547175
42,1.70322464721,1.9999999494757503e-05,1.64648666312
43,1.71389848392,1.9999999494757503e-05,1.64216289284
44,1.70450962329,1.9999999494757503e-05,1.63930507152
45,1.71523322553,1.9999999494757503e-05,1.6407172348
46,1.7065207544,1.9999999494757503e-05,1.64090118434
47,1.7054494652,1.9999999494757503e-05,1.64311754747
48,1.70135408389,1.9999999494757503e-05,1.6492213513
49,1.69586156284,1.9999999494757503e-05,1.64292903872
50,1.70899504101,1.9999999494757503e-05,1.63623011855
51,1.69726106595,1.9999999494757503e-05,1.64135984711
52,1.7111072972,1.9999999494757503e-05,1.66115662248
53,1.70307516496,1.9999999494757503e-05,1.64182351797
54,1.69819213675,1.9999999494757503e-05,1.64438721549
55,1.6962417429,1.9999999494757503e-05,1.64257680627
56,1.70305557358,1.9999999494757503e-05,1.63900709938
57,1.69729205498,1.9999999494757503e-05,1.64743202161
58,1.7061525369,1.9999999494757503e-05,1.63606933141
59,1.69276694359,1.9999999494757503e-05,1.64507732112
60,1.69675870388,1.9999999494757503e-05,1.64896305795
61,1.70457700691,1.9999999494757503e-05,1.63765417875
62,1.6926690244,1.9999999494757503e-05,1.64999676799
63,1.71375233836,1.9999999494757503e-05,1.63948073405
64,1.6994496042,1.9999999494757503e-05,1.63695263251
65,1.70871985423,1.9999999494757503e-05,1.64108445007
66,1.70801925471,1.9999999494757503e-05,1.64185352553
67,1.68898759751,1.9999999494757503e-05,1.64615243564
68,1.7004540836,1.9999999494757503e-05,1.64747035984
69,1.69019441471,1.9999999494757503e-05,1.63535310585
70,1.69575092593,1.9999999494757503e-05,1.63741928361
71,1.69898674592,1.9999999494757503e-05,1.63651198433
72,1.70614030689,1.9999999494757503e-05,1.64322174381
73,1.68746887147,1.9999999494757503e-05,1.63711254544
74,1.68855604682,1.9999999494757503e-05,1.6453957562
75,1.69286160404,1.9999999494757503e-05,1.63802807017
76,1.68745948672,1.9999999494757503e-05,1.63376714196
77,1.70199949816,1.9999999494757503e-05,1.64037005194
78,1.69608705782,1.9999999494757503e-05,1.65434716647
79,1.69040840811,1.9999999494757503e-05,1.63880760591
80,1.68420671147,1.9999999494757503e-05,1.64237600674
81,1.68938190014,1.9999999494757503e-05,1.64556699052
82,1.70540273935,1.9999999494757503e-05,1.64993019418
83,1.70017565021,1.9999999494757503e-05,1.64582902302
84,1.69629461662,1.9999999494757503e-05,1.64324127842
85,1.69107712829,1.9999999494757503e-05,1.64797683295
86,1.68560250997,1.9999999494757503e-05,1.64008851497
87,1.67846778167,1.9999999494757503e-05,1.64411749901
88,1.67536096828,1.9999999494757503e-05,1.63401892858
89,1.69172286833,1.9999999494757503e-05,1.64849898623
90,1.69967100693,1.9999999494757503e-05,1.63522033814
91,1.68542863629,1.9999999494757503e-05,1.63511857489
92,1.67836664992,1.9999999494757503e-05,1.64473050636
93,1.69004868244,1.9999999494757503e-05,1.65131981032
94,1.68340936006,1.9999999494757503e-05,1.64030402222
95,1.6877578435,1.9999999494757503e-05,1.64126111911
96,1.69906722796,1.9999999494757503e-05,1.63993431797
97,1.68437612238,1.9999999494757503e-05,1.63599063145
98,1.69046641375,1.9999999494757503e-05,1.63280333398
99,1.67911231983,1.9999999494757503e-05,1.63867527443
100,1.68446725119,1.9999999494757503e-05,1.63521459426
101,1.69046323192,1.9999999494757503e-05,1.63673675017
102,1.68707661597,1.9999999494757503e-05,1.63570948573
103,1.68422791507,1.9999999494757503e-05,1.64450396679
104,1.67784204852,1.9999999494757503e-05,1.64351124991
105,1.68625956944,1.9999999494757503e-05,1.62826978942
106,1.6865580221,1.9999999494757503e-05,1.63488872759
107,1.6910055308,1.9999999494757503e-05,1.64066433601
108,1.67960494501,1.9999999494757503e-05,1.63161978879
109,1.67846869214,1.9999999494757503e-05,1.62936528262
110,1.68536635667,1.9999999494757503e-05,1.63864547735
111,1.68523649847,1.9999999494757503e-05,1.63185643757
112,1.6881558861,1.9999999494757503e-05,1.64470914257
113,1.68261182206,1.9999999494757503e-05,1.63722245946
114,1.67790248353,1.9999999494757503e-05,1.6344665206
115,1.6824474113,1.9999999494757503e-05,1.63796063788
116,1.68170090516,1.9999999494757503e-05,1.64121167738
117,1.69263032361,1.9999999494757503e-05,1.6426088989
118,1.67920693605,1.9999999494757503e-05,1.63679279731
119,1.68633467095,1.9999999494757503e-05,1.63249733815
120,1.68024384786,1.9999999494757503e-05,1.63912733614
121,1.69102667748,1.9999999494757503e-05,1.64006646605
122,1.67598048678,1.9999999494757503e-05,1.63178613815
123,1.67632121791,1.9999999494757503e-05,1.63792495107
124,1.68030950546,1.9999999494757503e-05,1.63790879887
125,1.67856719616,1.9999999494757503e-05,1.65014582196
126,1.67904507283,1.9999999494757503e-05,1.63998328111
127,1.67198918623,1.9999999494757503e-05,1.63956061519
128,1.66672892408,1.9999999494757503e-05,1.63474444941
129,1.6737958448,1.9999999494757503e-05,1.63662928059
130,1.66361621563,1.9999999494757503e-05,1.63400718974
131,1.66654834345,1.9999999494757503e-05,1.63583408564
132,1.67765304259,1.9999999494757503e-05,1.6356400723
133,1.67752719907,1.9999999494757503e-05,1.62992718063
134,1.67129272001,1.9999999494757503e-05,1.63223182544
135,1.66800867097,1.9999999494757503e-05,1.63877426748
136,1.67248448634,1.9999999494757503e-05,1.63731962508
137,1.67715345433,1.9999999494757503e-05,1.62773193588
138,1.6663543002,1.9999999494757503e-05,1.63889722466
139,1.67399865573,1.9999999494757503e-05,1.63077392596
140,1.66673982581,1.9999999494757503e-05,1.62737824367
141,1.66833153325,1.9999999494757503e-05,1.629099983
142,1.66865954067,1.9999999494757503e-05,1.63437541675
143,1.67369456194,1.9999999494757503e-05,1.6347402915
144,1.67423039427,1.9999999494757503e-05,1.63504630567
145,1.67373784759,1.9999999494757503e-05,1.6400512125
146,1.66907676614,1.9999999494757503e-05,1.63413990199
147,1.6712829633,1.9999999494757503e-05,1.63627334174
148,1.67530007655,1.9999999494757503e-05,1.62855037315
149,1.6759090796,1.9999999494757503e-05,1.63411121578
150,1.66777372742,1.9999999494757503e-05,1.63555481495
151,1.66103951804,1.9999999494757503e-05,1.63251173234
152,1.66564533245,1.9999999494757503e-05,1.64589709589
153,1.67367924469,1.9999999494757503e-05,1.63252358559
154,1.66735185132,1.9999999494757503e-05,1.63016346435
155,1.66351912614,1.9999999494757503e-05,1.62756083518
156,1.66630910208,1.9999999494757503e-05,1.63339149821
157,1.6664344281,1.9999999494757503e-05,1.64331663004
158,1.66920272781,1.9999999494757503e-05,1.6325772254
159,1.65536763793,1.9999999494757503e-05,1.63282156427
160,1.66592424176,1.9999999494757503e-05,1.63187896026
161,1.67041796582,1.9999999494757503e-05,1.63139875774
162,1.6740980619,1.9999999494757503e-05,1.63153132152
163,1.67279540202,1.9999999494757503e-05,1.62908964279
164,1.66885610357,1.9999999494757503e-05,1.63481011583
165,1.65831229203,1.9999999494757503e-05,1.62712733999
166,1.66369273881,1.9999999494757503e-05,1.6317708322
167,1.66729283884,1.9999999494757503e-05,1.63343702044
168,1.66199276436,1.9999999494757503e-05,1.63606909038
169,1.67083737638,1.9999999494757503e-05,1.63229461118
170,1.66539618049,1.9999999494757503e-05,1.62393772209
171,1.668496976,1.9999999494757503e-05,1.63787426791
172,1.6660876119,1.9999999494757503e-05,1.63829678799
173,1.66173924767,1.9999999494757503e-05,1.62695022555
174,1.66352196019,1.9999999494757503e-05,1.63362917883
175,1.66781651662,1.9999999494757503e-05,1.63013130536
176,1.66152581433,1.9999999494757503e-05,1.62812901417
177,1.66457876899,1.9999999494757503e-05,1.63347672106
178,1.65405198312,1.9999999494757503e-05,1.62723936965
179,1.65942031139,1.9999999494757503e-05,1.63201018174
180,1.66527128843,1.9999999494757503e-05,1.63561349081
181,1.65889458886,1.9999999494757503e-05,1.63048592636
182,1.65972690004,1.9999999494757503e-05,1.63521080489
183,1.66029993895,1.9999999494757503e-05,1.63152424538
184,1.65570208685,1.9999999494757503e-05,1.62600449197
185,1.6628183481,1.9999999494757503e-05,1.6312203058
186,1.66660078773,1.9999999494757503e-05,1.62987336702
187,1.64821033458,1.9999999494757503e-05,1.63132033811
188,1.66606776662,1.9999999494757503e-05,1.6315107708
189,1.6690019265,1.9999999494757503e-05,1.63183621304
190,1.6580582513,1.9999999494757503e-05,1.63333661871
191,1.65448427149,1.9999999494757503e-05,1.6332124738
192,1.65739371117,1.9999999494757503e-05,1.63032185376
193,1.65205499529,1.9999999494757503e-05,1.62412520468
194,1.65000335933,1.9999999494757503e-05,1.62874636633
195,1.65078305258,1.9999999494757503e-05,1.62469061609
196,1.6497508379,1.9999999494757503e-05,1.62835265909
197,1.66426622134,1.9999999494757503e-05,1.62729177763
198,1.64810546147,1.9999999494757503e-05,1.62409426747
199,1.65451182859,1.9999999494757503e-05,1.62319284699
200,1.65412639372,1.9999999494757503e-05,1.62872515537
201,1.64314521028,1.9999999494757503e-05,1.62894027137
202,1.6620978537,1.9999999494757503e-05,1.62446184953
203,1.65902664235,1.9999999494757503e-05,1.6301858364
204,1.64960106528,1.9999999494757503e-05,1.62719845553
205,1.65926752384,1.9999999494757503e-05,1.62489229288
206,1.64312186729,1.9999999494757503e-05,1.62854156957
207,1.64504346445,1.9999999494757503e-05,1.61810398407
208,1.64999781788,1.9999999494757503e-05,1.61764717844
209,1.64102916756,1.9999999494757503e-05,1.62734443539
210,1.65673420577,1.9999999494757503e-05,1.6262753691
211,1.64419491804,1.9999999494757503e-05,1.62798128766
212,1.64707686351,1.9999999494757503e-05,1.61866408434
213,1.65157296713,1.9999999494757503e-05,1.62711438679
214,1.64714634407,1.9999999494757503e-05,1.62353003855
215,1.6419891378,1.9999999494757503e-05,1.62587675026
216,1.66603102747,1.9999999494757503e-05,1.61880997162
217,1.65022171096,1.9999999494757503e-05,1.62752682953
218,1.65296764225,1.9999999494757503e-05,1.62753575407
219,1.65063831237,1.9999999494757503e-05,1.63054023645
220,1.64640157364,1.9999999494757503e-05,1.62708591847
221,1.65184586134,1.9999999494757503e-05,1.63014192546
222,1.64717467154,1.9999999494757503e-05,1.62537231812
223,1.64954469737,1.9999999494757503e-05,1.62959294092
224,1.65023139087,1.9999999494757503e-05,1.61821965551
225,1.65051747086,1.9999999494757503e-05,1.62533668197
226,1.64619458209,1.9999999494757503e-05,1.61531382297
227,1.64887562374,1.9999999494757503e-05,1.62687595991
228,1.65029210926,1.9999999494757503e-05,1.62369406878
229,1.64320973016,1.9999999494757503e-05,1.62684445416
230,1.64903331194,1.9999999494757503e-05,1.63308655342
231,1.64114109113,1.9999999494757503e-05,1.62257445645
232,1.64116335223,1.9999999494757503e-05,1.62564340136
233,1.65473584677,1.9999999494757503e-05,1.61794914256
234,1.64431582843,1.9999999494757503e-05,1.62175362407
235,1.65304530101,1.9999999494757503e-05,1.62815233334
236,1.64171694627,1.9999999494757503e-05,1.62564516242
237,1.64539578998,1.9999999494757503e-05,1.63179491466
238,1.64868827655,1.9999999494757503e-05,1.624468951
239,1.64186558613,1.9999999494757503e-05,1.62270107461
240,1.64506340906,1.9999999494757503e-05,1.62245960288
241,1.64785913098,1.9999999494757503e-05,1.62507248667
242,1.63973901176,1.9999999494757503e-05,1.62583195945
243,1.63841136367,1.9999999494757503e-05,1.61897949814
244,1.65130242933,1.9999999494757503e-05,1.61910695034
245,1.64828643116,1.9999999494757503e-05,1.62719549932
246,1.64828211033,1.9999999494757503e-05,1.61505993469
247,1.63961252639,1.9999999494757503e-05,1.62078584638
248,1.64104801722,1.9999999494757503e-05,1.62404684444
249,1.64754474125,1.9999999494757503e-05,1.62272947219
250,1.6377258366,1.9999999494757503e-05,1.6253703575
251,1.63198113592,1.9999999494757503e-05,1.62278754283
252,1.65099805757,1.9999999494757503e-05,1.6209876402
253,1.63753613617,1.9999999494757503e-05,1.62270491071
254,1.64495065134,1.9999999494757503e-05,1.62145208614
255,1.6427299625,1.9999999494757503e-05,1.61600422292
256,1.63975345799,1.9999999494757503e-05,1.61842842242
257,1.63193549788,1.9999999494757503e-05,1.62660530373
258,1.6279409175,1.9999999494757503e-05,1.62111987867
259,1.63072756486,1.9999999494757503e-05,1.61554031625
260,1.64451144299,1.9999999494757503e-05,1.62293807666
261,1.6419537679,1.9999999494757503e-05,1.61625832079
262,1.63595123547,1.9999999494757503e-05,1.62460344266
263,1.64452687323,1.9999999494757503e-05,1.62435591352
264,1.6357045627,1.9999999494757503e-05,1.61909336572
265,1.6252182102,1.9999999494757503e-05,1.61111523031
266,1.64454576839,1.9999999494757503e-05,1.62549318499
267,1.63622210221,1.9999999494757503e-05,1.61686290664
268,1.63629437653,1.9999999494757503e-05,1.61900154138
269,1.63554992312,1.9999999494757503e-05,1.61471996246
270,1.62514143044,1.9999999494757503e-05,1.62102333617
271,1.61849381336,1.9999999494757503e-05,1.62081179776
272,1.63122303902,1.9999999494757503e-05,1.61924170138
273,1.61949603605,1.9999999494757503e-05,1.62070371598
274,1.62560066548,1.9999999494757503e-05,1.61781786169
275,1.63378280707,1.9999999494757503e-05,1.6145905003
276,1.62946946694,1.9999999494757503e-05,1.62187158887
277,1.62925917305,1.9999999494757503e-05,1.62309651148
278,1.6302683991,1.9999999494757503e-05,1.61797536598
279,1.64288063355,1.9999999494757503e-05,1.61779800134
280,1.6330969282,1.9999999494757503e-05,1.62468885502
281,1.62009690414,1.9999999494757503e-05,1.62066735365
282,1.62794372205,1.9999999494757503e-05,1.61274802204
283,1.62109966748,1.9999999494757503e-05,1.62269461286
284,1.63364753303,1.9999999494757503e-05,1.62160111434
285,1.63058769656,1.9999999494757503e-05,1.62340632245
286,1.62651071361,1.9999999494757503e-05,1.61946651962
287,1.63026181287,1.9999999494757503e-05,1.62647334997
288,1.62991543185,1.9999999494757503e-05,1.61563039525
289,1.63430994899,1.9999999494757503e-05,1.61222352912
290,1.62341511304,1.9999999494757503e-05,1.62278260765
291,1.6290851796,1.9999999494757503e-05,1.62283603307
292,1.62173691457,1.9999999494757503e-05,1.62167947895
293,1.62250487209,1.9999999494757503e-05,1.61393604567
294,1.62694241539,1.9999999494757503e-05,1.62031344223
295,1.62019111106,1.9999999494757503e-05,1.61781353872
296,1.62160230101,1.9999999494757503e-05,1.62199475433
297,1.62778404712,1.9999999494757503e-05,1.62765645806
298,1.63470238659,1.9999999494757503e-05,1.61898601535
299,1.62470974393,1.9999999494757503e-05,1.61716837761
300,1.62285912677,1.9999999494757503e-05,1.62118706074
301,1.63046839236,1.9999999494757503e-05,1.61720612154
302,1.62452887192,1.9999999494757503e-05,1.62087230543
303,1.61827363428,1.9999999494757503e-05,1.61379738998
304,1.62388336541,1.9999999494757503e-05,1.62134996002
305,1.63686193204,1.9999999494757503e-05,1.61526692787
306,1.62987769717,1.9999999494757503e-05,1.61512159821
307,1.63056647494,1.9999999494757503e-05,1.61618629218
308,1.61952122755,1.9999999494757503e-05,1.61365384278
309,1.63513779428,1.9999999494757503e-05,1.62673150445
310,1.61929016686,1.9999999494757503e-05,1.61092493517
311,1.62237047262,1.9999999494757503e-05,1.61289024964
312,1.62202596454,1.9999999494757503e-05,1.61825449432
313,1.62617667281,1.9999999494757503e-05,1.61241216756
314,1.60470942274,1.9999999494757503e-05,1.61308777289
315,1.62378032247,1.9999999494757503e-05,1.61217140016
316,1.62159862427,1.9999999494757503e-05,1.61016825005
317,1.61673778553,1.9999999494757503e-05,1.61158450838
318,1.62442356953,1.9999999494757503e-05,1.62211534916
319,1.6250491718,1.9999999494757503e-05,1.61577322981
320,1.62824620117,1.9999999494757503e-05,1.61892816654
321,1.62039108316,1.9999999494757503e-05,1.61710244133
322,1.61687190854,1.9999999494757503e-05,1.61558246176
323,1.61876300264,1.9999999494757503e-05,1.61366526155
324,1.61558644621,1.9999999494757503e-05,1.63575925975
325,1.61587706465,1.9999999494757503e-05,1.61540994496
326,1.62195031946,1.9999999494757503e-05,1.60948935708
327,1.62205590563,1.9999999494757503e-05,1.62096129101
328,1.61971848795,1.9999999494757503e-05,1.61335389649
329,1.61968850591,1.9999999494757503e-05,1.61741138771
330,1.61674328557,1.9999999494757503e-05,1.61821232785
331,1.61793075132,1.9999999494757503e-05,1.61034753995
332,1.61679923743,1.9999999494757503e-05,1.61663796526
333,1.6144315649,1.9999999494757503e-05,1.61928430363
334,1.62324834716,1.9999999494757503e-05,1.61379392418
335,1.60639277345,1.9999999494757503e-05,1.61156026086
336,1.61442657862,1.9999999494757503e-05,1.61203279731
337,1.61458767,1.9999999494757503e-05,1.60862102089
338,1.61177209642,1.9999999494757503e-05,1.61617508651
339,1.61236863817,1.9999999494757503e-05,1.61300971482
340,1.61493713382,1.9999999494757503e-05,1.61884647979
341,1.61455993059,1.9999999494757503e-05,1.61359145833
342,1.61343843512,1.9999999494757503e-05,1.60631815287
343,1.60574151253,1.9999999494757503e-05,1.61543460469
344,1.61370116098,1.9999999494757503e-05,1.61172453431
345,1.60949327932,1.9999999494757503e-05,1.61033312567
346,1.61485227544,1.9999999494757503e-05,1.61828619526
347,1.6171251109,1.9999999494757503e-05,1.60847580127
348,1.62242841361,1.9999999494757503e-05,1.61466871862
349,1.61717758629,1.9999999494757503e-05,1.60547292669
350,1.61524630676,1.9999999494757503e-05,1.61203658493
351,1.61546833422,1.9999999494757503e-05,1.61250412115
352,1.6106203434,1.9999999494757503e-05,1.61704908404
353,1.60533053248,1.9999999494757503e-05,1.61306910419
354,1.61492287986,1.9999999494757503e-05,1.60762035803
355,1.6062308617,1.9999999494757503e-05,1.61799339715
356,1.61125951257,1.9999999494757503e-05,1.61166078704
357,1.60775507067,1.9999999494757503e-05,1.61099659567
358,1.62127134691,1.9999999494757503e-05,1.61734465365
359,1.61313632161,1.9999999494757503e-05,1.61464147952
360,1.61226276967,1.9999999494757503e-05,1.61246650778
361,1.5980236644,1.9999999494757503e-05,1.61220532503
362,1.60846880039,1.9999999494757503e-05,1.61400566302
363,1.60756505588,1.9999999494757503e-05,1.60267105688
364,1.60716762916,1.9999999494757503e-05,1.60993278987
365,1.60920461532,1.9999999494757503e-05,1.60764304011
366,1.60761678253,1.9999999494757503e-05,1.6078804417
367,1.60761789967,1.9999999494757503e-05,1.60793038908
368,1.60314004462,1.9999999494757503e-05,1.60523631896
369,1.6032276775,1.9999999494757503e-05,1.6161128824
370,1.60899050064,1.9999999494757503e-05,1.60854659762
371,1.60628231429,1.9999999494757503e-05,1.60579357304
372,1.60404073679,1.9999999494757503e-05,1.6035532244
373,1.61102725304,1.9999999494757503e-05,1.59965934553
374,1.60012223937,1.9999999494757503e-05,1.60511011824
375,1.60865556696,1.9999999494757503e-05,1.60737967185
376,1.60977621478,1.9999999494757503e-05,1.61501207238
377,1.62091933246,1.9999999494757503e-05,1.60800789084
378,1.60126302935,1.9999999494757503e-05,1.602482287
379,1.60138971598,1.9999999494757503e-05,1.60240980077
380,1.60849831057,1.9999999494757503e-05,1.61068026661
381,1.59782141529,1.9999999494757503e-05,1.60831472376
382,1.60190589593,1.9999999494757503e-05,1.60523001746
383,1.60380528755,1.9999999494757503e-05,1.60745622867
384,1.60548670787,1.9999999494757503e-05,1.60850069724
385,1.60051047836,1.9999999494757503e-05,1.6059405057
386,1.60305842547,1.9999999494757503e-05,1.60809395732
387,1.60436481182,1.9999999494757503e-05,1.6064041163
388,1.59878909579,1.9999999494757503e-05,1.60784837702
389,1.60624772679,1.9999999494757503e-05,1.60502484474
390,1.59395267991,1.9999999494757503e-05,1.60120862788
391,1.59734669198,1.9999999494757503e-05,1.60657930505
392,1.60412535611,1.9999999494757503e-05,1.60926118395
393,1.59885715257,1.9999999494757503e-05,1.61004914469
394,1.59648348641,1.9999999494757503e-05,1.61066415546
395,1.58848190298,1.9999999494757503e-05,1.60702961705
396,1.60010348888,1.9999999494757503e-05,1.60023291993
397,1.60005022997,1.9999999494757503e-05,1.60283973758
398,1.60228688714,1.9999999494757503e-05,1.6005972602
399,1.60154083296,1.9999999494757503e-05,1.60148015695
400,1.60304765182,1.9999999494757503e-05,1.60475014854
401,1.60497733313,1.9999999494757503e-05,1.60831859086
402,1.59921194158,1.9999999494757503e-05,1.60434954114
403,1.59791888582,1.9999999494757503e-05,1.60753303963
404,1.59810804542,1.9999999494757503e-05,1.60548280403
405,1.59775351785,1.9999999494757503e-05,1.61731322737
406,1.60517301985,1.9999999494757503e-05,1.61378352197
407,1.60275315811,1.9999999494757503e-05,1.60659572144
408,1.59265960765,1.9999999494757503e-05,1.60921358058
409,1.58879848489,1.9999999494757503e-05,1.60738548778
410,1.59507433863,1.9999999494757503e-05,1.6033960428
411,1.59508989592,1.9999999494757503e-05,1.60245739147
412,1.5828189417,1.9999999494757503e-05,1.60087439909
413,1.59399213937,1.9999999494757503e-05,1.60438361753
414,1.59717059836,1.9999999494757503e-05,1.60079023602
415,1.60946623395,1.9999999494757503e-05,1.60942116893
416,1.5941951934,1.9999999494757503e-05,1.60197205028
417,1.59557079288,1.9999999494757503e-05,1.60017722692
418,1.59038361626,1.9999999494757503e-05,1.59903238108
419,1.59861369494,1.9999999494757503e-05,1.59979750429
420,1.58129799719,1.9999999494757503e-05,1.60585676357
421,1.58786699595,1.9999999494757503e-05,1.60811623811
422,1.59682966929,1.9999999494757503e-05,1.60312664814
423,1.59444751363,1.9999999494757503e-05,1.59636769758
424,1.58944126274,1.9999999494757503e-05,1.59795224492
425,1.59475301165,1.9999999494757503e-05,1.59709826188
426,1.58354312894,1.9999999494757503e-05,1.60297810857
427,1.59146003049,1.9999999494757503e-05,1.60184664735
428,1.58444129784,1.9999999494757503e-05,1.60130125131
429,1.58568263139,1.9999999494757503e-05,1.60250987194
430,1.58649363239,1.9999999494757503e-05,1.60170736374
431,1.59297310397,1.9999999494757503e-05,1.60655885695
432,1.57736991269,1.9999999494757503e-05,1.59263242688
433,1.5886187578,1.9999999494757503e-05,1.5954339299
434,1.59135512497,1.9999999494757503e-05,1.59637069571
435,1.58710565366,1.9999999494757503e-05,1.60583550546
436,1.59585475444,1.9999999494757503e-05,1.60519954617
437,1.59754280941,1.9999999494757503e-05,1.59688222452
438,1.58800012752,1.9999999494757503e-05,1.60174156633
439,1.59823700853,1.9999999494757503e-05,1.59722852358
440,1.59845322022,1.9999999494757503e-05,1.5981487813
441,1.59017052579,1.9999999494757503e-05,1.59850225038
442,1.58775048825,1.9999999494757503e-05,1.59903626171
443,1.59267245844,1.9999999494757503e-05,1.59754478844
444,1.58391548482,1.9999999494757503e-05,1.5972876933
445,1.58544846303,1.9999999494757503e-05,1.60301253123
446,1.5877397032,1.9999999494757503e-05,1.59674883063
447,1.59141718252,1.9999999494757503e-05,1.59423842186
448,1.57986529056,1.9999999494757503e-05,1.60260467957
449,1.58362593219,1.9999999494757503e-05,1.58991228923
450,1.59400923905,1.9999999494757503e-05,1.59684141084
451,1.58108985631,1.9999999494757503e-05,1.59836931019
452,1.58546193975,1.9999999494757503e-05,1.59263901571
453,1.57803384217,1.9999999494757503e-05,1.59677809324
454,1.58466075885,1.9999999494757503e-05,1.59401347873
455,1.59560212474,1.9999999494757503e-05,1.59748355111
456,1.57407368311,1.9999999494757503e-05,1.59605125761
457,1.58546746702,1.9999999494757503e-05,1.60074893415
458,1.5887307263,1.9999999494757503e-05,1.60032886682
459,1.57407122216,1.9999999494757503e-05,1.59821006798
460,1.58993471742,1.9999999494757503e-05,1.59110338522
461,1.57842655881,1.9999999494757503e-05,1.59909307957
462,1.59054863792,1.9999999494757503e-05,1.60367422401
463,1.58445926265,1.9999999494757503e-05,1.59489125035
464,1.57314509315,1.9999999494757503e-05,1.59662494817
465,1.57802854965,1.9999999494757503e-05,1.60462789963
466,1.57472203183,1.9999999494757503e-05,1.60291503594
467,1.58841777032,1.9999999494757503e-05,1.596567381
468,1.5742745247,1.9999999494757503e-05,1.5865861732
469,1.57048041435,1.9999999494757503e-05,1.60176652211
470,1.57840151176,1.9999999494757503e-05,1.59267214148
471,1.58388700675,1.9999999494757503e-05,1.596005507
472,1.5796596864,1.9999999494757503e-05,1.59511271676
473,1.5878785051,1.9999999494757503e-05,1.6011313379
474,1.57634641499,1.9999999494757503e-05,1.58968363577
475,1.57351375839,1.9999999494757503e-05,1.59200406948
476,1.57209584474,1.9999999494757503e-05,1.59034769745
477,1.57203000271,1.9999999494757503e-05,1.59201670523
478,1.57722367181,1.9999999494757503e-05,1.58987639763
479,1.57708171084,1.9999999494757503e-05,1.59365356449
480,1.57593431685,1.9999999494757503e-05,1.59562082518
481,1.56294546255,1.9999999494757503e-05,1.58967559635
482,1.58162775145,1.9999999494757503e-05,1.59176670457
483,1.57128253886,1.9999999494757503e-05,1.59749025128
484,1.58116883255,1.9999999494757503e-05,1.59462467611
485,1.57897204657,1.9999999494757503e-05,1.59341575724
486,1.56453638068,1.9999999494757503e-05,1.58968299474
487,1.57104114732,1.9999999494757503e-05,1.5873770347
488,1.57928623553,1.9999999494757503e-05,1.58904502156
489,1.57272232264,1.9999999494757503e-05,1.59416830976
490,1.57056166032,1.9999999494757503e-05,1.59747244849
491,1.57378340652,1.9999999494757503e-05,1.5914070187
492,1.56853064556,1.9999999494757503e-05,1.59201828639
493,1.56216146604,1.9999999494757503e-05,1.58874679529
494,1.5638875125,1.9999999494757503e-05,1.58862981124
495,1.57060404166,1.9999999494757503e-05,1.58915207936
496,1.56639170607,1.9999999494757503e-05,1.58973531278
497,1.57411193589,1.9999999494757503e-05,1.58905090648
498,1.55638707435,1.9999999494757503e-05,1.58977897438
499,1.56469032944,1.9999999494757503e-05,1.58865940483
500,1.57308558784,1.9999999494757503e-05,1.59062560399
501,1.57033525852,1.9999999494757503e-05,1.58920891643
502,1.56530490713,1.9999999494757503e-05,1.59684488276
503,1.5697667081,1.9999999494757503e-05,1.5879737047
504,1.56364525735,1.9999999494757503e-05,1.58198853596
505,1.56235986209,1.9999999494757503e-05,1.58582987453
506,1.55641186238,1.9999999494757503e-05,1.59736846218
507,1.561821291,1.9999999494757503e-05,1.59000881644
508,1.56615268773,1.9999999494757503e-05,1.58895478231
509,1.56931116669,1.9999999494757503e-05,1.58697892633
510,1.56600205869,1.9999999494757503e-05,1.58825680188
511,1.56153127106,1.9999999494757503e-05,1.58177080609
512,1.55563917039,1.9999999494757503e-05,1.5924182353
513,1.55994741296,1.9999999494757503e-05,1.58480609992
514,1.55555521612,1.9999999494757503e-05,1.58661612705
515,1.56080379718,1.9999999494757503e-05,1.58425882753
516,1.5599412435,1.9999999494757503e-05,1.59282143823
517,1.55825387403,1.9999999494757503e-05,1.5799643941
518,1.55695892331,1.9999999494757503e-05,1.58287659102
519,1.5631128138,1.9999999494757503e-05,1.58302994132
520,1.55701470075,1.9999999494757503e-05,1.58276849396
521,1.56114093396,1.9999999494757503e-05,1.58386482555
522,1.5650406724,1.9999999494757503e-05,1.59014994539
523,1.56629798361,1.9999999494757503e-05,1.58593298926
524,1.5614997193,1.9999999494757503e-05,1.59047402436
525,1.55233583898,1.9999999494757503e-05,1.58698447764
526,1.55488116745,1.9999999494757503e-05,1.58576995244
527,1.56240037635,1.9999999494757503e-05,1.58425665033
528,1.55543036853,1.9999999494757503e-05,1.58423877417
529,1.55682813759,1.9999999494757503e-05,1.58772151811
530,1.54694730476,1.9999999494757503e-05,1.58953661447
531,1.56162727077,1.9999999494757503e-05,1.58286289985
532,1.55195289556,1.9999999494757503e-05,1.58304197229
533,1.55686642997,1.9999999494757503e-05,1.58318424312
534,1.54831002432,1.9999999494757503e-05,1.58248505619
535,1.54936648386,1.9999999494757503e-05,1.59219045779
536,1.54979858426,1.9999999494757503e-05,1.58425981789
537,1.55504275169,1.9999999494757503e-05,1.58519339998
538,1.54853122764,1.9999999494757503e-05,1.59036591682
539,1.54788514688,1.9999999494757503e-05,1.58449553832
540,1.55631277244,1.9999999494757503e-05,1.58218296413
541,1.55199750491,1.9999999494757503e-05,1.57841424802
542,1.54968632088,1.9999999494757503e-05,1.58214061644
543,1.54613095925,1.9999999494757503e-05,1.58794437442
544,1.55487909642,1.9999999494757503e-05,1.58314601842
545,1.55119291416,1.9999999494757503e-05,1.58686411075
546,1.54237086518,1.9999999494757503e-05,1.58377915206
547,1.54402698607,1.9999999494757503e-05,1.58174732491
548,1.54620053124,1.9999999494757503e-05,1.57998388853
549,1.5329854191,1.9999999494757503e-05,1.58185282557
550,1.54213993802,1.9999999494757503e-05,1.58073294949
551,1.54414787504,1.9999999494757503e-05,1.57861169791
552,1.54469199284,1.9999999494757503e-05,1.58540283935
553,1.54556679066,1.9999999494757503e-05,1.58042924657
554,1.54452418252,1.9999999494757503e-05,1.58409924079
555,1.54336586729,1.9999999494757503e-05,1.58373903661
556,1.5392216803,1.9999999494757503e-05,1.57764206788
557,1.5481709228,1.9999999494757503e-05,1.58108759145
558,1.54279263336,1.9999999494757503e-05,1.57731823083
559,1.54402093792,1.9999999494757503e-05,1.58685801667
560,1.53984508384,1.9999999494757503e-05,1.58339763081
561,1.54258837131,1.9999999494757503e-05,1.58427269468
562,1.54057979619,1.9999999494757503e-05,1.58525060123
563,1.5414156653,1.9999999494757503e-05,1.5823727999
564,1.54063204654,1.9999999494757503e-05,1.58397173838
565,1.54208116654,1.9999999494757503e-05,1.58190016781
566,1.53755781251,1.9999999494757503e-05,1.58279413662
567,1.53793792513,1.9999999494757503e-05,1.57815853362
568,1.54153833615,1.9999999494757503e-05,1.58208975643
569,1.53657428385,1.9999999494757503e-05,1.58100364715
570,1.53864011283,1.9999999494757503e-05,1.57973441274
571,1.53572505366,1.9999999494757503e-05,1.58565264176
572,1.53806792632,1.9999999494757503e-05,1.57759512344
573,1.54315770412,1.9999999494757503e-05,1.58435456831
574,1.53483267987,1.9999999494757503e-05,1.5868593533
575,1.53927022352,1.9999999494757503e-05,1.57966712587
576,1.53621052819,1.9999999494757503e-05,1.57995657126
577,1.5306535959,1.9999999494757503e-05,1.57985797863
578,1.53481319452,1.9999999494757503e-05,1.5859020813
579,1.54484431004,1.9999999494757503e-05,1.58439114024
580,1.53732812773,1.9999999494757503e-05,1.57907102047
581,1.53455605327,1.9999999494757503e-05,1.58205111166
582,1.53188216303,1.9999999494757503e-05,1.58269652779
583,1.52877436766,1.9999999494757503e-05,1.57816720533
584,1.5337882611,1.9999999494757503e-05,1.58333221373
585,1.53380989878,1.9999999494757503e-05,1.58407902718
586,1.53092231599,1.9999999494757503e-05,1.57389880144
587,1.53190686129,1.9999999494757503e-05,1.58273366956
588,1.53370799773,1.9999999494757503e-05,1.57911342885
589,1.53602252356,1.9999999494757503e-05,1.58246298675
590,1.53162630246,1.9999999494757503e-05,1.57800036036
591,1.53940120624,1.9999999494757503e-05,1.57659154847
592,1.52426619979,1.9999999494757503e-05,1.57584181985
593,1.53763037605,1.9999999494757503e-05,1.57806021739
594,1.52427751675,1.9999999494757503e-05,1.58051669074
595,1.53593695148,1.9999999494757503e-05,1.57862742131
596,1.52453143647,1.9999999494757503e-05,1.5836393986
597,1.52464181136,1.9999999494757503e-05,1.58090636669
598,1.52655785744,1.9999999494757503e-05,1.57752548557
599,1.53191312021,1.9999999494757503e-05,1.57213807237
